<?xml version="1.0" encoding="UTF-8"?>
<testsuite name="com.amazon.androidframework.test.android.AmazonHomePageTest" tests="3" skipped="0" failures="1" errors="0" timestamp="2019-02-08T09:40:19" hostname="in-Akashgupta.local" time="274.878">
  <properties/>
  <testcase name="searchProductWithoutSignIn" classname="com.amazon.androidframework.test.android.AmazonHomePageTest" time="25.646"/>
  <testcase name="checkSearchProduct" classname="com.amazon.androidframework.test.android.AmazonHomePageTest" time="116.452">
    <failure message="org.openqa.selenium.TimeoutException: Expected condition failed: waiting for visibility of Proxy element for: DefaultElementLocator 'By.id: ap_password' (tried for 20 second(s) with 500 milliseconds interval)" type="org.openqa.selenium.TimeoutException">org.openqa.selenium.TimeoutException: Expected condition failed: waiting for visibility of Proxy element for: DefaultElementLocator 'By.id: ap_password' (tried for 20 second(s) with 500 milliseconds interval)
	at org.openqa.selenium.support.ui.WebDriverWait.timeoutException(WebDriverWait.java:95)
	at org.openqa.selenium.support.ui.FluentWait.until(FluentWait.java:272)
	at com.amazon.androidframework.pages.base.AndroidBasePage.waitVisibilityOf(AndroidBasePage.java:26)
	at com.amazon.androidframework.pages.android.AmazonLoginPage.login(AmazonLoginPage.java:182)
	at com.amazon.androidframework.test.android.AmazonHomePageTest.checkSearchProduct(AmazonHomePageTest.java:26)
	at sun.reflect.NativeMethodAccessorImpl.invoke0(Native Method)
	at sun.reflect.NativeMethodAccessorImpl.invoke(NativeMethodAccessorImpl.java:62)
	at sun.reflect.DelegatingMethodAccessorImpl.invoke(DelegatingMethodAccessorImpl.java:43)
	at java.lang.reflect.Method.invoke(Method.java:498)
	at org.testng.internal.MethodInvocationHelper.invokeMethod(MethodInvocationHelper.java:124)
	at org.testng.internal.Invoker.invokeMethod(Invoker.java:583)
	at org.testng.internal.Invoker.invokeTestMethod(Invoker.java:719)
	at org.testng.internal.Invoker.invokeTestMethods(Invoker.java:989)
	at org.testng.internal.TestMethodWorker.invokeTestMethods(TestMethodWorker.java:125)
	at org.testng.internal.TestMethodWorker.run(TestMethodWorker.java:109)
	at java.util.concurrent.ThreadPoolExecutor.runWorker(ThreadPoolExecutor.java:1149)
	at java.util.concurrent.ThreadPoolExecutor$Worker.run(ThreadPoolExecutor.java:624)
	at java.lang.Thread.run(Thread.java:748)
Caused by: org.openqa.selenium.NoSuchElementException: An element could not be located on the page using the given search parameters. (WARNING: The server did not provide any stacktrace information)
Command duration or timeout: 0 milliseconds
For documentation on this error, please visit: https://www.seleniumhq.org/exceptions/no_such_element.html
Build info: version: '3.141.59', revision: 'e82be7d358', time: '2018-11-14T08:17:03'
System info: host: 'in-Akashgupta.local', ip: '192.168.1.57', os.name: 'Mac OS X', os.arch: 'x86_64', os.version: '10.14.3', java.version: '1.8.0_202-ea'
Driver info: io.appium.java_client.AppiumDriver
Capabilities {appActivity: com.amazon.mShop.home.HomeA..., appPackage: in.amazon.mShop.android.sho..., appium version: 6.1, automationName: UiAutomator, databaseEnabled: false, desired: {appActivity: com.amazon.mShop.home.HomeA..., appPackage: in.amazon.mShop.android.sho..., appium version: 6.1, automationName: UiAutomator, deviceName: 2a2d916, platformName: Android}, deviceManufacturer: HUAWEI, deviceModel: BLN-L22, deviceName: A2QDU17616001089, deviceScreenSize: 1080x1920, deviceUDID: A2QDU17616001089, javascriptEnabled: true, locationContextEnabled: false, networkConnectionEnabled: true, platform: LINUX, platformName: LINUX, platformVersion: 7.0, takesScreenshot: true, warnings: {}, webStorageEnabled: false}
Session ID: 202263b2-350d-40f3-b498-6a8d9e4a28e4
*** Element info: {Using=id, value=ap_password}
	at sun.reflect.NativeConstructorAccessorImpl.newInstance0(Native Method)
	at sun.reflect.NativeConstructorAccessorImpl.newInstance(NativeConstructorAccessorImpl.java:62)
	at sun.reflect.DelegatingConstructorAccessorImpl.newInstance(DelegatingConstructorAccessorImpl.java:45)
	at java.lang.reflect.Constructor.newInstance(Constructor.java:423)
	at org.openqa.selenium.remote.ErrorHandler.createThrowable(ErrorHandler.java:214)
	at org.openqa.selenium.remote.ErrorHandler.throwIfResponseFailed(ErrorHandler.java:166)
	at org.openqa.selenium.remote.http.JsonHttpResponseCodec.reconstructValue(JsonHttpResponseCodec.java:40)
	at org.openqa.selenium.remote.http.AbstractHttpResponseCodec.decode(AbstractHttpResponseCodec.java:80)
	at org.openqa.selenium.remote.http.AbstractHttpResponseCodec.decode(AbstractHttpResponseCodec.java:44)
	at org.openqa.selenium.remote.HttpCommandExecutor.execute(HttpCommandExecutor.java:158)
	at io.appium.java_client.remote.AppiumCommandExecutor.execute(AppiumCommandExecutor.java:239)
	at org.openqa.selenium.remote.RemoteWebDriver.execute(RemoteWebDriver.java:552)
	at io.appium.java_client.DefaultGenericMobileDriver.execute(DefaultGenericMobileDriver.java:42)
	at io.appium.java_client.AppiumDriver.execute(AppiumDriver.java:1)
	at org.openqa.selenium.remote.RemoteWebDriver.findElement(RemoteWebDriver.java:323)
	at io.appium.java_client.DefaultGenericMobileDriver.findElement(DefaultGenericMobileDriver.java:62)
	at io.appium.java_client.AppiumDriver.findElement(AppiumDriver.java:1)
	at org.openqa.selenium.remote.RemoteWebDriver.findElementById(RemoteWebDriver.java:372)
	at io.appium.java_client.DefaultGenericMobileDriver.findElementById(DefaultGenericMobileDriver.java:70)
	at io.appium.java_client.AppiumDriver.findElementById(AppiumDriver.java:1)
	at org.openqa.selenium.By$ById.findElement(By.java:188)
	at org.openqa.selenium.remote.RemoteWebDriver.findElement(RemoteWebDriver.java:315)
	at io.appium.java_client.DefaultGenericMobileDriver.findElement(DefaultGenericMobileDriver.java:58)
	at io.appium.java_client.AppiumDriver.findElement(AppiumDriver.java:1)
	at org.openqa.selenium.support.pagefactory.DefaultElementLocator.findElement(DefaultElementLocator.java:69)
	at org.openqa.selenium.support.pagefactory.internal.LocatingElementHandler.invoke(LocatingElementHandler.java:38)
	at com.sun.proxy.$Proxy13.isDisplayed(Unknown Source)
	at org.openqa.selenium.support.ui.ExpectedConditions.elementIfVisible(ExpectedConditions.java:314)
	at org.openqa.selenium.support.ui.ExpectedConditions.access$000(ExpectedConditions.java:43)
	at org.openqa.selenium.support.ui.ExpectedConditions$10.apply(ExpectedConditions.java:300)
	at org.openqa.selenium.support.ui.ExpectedConditions$10.apply(ExpectedConditions.java:297)
	at org.openqa.selenium.support.ui.FluentWait.until(FluentWait.java:249)
	... 16 more
</failure>
  </testcase>
  <testcase name="checkAction_bar" classname="com.amazon.androidframework.test.android.AmazonHomePageTest" time="49.92"/>
  <system-out><![CDATA[before class
?[35m[HTTP]?[39m ?[37m-->?[39m ?[37mPOST?[39m ?[37m/wd/hub/session?[39m
?[35m[HTTP]?[39m ?[90m{"desiredCapabilities":{"appActivity":"com.amazon.mShop.home.HomeActivity","appPackage":"in.amazon.mShop.android.shopping","appium version":"6.1","automationName":"UiAutomator","platformName":"Android","deviceName":"2a2d916"},"capabilities":{"firstMatch":[{"appium:appActivity":"com.amazon.mShop.home.HomeActivity","appium:appPackage":"in.amazon.mShop.android.shopping","appium version":"6.1","appium:automationName":"UiAutomator","appium:deviceName":"2a2d916","platformName":"android"}]}}?[39m
[debug] ?[35m[W3C]?[39m Calling AppiumDriver.createSession() with args: [{"appActivity":"com.amazon.mShop.home.HomeActivity","appPackage":"in.amazon.mShop.android.shopping","appium version":"6.1","automationName":"UiAutomator","platformName":"Android","deviceName":"2a2d916"},null,{"firstMatch":[{"appium:appActivity":"com.amazon.mShop.home.HomeActivity","appium:appPackage":"in.amazon.mShop.android.shopping","appium version":"6.1","appium:automationName":"UiAutomator","appium:deviceName":"2a2d916","platformName":"android"}]}]
[debug] ?[35m[BaseDriver]?[39m Event 'newSessionRequested' logged at 1549618809177 (15:10:09 GMT+0530 (IST))
?[35m[BaseDriver]?[39m The capabilities ["appium version"] are not standard capabilities and should have an extension prefix
?[35m[Appium]?[39m Could not parse W3C capabilities: 'automationName' UiAutomator not part of Appium,Selendroid,UiAutomator2,XCUITest,YouiEngine,Espresso,Tizen,Fake
?[35m[Appium]?[39m Trying to fix W3C capabilities by merging them with JSONWP caps
?[35m[BaseDriver]?[39m The capabilities ["appium version","appActivity","appPackage","automationName","deviceName"] are not standard capabilities and should have an extension prefix
?[35m[Appium]?[39m Could not parse fixed W3C capabilities: 'automationName' UiAutomator not part of Appium,Selendroid,UiAutomator2,XCUITest,YouiEngine,Espresso,Tizen,Fake. Falling back to JSONWP protocol
?[35m[Appium]?[39m Creating new AndroidDriver (v4.7.0) session
?[35m[Appium]?[39m Capabilities:
?[35m[Appium]?[39m   appActivity: com.amazon.mShop.home.HomeActivity
?[35m[Appium]?[39m   appPackage: in.amazon.mShop.android.shopping
?[35m[Appium]?[39m   appium version: 6.1
?[35m[Appium]?[39m   automationName: UiAutomator
?[35m[Appium]?[39m   platformName: Android
?[35m[Appium]?[39m   deviceName: 2a2d916
?[35m[Appium]?[39m Session override is on. Deleting other 1 active session.
?[35m[Appium]?[39m Removing session 02116149-8be2-44f4-87e0-c3820188c31e from our master session list
[debug] ?[35m[AndroidDriver]?[39m Shutting down Android driver
[debug] ?[35m[ADB]?[39m Running '/Users/akash.gupta/Library/Android/sdk/platform-tools/adb -P 5037 -s A2QDU17616001089 shell am force-stop in.amazon.mShop.android.shopping'
[debug] ?[35m[ADB]?[39m Pressing the HOME button
[debug] ?[35m[ADB]?[39m Running '/Users/akash.gupta/Library/Android/sdk/platform-tools/adb -P 5037 -s A2QDU17616001089 shell input keyevent 3'
[debug] ?[35m[AndroidBootstrap]?[39m Sending command to android: {"cmd":"shutdown"}
[debug] ?[35m[AndroidBootstrap]?[39m [BOOTSTRAP LOG] [debug] Got data from client: {"cmd":"shutdown"}
[debug] ?[35m[AndroidBootstrap]?[39m [BOOTSTRAP LOG] [debug] Got command of type SHUTDOWN
[debug] ?[35m[AndroidBootstrap]?[39m [BOOTSTRAP LOG] [debug] Returning result: {"status":0,"value":"OK, shutting down"}
[debug] ?[35m[AndroidBootstrap]?[39m Received command result from bootstrap
[debug] ?[35m[UiAutomator]?[39m Shutting down UiAutomator
[debug] ?[35m[UiAutomator]?[39m Moving to state 'stopping'
[debug] ?[35m[AndroidBootstrap]?[39m [BOOTSTRAP LOG] [debug] Closed client connection
[debug] ?[35m[AndroidBootstrap]?[39m [UIAUTO STDOUT] INSTRUMENTATION_STATUS: numtests=1
[debug] ?[35m[AndroidBootstrap]?[39m [UIAUTO STDOUT] INSTRUMENTATION_STATUS: stream=.
[debug] ?[35m[AndroidBootstrap]?[39m [UIAUTO STDOUT] INSTRUMENTATION_STATUS: id=UiAutomatorTestRunner
[debug] ?[35m[AndroidBootstrap]?[39m [UIAUTO STDOUT] INSTRUMENTATION_STATUS: test=testRunServer
[debug] ?[35m[AndroidBootstrap]?[39m [UIAUTO STDOUT] INSTRUMENTATION_STATUS: class=io.appium.android.bootstrap.Bootstrap
[debug] ?[35m[AndroidBootstrap]?[39m [UIAUTO STDOUT] INSTRUMENTATION_STATUS: current=1
[debug] ?[35m[AndroidBootstrap]?[39m [UIAUTO STDOUT] INSTRUMENTATION_STATUS_CODE: 0
[debug] ?[35m[UiAutomator]?[39m UiAutomator shut down normally
[debug] ?[35m[UiAutomator]?[39m Moving to state 'stopped'
[debug] ?[35m[ADB]?[39m Attempting to kill all uiautomator processes
[debug] ?[35m[ADB]?[39m Getting all processes with uiautomator
[debug] ?[35m[ADB]?[39m Running '/Users/akash.gupta/Library/Android/sdk/platform-tools/adb -P 5037 -s A2QDU17616001089 shell ps'
?[35m[ADB]?[39m No 'uiautomator' process has been found
[debug] ?[35m[UiAutomator]?[39m Moving to state 'stopped'
[debug] ?[35m[Logcat]?[39m Stopping logcat capture
[debug] ?[35m[ADB]?[39m Running '/Users/akash.gupta/Library/Android/sdk/platform-tools/adb -P 5037 -s A2QDU17616001089 shell am force-stop io.appium.unlock'
[debug] ?[35m[AndroidDriver]?[39m Not cleaning generated files. Add `clearSystemFiles` capability if wanted.
[debug] ?[35m[BaseDriver]?[39m Creating session with MJSONWP desired capabilities: {"appActivity":"com.amazon....
?[35m[BaseDriver]?[39m The following capabilities were provided, but are not recognized by appium: appium version.
?[35m[BaseDriver]?[39m Session created with session id: c2eea5ef-0593-44fa-be97-c69b599fb473
?[35m[AndroidDriver]?[39m Java version is: 1.8.0_202-ea
?[35m[AndroidDriver]?[39m Retrieving device list
[debug] ?[35m[ADB]?[39m Trying to find a connected android device
[debug] ?[35m[ADB]?[39m Getting connected devices...
[debug] ?[35m[ADB]?[39m 2 device(s) connected
?[35m[AndroidDriver]?[39m Using device: A2QDU17616001089
[debug] ?[35m[ADB]?[39m Setting device id to A2QDU17616001089
[debug] ?[35m[ADB]?[39m Running '/Users/akash.gupta/Library/Android/sdk/platform-tools/adb -P 5037 -s A2QDU17616001089 shell getprop ro.build.version.sdk'
[debug] ?[35m[ADB]?[39m Current device property 'ro.build.version.sdk': 24
[debug] ?[35m[ADB]?[39m Device API level: 24
?[35m[AndroidDriver]?[39m Consider setting 'automationName' capability to 'uiautomator2' on Android >= 6, since UIAutomator framework is not maintained anymore by the OS vendor.
?[35m[AndroidDriver]?[39m App file was not listed, instead we're going to run in.amazon.mShop.android.shopping directly on the device
[debug] ?[35m[AndroidDriver]?[39m Checking whether package is present on the device
[debug] ?[35m[ADB]?[39m Running '/Users/akash.gupta/Library/Android/sdk/platform-tools/adb -P 5037 -s A2QDU17616001089 shell pm list packages in.amazon.mShop.android.shopping'
?[35m[AndroidDriver]?[39m Starting Android session
[debug] ?[35m[ADB]?[39m Running '/Users/akash.gupta/Library/Android/sdk/platform-tools/adb -P 5037 -s A2QDU17616001089 wait-for-device'
[debug] ?[35m[ADB]?[39m Running '/Users/akash.gupta/Library/Android/sdk/platform-tools/adb -P 5037 -s A2QDU17616001089 shell echo ping'
[debug] ?[35m[AndroidDriver]?[39m Pushing settings apk to device...
[debug] ?[35m[ADB]?[39m Getting install status for io.appium.settings
[debug] ?[35m[ADB]?[39m Running '/Users/akash.gupta/Library/Android/sdk/platform-tools/adb -P 5037 -s A2QDU17616001089 shell dumpsys package io.appium.settings'
[debug] ?[35m[ADB]?[39m 'io.appium.settings' is installed
[debug] ?[35m[ADB]?[39m Getting package info for 'io.appium.settings'
[debug] ?[35m[ADB]?[39m Running '/Users/akash.gupta/Library/Android/sdk/platform-tools/adb -P 5037 -s A2QDU17616001089 shell dumpsys package io.appium.settings'
[debug] ?[35m[ADB]?[39m The installed 'io.appium.settings' package does not require upgrade ('2.10.0' >= '2.10.0')
[debug] ?[35m[ADB]?[39m Running '/Users/akash.gupta/Library/Android/sdk/platform-tools/adb -P 5037 -s A2QDU17616001089 shell ps'
[debug] ?[35m[AndroidDriver]?[39m io.appium.settings is already running. There is no need to reset its permissions.
[debug] ?[35m[ADB]?[39m Device API level: 24
[debug] ?[35m[ADB]?[39m Running '/Users/akash.gupta/Library/Android/sdk/platform-tools/adb -P 5037 -s A2QDU17616001089 shell appops set io.appium.settings android\:mock_location allow'
?[35m[AndroidDriver]?[39m setDeviceLanguageCountry requires language or country.
?[35m[AndroidDriver]?[39m Got language: 'null' and country: 'null'
[debug] ?[35m[Logcat]?[39m Starting logcat capture
?[35m[ADB]?[39m Getting device platform version
[debug] ?[35m[ADB]?[39m Running '/Users/akash.gupta/Library/Android/sdk/platform-tools/adb -P 5037 -s A2QDU17616001089 shell getprop ro.build.version.release'
[debug] ?[35m[ADB]?[39m Current device property 'ro.build.version.release': 7.0
[debug] ?[35m[ADB]?[39m Running '/Users/akash.gupta/Library/Android/sdk/platform-tools/adb -P 5037 -s A2QDU17616001089 shell wm size'
[debug] ?[35m[ADB]?[39m Running '/Users/akash.gupta/Library/Android/sdk/platform-tools/adb -P 5037 -s A2QDU17616001089 shell getprop ro.product.model'
[debug] ?[35m[ADB]?[39m Current device property 'ro.product.model': BLN-L22
[debug] ?[35m[ADB]?[39m Running '/Users/akash.gupta/Library/Android/sdk/platform-tools/adb -P 5037 -s A2QDU17616001089 shell getprop ro.product.manufacturer'
[debug] ?[35m[ADB]?[39m Current device property 'ro.product.manufacturer': HUAWEI
?[35m[AndroidDriver]?[39m No app sent in, not parsing package/activity
[debug] ?[35m[AndroidDriver]?[39m No app capability. Assuming it is already on the device
[debug] ?[35m[ADB]?[39m Getting install status for in.amazon.mShop.android.shopping
[debug] ?[35m[ADB]?[39m Running '/Users/akash.gupta/Library/Android/sdk/platform-tools/adb -P 5037 -s A2QDU17616001089 shell dumpsys package in.amazon.mShop.android.shopping'
[debug] ?[35m[ADB]?[39m 'in.amazon.mShop.android.shopping' is installed
[debug] ?[35m[ADB]?[39m Running '/Users/akash.gupta/Library/Android/sdk/platform-tools/adb -P 5037 -s A2QDU17616001089 shell am force-stop in.amazon.mShop.android.shopping'
[debug] ?[35m[ADB]?[39m Running '/Users/akash.gupta/Library/Android/sdk/platform-tools/adb -P 5037 -s A2QDU17616001089 shell pm clear in.amazon.mShop.android.shopping'
[debug] ?[35m[AndroidDriver]?[39m Performed fast reset on the installed 'in.amazon.mShop.android.shopping' application (stop and clear)
[debug] ?[35m[AndroidBootstrap]?[39m Watching for bootstrap disconnect
[debug] ?[35m[ADB]?[39m Forwarding system: 4724 to device: 4724
[debug] ?[35m[ADB]?[39m Running '/Users/akash.gupta/Library/Android/sdk/platform-tools/adb -P 5037 -s A2QDU17616001089 forward tcp\:4724 tcp\:4724'
[debug] ?[35m[UiAutomator]?[39m Starting UiAutomator
[debug] ?[35m[UiAutomator]?[39m Moving to state 'starting'
[debug] ?[35m[UiAutomator]?[39m Parsing uiautomator jar
[debug] ?[35m[UiAutomator]?[39m Found jar name: 'AppiumBootstrap.jar'
[debug] ?[35m[ADB]?[39m Running '/Users/akash.gupta/Library/Android/sdk/platform-tools/adb -P 5037 -s A2QDU17616001089 push /usr/local/lib/node_modules/appium/node_modules/appium-android-driver/bootstrap/bin/AppiumBootstrap.jar /data/local/tmp/'
[debug] ?[35m[ADB]?[39m Attempting to kill all uiautomator processes
[debug] ?[35m[ADB]?[39m Getting all processes with uiautomator
[debug] ?[35m[ADB]?[39m Running '/Users/akash.gupta/Library/Android/sdk/platform-tools/adb -P 5037 -s A2QDU17616001089 shell ps'
?[35m[ADB]?[39m No 'uiautomator' process has been found
[debug] ?[35m[UiAutomator]?[39m Starting UIAutomator
[debug] ?[35m[ADB]?[39m Creating ADB subprocess with args: ["-P",5037,"-s","A2QDU17616001089","shell","uiautomator","runtest","AppiumBootstrap.jar","-c","io.appium.android.bootstrap.Bootstrap","-e","pkg","in.amazon.mShop.android.shopping","-e","disableAndroidWatchers",false,"-e","acceptSslCerts",false]
[debug] ?[35m[UiAutomator]?[39m Moving to state 'online'
[debug] ?[35m[AndroidBootstrap]?[39m [BOOTSTRAP LOG] [debug] Loading json...
[debug] ?[35m[AndroidBootstrap]?[39m [BOOTSTRAP LOG] [debug] json loading complete.
[debug] ?[35m[AndroidBootstrap]?[39m [BOOTSTRAP LOG] [debug] Registered crash watchers.
?[35m[AndroidBootstrap]?[39m Android bootstrap socket is now connected
[debug] ?[35m[ADB]?[39m Running '/Users/akash.gupta/Library/Android/sdk/platform-tools/adb -P 5037 -s A2QDU17616001089 shell dumpsys window'
[debug] ?[35m[AndroidBootstrap]?[39m [BOOTSTRAP LOG] [debug] Client connected
?[35m[AndroidDriver]?[39m Screen already unlocked, doing nothing
[debug] ?[35m[ADB]?[39m Device API level: 24
[debug] ?[35m[ADB]?[39m Running '/Users/akash.gupta/Library/Android/sdk/platform-tools/adb -P 5037 -s A2QDU17616001089 shell am start -W -n in.amazon.mShop.android.shopping/com.amazon.mShop.home.HomeActivity -S -a android.intent.action.MAIN -c android.intent.category.LAUNCHER -f 0x10200000'
?[35m[Appium]?[39m New AndroidDriver session created successfully, session c2eea5ef-0593-44fa-be97-c69b599fb473 added to master session list
[debug] ?[35m[BaseDriver]?[39m Event 'newSessionStarted' logged at 1549618819815 (15:10:19 GMT+0530 (IST))
[debug] ?[35m[MJSONWP (c2eea5ef)]?[39m Cached the protocol value 'MJSONWP' for the new session c2eea5ef-0593-44fa-be97-c69b599fb473
[debug] ?[35m[MJSONWP (c2eea5ef)]?[39m Responding to client with driver.createSession() result: {"platform":"LINUX","webStorageEnabled":false,"takesScreenshot":true,"javascriptEnabled":true,"databaseEnabled":false,"networkConnectionEnabled":true,"locationContextEnabled":false,"warnings":{},"desired":{"appActivity":"com.amazon.mShop.home.HomeActivity","appPackage":"in.amazon.mShop.android.shopping","appium version":"6.1","automationName":"UiAutomator","platformName":"Android","deviceName":"2a2d916"},"appActivity":"com.amazon.mShop.home.HomeActivity","appPackage":"in.amazon.mShop.android.shopping","appium version":"6.1","automationName":"UiAutomator","platformName":"Android","deviceName":"A2QDU17616001089","deviceUDID":"A2QDU17616001089","platformVersion":"7.0","deviceScreenSize":"1080x1920","deviceModel":"BLN-L22","deviceManufacturer":"HUAWEI"}
?[35m[HTTP]?[39m ?[37m<-- POST /wd/hub/session ?[39m?[32m200?[39m ?[90m10641 ms - 831?[39m
?[35m[HTTP]?[39m ?[90m?[39m
?[35m[HTTP]?[39m ?[37m-->?[39m ?[37mGET?[39m ?[37m/wd/hub/session/c2eea5ef-0593-44fa-be97-c69b599fb473?[39m
?[35m[HTTP]?[39m ?[90m{}?[39m
[debug] ?[35m[MJSONWP (c2eea5ef)]?[39m Calling AppiumDriver.getSession() with args: ["c2eea5ef-0593-44fa-be97-c69b599fb473"]
[debug] ?[35m[MJSONWP (c2eea5ef)]?[39m Responding to client with driver.getSession() result: {"platform":"LINUX","webStorageEnabled":false,"takesScreenshot":true,"javascriptEnabled":true,"databaseEnabled":false,"networkConnectionEnabled":true,"locationContextEnabled":false,"warnings":{},"desired":{"appActivity":"com.amazon.mShop.home.HomeActivity","appPackage":"in.amazon.mShop.android.shopping","appium version":"6.1","automationName":"UiAutomator","platformName":"Android","deviceName":"2a2d916"},"appActivity":"com.amazon.mShop.home.HomeActivity","appPackage":"in.amazon.mShop.android.shopping","appium version":"6.1","automationName":"UiAutomator","platformName":"Android","deviceName":"A2QDU17616001089","deviceUDID":"A2QDU17616001089","platformVersion":"7.0","deviceScreenSize":"1080x1920","deviceModel":"BLN-L22","deviceManufacturer":"HUAWEI"}
?[35m[HTTP]?[39m ?[37m<-- GET /wd/hub/session/c2eea5ef-0593-44fa-be97-c69b599fb473 ?[39m?[32m200?[39m ?[90m2 ms - 831?[39m
?[35m[HTTP]?[39m ?[90m?[39m
?[35m[HTTP]?[39m ?[37m-->?[39m ?[37mGET?[39m ?[37m/wd/hub/session/c2eea5ef-0593-44fa-be97-c69b599fb473?[39m
?[35m[HTTP]?[39m ?[90m{}?[39m
[debug] ?[35m[MJSONWP (c2eea5ef)]?[39m Calling AppiumDriver.getSession() with args: ["c2eea5ef-0593-44fa-be97-c69b599fb473"]
[debug] ?[35m[MJSONWP (c2eea5ef)]?[39m Responding to client with driver.getSession() result: {"platform":"LINUX","webStorageEnabled":false,"takesScreenshot":true,"javascriptEnabled":true,"databaseEnabled":false,"networkConnectionEnabled":true,"locationContextEnabled":false,"warnings":{},"desired":{"appActivity":"com.amazon.mShop.home.HomeActivity","appPackage":"in.amazon.mShop.android.shopping","appium version":"6.1","automationName":"UiAutomator","platformName":"Android","deviceName":"2a2d916"},"appActivity":"com.amazon.mShop.home.HomeActivity","appPackage":"in.amazon.mShop.android.shopping","appium version":"6.1","automationName":"UiAutomator","platformName":"Android","deviceName":"A2QDU17616001089","deviceUDID":"A2QDU17616001089","platformVersion":"7.0","deviceScreenSize":"1080x1920","deviceModel":"BLN-L22","deviceManufacturer":"HUAWEI"}
?[35m[HTTP]?[39m ?[37m<-- GET /wd/hub/session/c2eea5ef-0593-44fa-be97-c69b599fb473 ?[39m?[32m200?[39m ?[90m2 ms - 831?[39m
?[35m[HTTP]?[39m ?[90m?[39m
?[35m[HTTP]?[39m ?[37m-->?[39m ?[37mPOST?[39m ?[37m/wd/hub/session/c2eea5ef-0593-44fa-be97-c69b599fb473/timeouts?[39m
?[35m[HTTP]?[39m ?[90m{"type":"implicit","ms":15000}?[39m
[debug] ?[35m[MJSONWP (c2eea5ef)]?[39m Calling AppiumDriver.timeouts() with args: ["implicit",15000,null,null,null,"c2eea5ef-0593-44fa-be97-c69b599fb473"]
[debug] ?[35m[BaseDriver]?[39m MJSONWP timeout arguments: {"type":"implicit","ms":15000}}
[debug] ?[35m[BaseDriver]?[39m Set implicit wait to 15000ms
[debug] ?[35m[MJSONWP (c2eea5ef)]?[39m Responding to client with driver.timeouts() result: null
?[35m[HTTP]?[39m ?[37m<-- POST /wd/hub/session/c2eea5ef-0593-44fa-be97-c69b599fb473/timeouts ?[39m?[32m200?[39m ?[90m4 ms - 76?[39m
?[35m[HTTP]?[39m ?[90m?[39m
Test case Start and detail aresearchProductWithoutSignIn
?[35m[HTTP]?[39m ?[37m-->?[39m ?[37mPOST?[39m ?[37m/wd/hub/session/c2eea5ef-0593-44fa-be97-c69b599fb473/element?[39m
?[35m[HTTP]?[39m ?[90m{"using":"id","value":"skip_sign_in_button"}?[39m
[debug] ?[35m[MJSONWP (c2eea5ef)]?[39m Calling AppiumDriver.findElement() with args: ["id","skip_sign_in_button","c2eea5ef-0593-44fa-be97-c69b599fb473"]
[debug] ?[35m[BaseDriver]?[39m Valid locator strategies for this request: xpath, id, class name, accessibility id, -android uiautomator
[debug] ?[35m[BaseDriver]?[39m Waiting up to 15000 ms for condition
[debug] ?[35m[AndroidBootstrap]?[39m Sending command to android: {"cmd":"action","action":"find","params":{"strategy":"id","selector":"skip_sign_in_button","context":"","multiple":false}}
[debug] ?[35m[AndroidBootstrap]?[39m [BOOTSTRAP LOG] [debug] Got data from client: {"cmd":"action","action":"find","params":{"strategy":"id","selector":"skip_sign_in_button","context":"","multiple":false}}
[debug] ?[35m[AndroidBootstrap]?[39m [BOOTSTRAP LOG] [debug] Got command of type ACTION
[debug] ?[35m[AndroidBootstrap]?[39m [BOOTSTRAP LOG] [debug] Got command action: find
[debug] ?[35m[AndroidBootstrap]?[39m [BOOTSTRAP LOG] [debug] Finding 'skip_sign_in_button' using 'ID' with the contextId: '' multiple: false
[debug] ?[35m[AndroidBootstrap]?[39m [BOOTSTRAP LOG] [debug] Using: UiSelector[INSTANCE=0, RESOURCE_ID=in.amazon.mShop.android.shopping:id/skip_sign_in_button]
[debug] ?[35m[AndroidBootstrap]?[39m [BOOTSTRAP LOG] [debug] Using: UiSelector[INSTANCE=0, RESOURCE_ID=android:id/skip_sign_in_button]
[debug] ?[35m[AndroidBootstrap]?[39m [BOOTSTRAP LOG] [debug] Using: UiSelector[INSTANCE=0, RESOURCE_ID=skip_sign_in_button]
[debug] ?[35m[AndroidBootstrap]?[39m [BOOTSTRAP LOG] [debug] Using: UiSelector[DESCRIPTION=skip_sign_in_button, INSTANCE=0]
[debug] ?[35m[AndroidBootstrap]?[39m [BOOTSTRAP LOG] [debug] Failed to locate element. Clearing Accessibility cache and retrying.
[debug] ?[35m[AndroidBootstrap]?[39m [BOOTSTRAP LOG] [debug] Finding 'skip_sign_in_button' using 'ID' with the contextId: '' multiple: false
[debug] ?[35m[AndroidBootstrap]?[39m [BOOTSTRAP LOG] [debug] Using: UiSelector[INSTANCE=0, RESOURCE_ID=in.amazon.mShop.android.shopping:id/skip_sign_in_button]
[debug] ?[35m[AndroidBootstrap]?[39m [BOOTSTRAP LOG] [debug] Using: UiSelector[INSTANCE=0, RESOURCE_ID=android:id/skip_sign_in_button]
[debug] ?[35m[AndroidBootstrap]?[39m [BOOTSTRAP LOG] [debug] Using: UiSelector[INSTANCE=0, RESOURCE_ID=skip_sign_in_button]
[debug] ?[35m[AndroidBootstrap]?[39m [BOOTSTRAP LOG] [debug] Using: UiSelector[DESCRIPTION=skip_sign_in_button, INSTANCE=0]
[debug] ?[35m[AndroidBootstrap]?[39m [BOOTSTRAP LOG] [debug] Returning result: {"status":7,"value":"No element found"}
[debug] ?[35m[AndroidBootstrap]?[39m Received command result from bootstrap
[debug] ?[35m[MJSONWP]?[39m Matched JSONWP error code 7 to NoSuchElementError
[debug] ?[35m[BaseDriver]?[39m Waited for 471 ms so far
[debug] ?[35m[AndroidBootstrap]?[39m Sending command to android: {"cmd":"action","action":"find","params":{"strategy":"id","selector":"skip_sign_in_button","context":"","multiple":false}}
[debug] ?[35m[AndroidBootstrap]?[39m [BOOTSTRAP LOG] [debug] Got data from client: {"cmd":"action","action":"find","params":{"strategy":"id","selector":"skip_sign_in_button","context":"","multiple":false}}
[debug] ?[35m[AndroidBootstrap]?[39m [BOOTSTRAP LOG] [debug] Got command of type ACTION
[debug] ?[35m[AndroidBootstrap]?[39m [BOOTSTRAP LOG] [debug] Got command action: find
[debug] ?[35m[AndroidBootstrap]?[39m [BOOTSTRAP LOG] [debug] Finding 'skip_sign_in_button' using 'ID' with the contextId: '' multiple: false
[debug] ?[35m[AndroidBootstrap]?[39m [BOOTSTRAP LOG] [debug] Using: UiSelector[INSTANCE=0, RESOURCE_ID=in.amazon.mShop.android.shopping:id/skip_sign_in_button]
[debug] ?[35m[AndroidBootstrap]?[39m [BOOTSTRAP LOG] [debug] Using: UiSelector[INSTANCE=0, RESOURCE_ID=android:id/skip_sign_in_button]
[debug] ?[35m[AndroidBootstrap]?[39m [BOOTSTRAP LOG] [debug] Using: UiSelector[INSTANCE=0, RESOURCE_ID=skip_sign_in_button]
[debug] ?[35m[AndroidBootstrap]?[39m [BOOTSTRAP LOG] [debug] Using: UiSelector[DESCRIPTION=skip_sign_in_button, INSTANCE=0]
[debug] ?[35m[AndroidBootstrap]?[39m [BOOTSTRAP LOG] [debug] Failed to locate element. Clearing Accessibility cache and retrying.
[debug] ?[35m[AndroidBootstrap]?[39m [BOOTSTRAP LOG] [debug] Finding 'skip_sign_in_button' using 'ID' with the contextId: '' multiple: false
[debug] ?[35m[AndroidBootstrap]?[39m [BOOTSTRAP LOG] [debug] Using: UiSelector[INSTANCE=0, RESOURCE_ID=in.amazon.mShop.android.shopping:id/skip_sign_in_button]
[debug] ?[35m[AndroidBootstrap]?[39m [BOOTSTRAP LOG] [debug] Using: UiSelector[INSTANCE=0, RESOURCE_ID=android:id/skip_sign_in_button]
[debug] ?[35m[AndroidBootstrap]?[39m [BOOTSTRAP LOG] [debug] Using: UiSelector[INSTANCE=0, RESOURCE_ID=skip_sign_in_button]
[debug] ?[35m[AndroidBootstrap]?[39m [BOOTSTRAP LOG] [debug] Using: UiSelector[DESCRIPTION=skip_sign_in_button, INSTANCE=0]
[debug] ?[35m[AndroidBootstrap]?[39m [BOOTSTRAP LOG] [debug] Returning result: {"status":7,"value":"No element found"}
[debug] ?[35m[AndroidBootstrap]?[39m Received command result from bootstrap
[debug] ?[35m[MJSONWP]?[39m Matched JSONWP error code 7 to NoSuchElementError
[debug] ?[35m[BaseDriver]?[39m Waited for 1043 ms so far
[debug] ?[35m[AndroidBootstrap]?[39m Sending command to android: {"cmd":"action","action":"find","params":{"strategy":"id","selector":"skip_sign_in_button","context":"","multiple":false}}
[debug] ?[35m[AndroidBootstrap]?[39m [BOOTSTRAP LOG] [debug] Got data from client: {"cmd":"action","action":"find","params":{"strategy":"id","selector":"skip_sign_in_button","context":"","multiple":false}}
[debug] ?[35m[AndroidBootstrap]?[39m [BOOTSTRAP LOG] [debug] Got command of type ACTION
[debug] ?[35m[AndroidBootstrap]?[39m [BOOTSTRAP LOG] [debug] Got command action: find
[debug] ?[35m[AndroidBootstrap]?[39m [BOOTSTRAP LOG] [debug] Finding 'skip_sign_in_button' using 'ID' with the contextId: '' multiple: false
[debug] ?[35m[AndroidBootstrap]?[39m [BOOTSTRAP LOG] [debug] Using: UiSelector[INSTANCE=0, RESOURCE_ID=in.amazon.mShop.android.shopping:id/skip_sign_in_button]
[debug] ?[35m[AndroidBootstrap]?[39m [BOOTSTRAP LOG] [debug] Using: UiSelector[INSTANCE=0, RESOURCE_ID=android:id/skip_sign_in_button]
[debug] ?[35m[AndroidBootstrap]?[39m [BOOTSTRAP LOG] [debug] Using: UiSelector[INSTANCE=0, RESOURCE_ID=skip_sign_in_button]
[debug] ?[35m[AndroidBootstrap]?[39m [BOOTSTRAP LOG] [debug] Using: UiSelector[DESCRIPTION=skip_sign_in_button, INSTANCE=0]
[debug] ?[35m[AndroidBootstrap]?[39m [BOOTSTRAP LOG] [debug] Failed to locate element. Clearing Accessibility cache and retrying.
[debug] ?[35m[AndroidBootstrap]?[39m [BOOTSTRAP LOG] [debug] Finding 'skip_sign_in_button' using 'ID' with the contextId: '' multiple: false
[debug] ?[35m[AndroidBootstrap]?[39m [BOOTSTRAP LOG] [debug] Using: UiSelector[INSTANCE=0, RESOURCE_ID=in.amazon.mShop.android.shopping:id/skip_sign_in_button]
[debug] ?[35m[AndroidBootstrap]?[39m [BOOTSTRAP LOG] [debug] Returning result: {"status":0,"value":{"ELEMENT":"1"}}
[debug] ?[35m[AndroidBootstrap]?[39m Received command result from bootstrap
[debug] ?[35m[MJSONWP (c2eea5ef)]?[39m Responding to client with driver.findElement() result: {"ELEMENT":"1"}
?[35m[HTTP]?[39m ?[37m<-- POST /wd/hub/session/c2eea5ef-0593-44fa-be97-c69b599fb473/element ?[39m?[32m200?[39m ?[90m3613 ms - 87?[39m
?[35m[HTTP]?[39m ?[90m?[39m
?[35m[HTTP]?[39m ?[37m-->?[39m ?[37mGET?[39m ?[37m/wd/hub/session/c2eea5ef-0593-44fa-be97-c69b599fb473/element/1/displayed?[39m
?[35m[HTTP]?[39m ?[90m{}?[39m
[debug] ?[35m[MJSONWP (c2eea5ef)]?[39m Calling AppiumDriver.elementDisplayed() with args: ["1","c2eea5ef-0593-44fa-be97-c69b599fb473"]
[debug] ?[35m[AndroidBootstrap]?[39m Sending command to android: {"cmd":"action","action":"element:getAttribute","params":{"attribute":"displayed","elementId":"1"}}
[debug] ?[35m[AndroidBootstrap]?[39m [BOOTSTRAP LOG] [debug] Got data from client: {"cmd":"action","action":"element:getAttribute","params":{"attribute":"displayed","elementId":"1"}}
[debug] ?[35m[AndroidBootstrap]?[39m [BOOTSTRAP LOG] [debug] Got command of type ACTION
[debug] ?[35m[AndroidBootstrap]?[39m [BOOTSTRAP LOG] [debug] Got command action: getAttribute
[debug] ?[35m[AndroidBootstrap]?[39m [BOOTSTRAP LOG] [debug] Returning result: {"status":0,"value":"true"}
[debug] ?[35m[AndroidBootstrap]?[39m Received command result from bootstrap
[debug] ?[35m[MJSONWP (c2eea5ef)]?[39m Responding to client with driver.elementDisplayed() result: true
?[35m[HTTP]?[39m ?[37m<-- GET /wd/hub/session/c2eea5ef-0593-44fa-be97-c69b599fb473/element/1/displayed ?[39m?[32m200?[39m ?[90m17 ms - 76?[39m
?[35m[HTTP]?[39m ?[90m?[39m
?[35m[HTTP]?[39m ?[37m-->?[39m ?[37mPOST?[39m ?[37m/wd/hub/session/c2eea5ef-0593-44fa-be97-c69b599fb473/element?[39m
?[35m[HTTP]?[39m ?[90m{"using":"id","value":"skip_sign_in_button"}?[39m
[debug] ?[35m[MJSONWP (c2eea5ef)]?[39m Calling AppiumDriver.findElement() with args: ["id","skip_sign_in_button","c2eea5ef-0593-44fa-be97-c69b599fb473"]
[debug] ?[35m[BaseDriver]?[39m Valid locator strategies for this request: xpath, id, class name, accessibility id, -android uiautomator
[debug] ?[35m[BaseDriver]?[39m Waiting up to 15000 ms for condition
[debug] ?[35m[AndroidBootstrap]?[39m Sending command to android: {"cmd":"action","action":"find","params":{"strategy":"id","selector":"skip_sign_in_button","context":"","multiple":false}}
[debug] ?[35m[AndroidBootstrap]?[39m [BOOTSTRAP LOG] [debug] Got data from client: {"cmd":"action","action":"find","params":{"strategy":"id","selector":"skip_sign_in_button","context":"","multiple":false}}
[debug] ?[35m[AndroidBootstrap]?[39m [BOOTSTRAP LOG] [debug] Got command of type ACTION
[debug] ?[35m[AndroidBootstrap]?[39m [BOOTSTRAP LOG] [debug] Got command action: find
[debug] ?[35m[AndroidBootstrap]?[39m [BOOTSTRAP LOG] [debug] Finding 'skip_sign_in_button' using 'ID' with the contextId: '' multiple: false
[debug] ?[35m[AndroidBootstrap]?[39m [BOOTSTRAP LOG] [debug] Using: UiSelector[INSTANCE=0, RESOURCE_ID=in.amazon.mShop.android.shopping:id/skip_sign_in_button]
[debug] ?[35m[AndroidBootstrap]?[39m [BOOTSTRAP LOG] [debug] Returning result: {"status":0,"value":{"ELEMENT":"2"}}
[debug] ?[35m[AndroidBootstrap]?[39m Received command result from bootstrap
[debug] ?[35m[MJSONWP (c2eea5ef)]?[39m Responding to client with driver.findElement() result: {"ELEMENT":"2"}
?[35m[HTTP]?[39m ?[37m<-- POST /wd/hub/session/c2eea5ef-0593-44fa-be97-c69b599fb473/element ?[39m?[32m200?[39m ?[90m29 ms - 87?[39m
?[35m[HTTP]?[39m ?[90m?[39m
?[35m[HTTP]?[39m ?[37m-->?[39m ?[37mPOST?[39m ?[37m/wd/hub/session/c2eea5ef-0593-44fa-be97-c69b599fb473/element/2/click?[39m
?[35m[HTTP]?[39m ?[90m{"id":"2"}?[39m
[debug] ?[35m[MJSONWP (c2eea5ef)]?[39m Calling AppiumDriver.click() with args: ["2","c2eea5ef-0593-44fa-be97-c69b599fb473"]
[debug] ?[35m[AndroidBootstrap]?[39m Sending command to android: {"cmd":"action","action":"element:click","params":{"elementId":"2"}}
[debug] ?[35m[AndroidBootstrap]?[39m [BOOTSTRAP LOG] [debug] Got data from client: {"cmd":"action","action":"element:click","params":{"elementId":"2"}}
[debug] ?[35m[AndroidBootstrap]?[39m [BOOTSTRAP LOG] [debug] Got command of type ACTION
[debug] ?[35m[AndroidBootstrap]?[39m [BOOTSTRAP LOG] [debug] Got command action: click
[debug] ?[35m[AndroidBootstrap]?[39m [BOOTSTRAP LOG] [debug] Returning result: {"status":0,"value":true}
[debug] ?[35m[AndroidBootstrap]?[39m Received command result from bootstrap
[debug] ?[35m[MJSONWP (c2eea5ef)]?[39m Responding to client with driver.click() result: true
?[35m[HTTP]?[39m ?[37m<-- POST /wd/hub/session/c2eea5ef-0593-44fa-be97-c69b599fb473/element/2/click ?[39m?[32m200?[39m ?[90m343 ms - 76?[39m
?[35m[HTTP]?[39m ?[90m?[39m
?[35m[HTTP]?[39m ?[37m-->?[39m ?[37mPOST?[39m ?[37m/wd/hub/session/c2eea5ef-0593-44fa-be97-c69b599fb473/element?[39m
?[35m[HTTP]?[39m ?[90m{"using":"id","value":"action_bar_home_logo"}?[39m
[debug] ?[35m[MJSONWP (c2eea5ef)]?[39m Calling AppiumDriver.findElement() with args: ["id","action_bar_home_logo","c2eea5ef-0593-44fa-be97-c69b599fb473"]
[debug] ?[35m[BaseDriver]?[39m Valid locator strategies for this request: xpath, id, class name, accessibility id, -android uiautomator
[debug] ?[35m[BaseDriver]?[39m Waiting up to 15000 ms for condition
[debug] ?[35m[AndroidBootstrap]?[39m Sending command to android: {"cmd":"action","action":"find","params":{"strategy":"id","selector":"action_bar_home_logo","context":"","multiple":false}}
[debug] ?[35m[AndroidBootstrap]?[39m [BOOTSTRAP LOG] [debug] Got data from client: {"cmd":"action","action":"find","params":{"strategy":"id","selector":"action_bar_home_logo","context":"","multiple":false}}
[debug] ?[35m[AndroidBootstrap]?[39m [BOOTSTRAP LOG] [debug] Got command of type ACTION
[debug] ?[35m[AndroidBootstrap]?[39m [BOOTSTRAP LOG] [debug] Got command action: find
[debug] ?[35m[AndroidBootstrap]?[39m [BOOTSTRAP LOG] [debug] Finding 'action_bar_home_logo' using 'ID' with the contextId: '' multiple: false
[debug] ?[35m[AndroidBootstrap]?[39m [BOOTSTRAP LOG] [debug] Using: UiSelector[INSTANCE=0, RESOURCE_ID=in.amazon.mShop.android.shopping:id/action_bar_home_logo]
[debug] ?[35m[AndroidBootstrap]?[39m [BOOTSTRAP LOG] [debug] Returning result: {"status":0,"value":{"ELEMENT":"3"}}
[debug] ?[35m[AndroidBootstrap]?[39m Received command result from bootstrap
[debug] ?[35m[MJSONWP (c2eea5ef)]?[39m Responding to client with driver.findElement() result: {"ELEMENT":"3"}
?[35m[HTTP]?[39m ?[37m<-- POST /wd/hub/session/c2eea5ef-0593-44fa-be97-c69b599fb473/element ?[39m?[32m200?[39m ?[90m705 ms - 87?[39m
?[35m[HTTP]?[39m ?[90m?[39m
?[35m[HTTP]?[39m ?[37m-->?[39m ?[37mGET?[39m ?[37m/wd/hub/session/c2eea5ef-0593-44fa-be97-c69b599fb473/element/3/displayed?[39m
?[35m[HTTP]?[39m ?[90m{}?[39m
[debug] ?[35m[MJSONWP (c2eea5ef)]?[39m Calling AppiumDriver.elementDisplayed() with args: ["3","c2eea5ef-0593-44fa-be97-c69b599fb473"]
[debug] ?[35m[AndroidBootstrap]?[39m Sending command to android: {"cmd":"action","action":"element:getAttribute","params":{"attribute":"displayed","elementId":"3"}}
[debug] ?[35m[AndroidBootstrap]?[39m [BOOTSTRAP LOG] [debug] Got data from client: {"cmd":"action","action":"element:getAttribute","params":{"attribute":"displayed","elementId":"3"}}
[debug] ?[35m[AndroidBootstrap]?[39m [BOOTSTRAP LOG] [debug] Got command of type ACTION
[debug] ?[35m[AndroidBootstrap]?[39m [BOOTSTRAP LOG] [debug] Got command action: getAttribute
[debug] ?[35m[AndroidBootstrap]?[39m [BOOTSTRAP LOG] [debug] Returning result: {"status":0,"value":"true"}
[debug] ?[35m[AndroidBootstrap]?[39m Received command result from bootstrap
[debug] ?[35m[MJSONWP (c2eea5ef)]?[39m Responding to client with driver.elementDisplayed() result: true
?[35m[HTTP]?[39m ?[37m<-- GET /wd/hub/session/c2eea5ef-0593-44fa-be97-c69b599fb473/element/3/displayed ?[39m?[32m200?[39m ?[90m1495 ms - 76?[39m
?[35m[HTTP]?[39m ?[90m?[39m
?[35m[HTTP]?[39m ?[37m-->?[39m ?[37mPOST?[39m ?[37m/wd/hub/session/c2eea5ef-0593-44fa-be97-c69b599fb473/element?[39m
?[35m[HTTP]?[39m ?[90m{"using":"id","value":"action_bar_home_logo"}?[39m
[debug] ?[35m[MJSONWP (c2eea5ef)]?[39m Calling AppiumDriver.findElement() with args: ["id","action_bar_home_logo","c2eea5ef-0593-44fa-be97-c69b599fb473"]
[debug] ?[35m[BaseDriver]?[39m Valid locator strategies for this request: xpath, id, class name, accessibility id, -android uiautomator
[debug] ?[35m[BaseDriver]?[39m Waiting up to 15000 ms for condition
[debug] ?[35m[AndroidBootstrap]?[39m Sending command to android: {"cmd":"action","action":"find","params":{"strategy":"id","selector":"action_bar_home_logo","context":"","multiple":false}}
[debug] ?[35m[AndroidBootstrap]?[39m [BOOTSTRAP LOG] [debug] Got data from client: {"cmd":"action","action":"find","params":{"strategy":"id","selector":"action_bar_home_logo","context":"","multiple":false}}
[debug] ?[35m[AndroidBootstrap]?[39m [BOOTSTRAP LOG] [debug] Got command of type ACTION
[debug] ?[35m[AndroidBootstrap]?[39m [BOOTSTRAP LOG] [debug] Got command action: find
[debug] ?[35m[AndroidBootstrap]?[39m [BOOTSTRAP LOG] [debug] Finding 'action_bar_home_logo' using 'ID' with the contextId: '' multiple: false
[debug] ?[35m[AndroidBootstrap]?[39m [BOOTSTRAP LOG] [debug] Using: UiSelector[INSTANCE=0, RESOURCE_ID=in.amazon.mShop.android.shopping:id/action_bar_home_logo]
[debug] ?[35m[AndroidBootstrap]?[39m [BOOTSTRAP LOG] [debug] Returning result: {"status":0,"value":{"ELEMENT":"4"}}
[debug] ?[35m[AndroidBootstrap]?[39m Received command result from bootstrap
[debug] ?[35m[MJSONWP (c2eea5ef)]?[39m Responding to client with driver.findElement() result: {"ELEMENT":"4"}
?[35m[HTTP]?[39m ?[37m<-- POST /wd/hub/session/c2eea5ef-0593-44fa-be97-c69b599fb473/element ?[39m?[32m200?[39m ?[90m45 ms - 87?[39m
?[35m[HTTP]?[39m ?[90m?[39m
?[35m[HTTP]?[39m ?[37m-->?[39m ?[37mGET?[39m ?[37m/wd/hub/session/c2eea5ef-0593-44fa-be97-c69b599fb473/element/4/displayed?[39m
?[35m[HTTP]?[39m ?[90m{}?[39m
[debug] ?[35m[MJSONWP (c2eea5ef)]?[39m Calling AppiumDriver.elementDisplayed() with args: ["4","c2eea5ef-0593-44fa-be97-c69b599fb473"]
[debug] ?[35m[AndroidBootstrap]?[39m Sending command to android: {"cmd":"action","action":"element:getAttribute","params":{"attribute":"displayed","elementId":"4"}}
[debug] ?[35m[AndroidBootstrap]?[39m [BOOTSTRAP LOG] [debug] Got data from client: {"cmd":"action","action":"element:getAttribute","params":{"attribute":"displayed","elementId":"4"}}
[debug] ?[35m[AndroidBootstrap]?[39m [BOOTSTRAP LOG] [debug] Got command of type ACTION
[debug] ?[35m[AndroidBootstrap]?[39m [BOOTSTRAP LOG] [debug] Got command action: getAttribute
[debug] ?[35m[AndroidBootstrap]?[39m Received command result from bootstrap
[debug] ?[35m[AndroidBootstrap]?[39m [BOOTSTRAP LOG] [debug] Returning result: {"status":0,"value":"true"}
[debug] ?[35m[MJSONWP (c2eea5ef)]?[39m Responding to client with driver.elementDisplayed() result: true
?[35m[HTTP]?[39m ?[37m<-- GET /wd/hub/session/c2eea5ef-0593-44fa-be97-c69b599fb473/element/4/displayed ?[39m?[32m200?[39m ?[90m24 ms - 76?[39m
?[35m[HTTP]?[39m ?[90m?[39m
?[35m[HTTP]?[39m ?[37m-->?[39m ?[37mPOST?[39m ?[37m/wd/hub/session/c2eea5ef-0593-44fa-be97-c69b599fb473/elements?[39m
?[35m[HTTP]?[39m ?[90m{"using":"id","value":"rs_search_src_text"}?[39m
[debug] ?[35m[MJSONWP (c2eea5ef)]?[39m Calling AppiumDriver.findElements() with args: ["id","rs_search_src_text","c2eea5ef-0593-44fa-be97-c69b599fb473"]
[debug] ?[35m[BaseDriver]?[39m Valid locator strategies for this request: xpath, id, class name, accessibility id, -android uiautomator
[debug] ?[35m[BaseDriver]?[39m Waiting up to 15000 ms for condition
[debug] ?[35m[AndroidBootstrap]?[39m Sending command to android: {"cmd":"action","action":"find","params":{"strategy":"id","selector":"rs_search_src_text","context":"","multiple":true}}
[debug] ?[35m[AndroidBootstrap]?[39m [BOOTSTRAP LOG] [debug] Got data from client: {"cmd":"action","action":"find","params":{"strategy":"id","selector":"rs_search_src_text","context":"","multiple":true}}
[debug] ?[35m[AndroidBootstrap]?[39m [BOOTSTRAP LOG] [debug] Got command of type ACTION
[debug] ?[35m[AndroidBootstrap]?[39m [BOOTSTRAP LOG] [debug] Got command action: find
[debug] ?[35m[AndroidBootstrap]?[39m [BOOTSTRAP LOG] [debug] Finding 'rs_search_src_text' using 'ID' with the contextId: '' multiple: true
[debug] ?[35m[AndroidBootstrap]?[39m [BOOTSTRAP LOG] [debug] Using: UiSelector[RESOURCE_ID=in.amazon.mShop.android.shopping:id/rs_search_src_text]
[debug] ?[35m[AndroidBootstrap]?[39m [BOOTSTRAP LOG] [debug] getElements selector:UiSelector[RESOURCE_ID=in.amazon.mShop.android.shopping:id/rs_search_src_text]
[debug] ?[35m[AndroidBootstrap]?[39m [BOOTSTRAP LOG] [debug] Element[] is null: (0)
[debug] ?[35m[AndroidBootstrap]?[39m [BOOTSTRAP LOG] [debug] getElements tmp selector:UiSelector[INSTANCE=0, RESOURCE_ID=in.amazon.mShop.android.shopping:id/rs_search_src_text]
[debug] ?[35m[AndroidBootstrap]?[39m [BOOTSTRAP LOG] [debug] Element[] is null: (1)
[debug] ?[35m[AndroidBootstrap]?[39m [BOOTSTRAP LOG] [debug] getElements tmp selector:UiSelector[INSTANCE=1, RESOURCE_ID=in.amazon.mShop.android.shopping:id/rs_search_src_text]
[debug] ?[35m[AndroidBootstrap]?[39m [BOOTSTRAP LOG] [debug] Using: UiSelector[RESOURCE_ID=android:id/rs_search_src_text]
[debug] ?[35m[AndroidBootstrap]?[39m [BOOTSTRAP LOG] [debug] getElements selector:UiSelector[RESOURCE_ID=android:id/rs_search_src_text]
[debug] ?[35m[AndroidBootstrap]?[39m [BOOTSTRAP LOG] [debug] Element[] is null: (0)
[debug] ?[35m[AndroidBootstrap]?[39m [BOOTSTRAP LOG] [debug] getElements tmp selector:UiSelector[INSTANCE=0, RESOURCE_ID=android:id/rs_search_src_text]
[debug] ?[35m[AndroidBootstrap]?[39m [BOOTSTRAP LOG] [debug] Using: UiSelector[RESOURCE_ID=rs_search_src_text]
[debug] ?[35m[AndroidBootstrap]?[39m [BOOTSTRAP LOG] [debug] getElements selector:UiSelector[RESOURCE_ID=rs_search_src_text]
[debug] ?[35m[AndroidBootstrap]?[39m [BOOTSTRAP LOG] [debug] Element[] is null: (0)
[debug] ?[35m[AndroidBootstrap]?[39m [BOOTSTRAP LOG] [debug] getElements tmp selector:UiSelector[INSTANCE=0, RESOURCE_ID=rs_search_src_text]
[debug] ?[35m[AndroidBootstrap]?[39m [BOOTSTRAP LOG] [debug] Using: UiSelector[DESCRIPTION=rs_search_src_text]
[debug] ?[35m[AndroidBootstrap]?[39m [BOOTSTRAP LOG] [debug] getElements selector:UiSelector[DESCRIPTION=rs_search_src_text]
[debug] ?[35m[AndroidBootstrap]?[39m [BOOTSTRAP LOG] [debug] Element[] is null: (0)
[debug] ?[35m[AndroidBootstrap]?[39m [BOOTSTRAP LOG] [debug] getElements tmp selector:UiSelector[DESCRIPTION=rs_search_src_text, INSTANCE=0]
[debug] ?[35m[AndroidBootstrap]?[39m [BOOTSTRAP LOG] [debug] Returning result: {"status":0,"value":[{"ELEMENT":"5"}]}
[debug] ?[35m[AndroidBootstrap]?[39m Received command result from bootstrap
[debug] ?[35m[MJSONWP (c2eea5ef)]?[39m Responding to client with driver.findElements() result: [{"ELEMENT":"5"}]
?[35m[HTTP]?[39m ?[37m<-- POST /wd/hub/session/c2eea5ef-0593-44fa-be97-c69b599fb473/elements ?[39m?[32m200?[39m ?[90m189 ms - 89?[39m
?[35m[HTTP]?[39m ?[90m?[39m
?[35m[HTTP]?[39m ?[37m-->?[39m ?[37mGET?[39m ?[37m/wd/hub/session/c2eea5ef-0593-44fa-be97-c69b599fb473/element/5/displayed?[39m
?[35m[HTTP]?[39m ?[90m{}?[39m
[debug] ?[35m[MJSONWP (c2eea5ef)]?[39m Calling AppiumDriver.elementDisplayed() with args: ["5","c2eea5ef-0593-44fa-be97-c69b599fb473"]
[debug] ?[35m[AndroidBootstrap]?[39m Sending command to android: {"cmd":"action","action":"element:getAttribute","params":{"attribute":"displayed","elementId":"5"}}
[debug] ?[35m[AndroidBootstrap]?[39m [BOOTSTRAP LOG] [debug] Got data from client: {"cmd":"action","action":"element:getAttribute","params":{"attribute":"displayed","elementId":"5"}}
[debug] ?[35m[AndroidBootstrap]?[39m [BOOTSTRAP LOG] [debug] Got command of type ACTION
[debug] ?[35m[AndroidBootstrap]?[39m [BOOTSTRAP LOG] [debug] Got command action: getAttribute
[debug] ?[35m[AndroidBootstrap]?[39m [BOOTSTRAP LOG] [debug] Returning result: {"status":0,"value":"true"}
[debug] ?[35m[AndroidBootstrap]?[39m Received command result from bootstrap
[debug] ?[35m[MJSONWP (c2eea5ef)]?[39m Responding to client with driver.elementDisplayed() result: true
?[35m[HTTP]?[39m ?[37m<-- GET /wd/hub/session/c2eea5ef-0593-44fa-be97-c69b599fb473/element/5/displayed ?[39m?[32m200?[39m ?[90m22 ms - 76?[39m
?[35m[HTTP]?[39m ?[90m?[39m
?[35m[HTTP]?[39m ?[37m-->?[39m ?[37mPOST?[39m ?[37m/wd/hub/session/c2eea5ef-0593-44fa-be97-c69b599fb473/elements?[39m
?[35m[HTTP]?[39m ?[90m{"using":"id","value":"rs_search_src_text"}?[39m
[debug] ?[35m[MJSONWP (c2eea5ef)]?[39m Calling AppiumDriver.findElements() with args: ["id","rs_search_src_text","c2eea5ef-0593-44fa-be97-c69b599fb473"]
[debug] ?[35m[BaseDriver]?[39m Valid locator strategies for this request: xpath, id, class name, accessibility id, -android uiautomator
[debug] ?[35m[BaseDriver]?[39m Waiting up to 15000 ms for condition
[debug] ?[35m[AndroidBootstrap]?[39m Sending command to android: {"cmd":"action","action":"find","params":{"strategy":"id","selector":"rs_search_src_text","context":"","multiple":true}}
[debug] ?[35m[AndroidBootstrap]?[39m [BOOTSTRAP LOG] [debug] Got data from client: {"cmd":"action","action":"find","params":{"strategy":"id","selector":"rs_search_src_text","context":"","multiple":true}}
[debug] ?[35m[AndroidBootstrap]?[39m [BOOTSTRAP LOG] [debug] Got command of type ACTION
[debug] ?[35m[AndroidBootstrap]?[39m [BOOTSTRAP LOG] [debug] Got command action: find
[debug] ?[35m[AndroidBootstrap]?[39m [BOOTSTRAP LOG] [debug] Finding 'rs_search_src_text' using 'ID' with the contextId: '' multiple: true
[debug] ?[35m[AndroidBootstrap]?[39m [BOOTSTRAP LOG] [debug] Using: UiSelector[RESOURCE_ID=in.amazon.mShop.android.shopping:id/rs_search_src_text]
[debug] ?[35m[AndroidBootstrap]?[39m [BOOTSTRAP LOG] [debug] getElements selector:UiSelector[RESOURCE_ID=in.amazon.mShop.android.shopping:id/rs_search_src_text]
[debug] ?[35m[AndroidBootstrap]?[39m [BOOTSTRAP LOG] [debug] Element[] is null: (0)
[debug] ?[35m[AndroidBootstrap]?[39m [BOOTSTRAP LOG] [debug] getElements tmp selector:UiSelector[INSTANCE=0, RESOURCE_ID=in.amazon.mShop.android.shopping:id/rs_search_src_text]
[debug] ?[35m[AndroidBootstrap]?[39m [BOOTSTRAP LOG] [debug] Element[] is null: (1)
[debug] ?[35m[AndroidBootstrap]?[39m [BOOTSTRAP LOG] [debug] getElements tmp selector:UiSelector[INSTANCE=1, RESOURCE_ID=in.amazon.mShop.android.shopping:id/rs_search_src_text]
[debug] ?[35m[AndroidBootstrap]?[39m [BOOTSTRAP LOG] [debug] Using: UiSelector[RESOURCE_ID=android:id/rs_search_src_text]
[debug] ?[35m[AndroidBootstrap]?[39m [BOOTSTRAP LOG] [debug] getElements selector:UiSelector[RESOURCE_ID=android:id/rs_search_src_text]
[debug] ?[35m[AndroidBootstrap]?[39m [BOOTSTRAP LOG] [debug] Element[] is null: (0)
[debug] ?[35m[AndroidBootstrap]?[39m [BOOTSTRAP LOG] [debug] getElements tmp selector:UiSelector[INSTANCE=0, RESOURCE_ID=android:id/rs_search_src_text]
[debug] ?[35m[AndroidBootstrap]?[39m [BOOTSTRAP LOG] [debug] Using: UiSelector[RESOURCE_ID=rs_search_src_text]
[debug] ?[35m[AndroidBootstrap]?[39m [BOOTSTRAP LOG] [debug] getElements selector:UiSelector[RESOURCE_ID=rs_search_src_text]
[debug] ?[35m[AndroidBootstrap]?[39m [BOOTSTRAP LOG] [debug] Element[] is null: (0)
[debug] ?[35m[AndroidBootstrap]?[39m [BOOTSTRAP LOG] [debug] getElements tmp selector:UiSelector[INSTANCE=0, RESOURCE_ID=rs_search_src_text]
[debug] ?[35m[AndroidBootstrap]?[39m [BOOTSTRAP LOG] [debug] Using: UiSelector[DESCRIPTION=rs_search_src_text]
[debug] ?[35m[AndroidBootstrap]?[39m [BOOTSTRAP LOG] [debug] getElements selector:UiSelector[DESCRIPTION=rs_search_src_text]
[debug] ?[35m[AndroidBootstrap]?[39m [BOOTSTRAP LOG] [debug] Element[] is null: (0)
[debug] ?[35m[AndroidBootstrap]?[39m [BOOTSTRAP LOG] [debug] getElements tmp selector:UiSelector[DESCRIPTION=rs_search_src_text, INSTANCE=0]
[debug] ?[35m[AndroidBootstrap]?[39m [BOOTSTRAP LOG] [debug] Returning result: {"status":0,"value":[{"ELEMENT":"6"}]}
[debug] ?[35m[AndroidBootstrap]?[39m Received command result from bootstrap
[debug] ?[35m[MJSONWP (c2eea5ef)]?[39m Responding to client with driver.findElements() result: [{"ELEMENT":"6"}]
?[35m[HTTP]?[39m ?[37m<-- POST /wd/hub/session/c2eea5ef-0593-44fa-be97-c69b599fb473/elements ?[39m?[32m200?[39m ?[90m2459 ms - 89?[39m
?[35m[HTTP]?[39m ?[90m?[39m
?[35m[HTTP]?[39m ?[37m-->?[39m ?[37mPOST?[39m ?[37m/wd/hub/session/c2eea5ef-0593-44fa-be97-c69b599fb473/element/6/click?[39m
?[35m[HTTP]?[39m ?[90m{"id":"6"}?[39m
[debug] ?[35m[MJSONWP (c2eea5ef)]?[39m Calling AppiumDriver.click() with args: ["6","c2eea5ef-0593-44fa-be97-c69b599fb473"]
[debug] ?[35m[AndroidBootstrap]?[39m Sending command to android: {"cmd":"action","action":"element:click","params":{"elementId":"6"}}
[debug] ?[35m[AndroidBootstrap]?[39m [BOOTSTRAP LOG] [debug] Got data from client: {"cmd":"action","action":"element:click","params":{"elementId":"6"}}
[debug] ?[35m[AndroidBootstrap]?[39m [BOOTSTRAP LOG] [debug] Got command of type ACTION
[debug] ?[35m[AndroidBootstrap]?[39m [BOOTSTRAP LOG] [debug] Got command action: click
[debug] ?[35m[AndroidBootstrap]?[39m [BOOTSTRAP LOG] [debug] Returning result: {"status":0,"value":true}
[debug] ?[35m[AndroidBootstrap]?[39m Received command result from bootstrap
[debug] ?[35m[MJSONWP (c2eea5ef)]?[39m Responding to client with driver.click() result: true
?[35m[HTTP]?[39m ?[37m<-- POST /wd/hub/session/c2eea5ef-0593-44fa-be97-c69b599fb473/element/6/click ?[39m?[32m200?[39m ?[90m731 ms - 76?[39m
?[35m[HTTP]?[39m ?[90m?[39m
?[35m[HTTP]?[39m ?[37m-->?[39m ?[37mPOST?[39m ?[37m/wd/hub/session/c2eea5ef-0593-44fa-be97-c69b599fb473/elements?[39m
?[35m[HTTP]?[39m ?[90m{"using":"id","value":"rs_search_src_text"}?[39m
[debug] ?[35m[MJSONWP (c2eea5ef)]?[39m Calling AppiumDriver.findElements() with args: ["id","rs_search_src_text","c2eea5ef-0593-44fa-be97-c69b599fb473"]
[debug] ?[35m[BaseDriver]?[39m Valid locator strategies for this request: xpath, id, class name, accessibility id, -android uiautomator
[debug] ?[35m[BaseDriver]?[39m Waiting up to 15000 ms for condition
[debug] ?[35m[AndroidBootstrap]?[39m Sending command to android: {"cmd":"action","action":"find","params":{"strategy":"id","selector":"rs_search_src_text","context":"","multiple":true}}
[debug] ?[35m[AndroidBootstrap]?[39m [BOOTSTRAP LOG] [debug] Got data from client: {"cmd":"action","action":"find","params":{"strategy":"id","selector":"rs_search_src_text","context":"","multiple":true}}
[debug] ?[35m[AndroidBootstrap]?[39m [BOOTSTRAP LOG] [debug] Got command of type ACTION
[debug] ?[35m[AndroidBootstrap]?[39m [BOOTSTRAP LOG] [debug] Got command action: find
[debug] ?[35m[AndroidBootstrap]?[39m [BOOTSTRAP LOG] [debug] Finding 'rs_search_src_text' using 'ID' with the contextId: '' multiple: true
[debug] ?[35m[AndroidBootstrap]?[39m [BOOTSTRAP LOG] [debug] Using: UiSelector[RESOURCE_ID=in.amazon.mShop.android.shopping:id/rs_search_src_text]
[debug] ?[35m[AndroidBootstrap]?[39m [BOOTSTRAP LOG] [debug] getElements selector:UiSelector[RESOURCE_ID=in.amazon.mShop.android.shopping:id/rs_search_src_text]
[debug] ?[35m[AndroidBootstrap]?[39m [BOOTSTRAP LOG] [debug] Element[] is null: (0)
[debug] ?[35m[AndroidBootstrap]?[39m [BOOTSTRAP LOG] [debug] getElements tmp selector:UiSelector[INSTANCE=0, RESOURCE_ID=in.amazon.mShop.android.shopping:id/rs_search_src_text]
[debug] ?[35m[AndroidBootstrap]?[39m [BOOTSTRAP LOG] [debug] Element[] is null: (1)
[debug] ?[35m[AndroidBootstrap]?[39m [BOOTSTRAP LOG] [debug] getElements tmp selector:UiSelector[INSTANCE=1, RESOURCE_ID=in.amazon.mShop.android.shopping:id/rs_search_src_text]
[debug] ?[35m[AndroidBootstrap]?[39m [BOOTSTRAP LOG] [debug] Using: UiSelector[RESOURCE_ID=android:id/rs_search_src_text]
[debug] ?[35m[AndroidBootstrap]?[39m [BOOTSTRAP LOG] [debug] getElements selector:UiSelector[RESOURCE_ID=android:id/rs_search_src_text]
[debug] ?[35m[AndroidBootstrap]?[39m [BOOTSTRAP LOG] [debug] Element[] is null: (0)
[debug] ?[35m[AndroidBootstrap]?[39m [BOOTSTRAP LOG] [debug] getElements tmp selector:UiSelector[INSTANCE=0, RESOURCE_ID=android:id/rs_search_src_text]
[debug] ?[35m[AndroidBootstrap]?[39m [BOOTSTRAP LOG] [debug] Using: UiSelector[RESOURCE_ID=rs_search_src_text]
[debug] ?[35m[AndroidBootstrap]?[39m [BOOTSTRAP LOG] [debug] getElements selector:UiSelector[RESOURCE_ID=rs_search_src_text]
[debug] ?[35m[AndroidBootstrap]?[39m [BOOTSTRAP LOG] [debug] Element[] is null: (0)
[debug] ?[35m[AndroidBootstrap]?[39m [BOOTSTRAP LOG] [debug] getElements tmp selector:UiSelector[INSTANCE=0, RESOURCE_ID=rs_search_src_text]
[debug] ?[35m[AndroidBootstrap]?[39m [BOOTSTRAP LOG] [debug] Using: UiSelector[DESCRIPTION=rs_search_src_text]
[debug] ?[35m[AndroidBootstrap]?[39m [BOOTSTRAP LOG] [debug] getElements selector:UiSelector[DESCRIPTION=rs_search_src_text]
[debug] ?[35m[AndroidBootstrap]?[39m [BOOTSTRAP LOG] [debug] Element[] is null: (0)
[debug] ?[35m[AndroidBootstrap]?[39m [BOOTSTRAP LOG] [debug] getElements tmp selector:UiSelector[DESCRIPTION=rs_search_src_text, INSTANCE=0]
[debug] ?[35m[AndroidBootstrap]?[39m [BOOTSTRAP LOG] [debug] Returning result: {"status":0,"value":[{"ELEMENT":"7"}]}
[debug] ?[35m[AndroidBootstrap]?[39m Received command result from bootstrap
[debug] ?[35m[MJSONWP (c2eea5ef)]?[39m Responding to client with driver.findElements() result: [{"ELEMENT":"7"}]
?[35m[HTTP]?[39m ?[37m<-- POST /wd/hub/session/c2eea5ef-0593-44fa-be97-c69b599fb473/elements ?[39m?[32m200?[39m ?[90m1323 ms - 89?[39m
?[35m[HTTP]?[39m ?[90m?[39m
?[35m[HTTP]?[39m ?[37m-->?[39m ?[37mGET?[39m ?[37m/wd/hub/session/c2eea5ef-0593-44fa-be97-c69b599fb473/element/7/displayed?[39m
?[35m[HTTP]?[39m ?[90m{}?[39m
[debug] ?[35m[MJSONWP (c2eea5ef)]?[39m Calling AppiumDriver.elementDisplayed() with args: ["7","c2eea5ef-0593-44fa-be97-c69b599fb473"]
[debug] ?[35m[AndroidBootstrap]?[39m Sending command to android: {"cmd":"action","action":"element:getAttribute","params":{"attribute":"displayed","elementId":"7"}}
[debug] ?[35m[AndroidBootstrap]?[39m [BOOTSTRAP LOG] [debug] Got data from client: {"cmd":"action","action":"element:getAttribute","params":{"attribute":"displayed","elementId":"7"}}
[debug] ?[35m[AndroidBootstrap]?[39m [BOOTSTRAP LOG] [debug] Got command of type ACTION
[debug] ?[35m[AndroidBootstrap]?[39m [BOOTSTRAP LOG] [debug] Got command action: getAttribute
[debug] ?[35m[AndroidBootstrap]?[39m [BOOTSTRAP LOG] [debug] Returning result: {"status":0,"value":"true"}
[debug] ?[35m[AndroidBootstrap]?[39m Received command result from bootstrap
[debug] ?[35m[MJSONWP (c2eea5ef)]?[39m Responding to client with driver.elementDisplayed() result: true
?[35m[HTTP]?[39m ?[37m<-- GET /wd/hub/session/c2eea5ef-0593-44fa-be97-c69b599fb473/element/7/displayed ?[39m?[32m200?[39m ?[90m20 ms - 76?[39m
?[35m[HTTP]?[39m ?[90m?[39m
?[35m[HTTP]?[39m ?[37m-->?[39m ?[37mPOST?[39m ?[37m/wd/hub/session/c2eea5ef-0593-44fa-be97-c69b599fb473/elements?[39m
?[35m[HTTP]?[39m ?[90m{"using":"id","value":"rs_search_src_text"}?[39m
[debug] ?[35m[MJSONWP (c2eea5ef)]?[39m Calling AppiumDriver.findElements() with args: ["id","rs_search_src_text","c2eea5ef-0593-44fa-be97-c69b599fb473"]
[debug] ?[35m[BaseDriver]?[39m Valid locator strategies for this request: xpath, id, class name, accessibility id, -android uiautomator
[debug] ?[35m[BaseDriver]?[39m Waiting up to 15000 ms for condition
[debug] ?[35m[AndroidBootstrap]?[39m Sending command to android: {"cmd":"action","action":"find","params":{"strategy":"id","selector":"rs_search_src_text","context":"","multiple":true}}
[debug] ?[35m[AndroidBootstrap]?[39m [BOOTSTRAP LOG] [debug] Got data from client: {"cmd":"action","action":"find","params":{"strategy":"id","selector":"rs_search_src_text","context":"","multiple":true}}
[debug] ?[35m[AndroidBootstrap]?[39m [BOOTSTRAP LOG] [debug] Got command of type ACTION
[debug] ?[35m[AndroidBootstrap]?[39m [BOOTSTRAP LOG] [debug] Got command action: find
[debug] ?[35m[AndroidBootstrap]?[39m [BOOTSTRAP LOG] [debug] Finding 'rs_search_src_text' using 'ID' with the contextId: '' multiple: true
[debug] ?[35m[AndroidBootstrap]?[39m [BOOTSTRAP LOG] [debug] Using: UiSelector[RESOURCE_ID=in.amazon.mShop.android.shopping:id/rs_search_src_text]
[debug] ?[35m[AndroidBootstrap]?[39m [BOOTSTRAP LOG] [debug] getElements selector:UiSelector[RESOURCE_ID=in.amazon.mShop.android.shopping:id/rs_search_src_text]
[debug] ?[35m[AndroidBootstrap]?[39m [BOOTSTRAP LOG] [debug] Element[] is null: (0)
[debug] ?[35m[AndroidBootstrap]?[39m [BOOTSTRAP LOG] [debug] getElements tmp selector:UiSelector[INSTANCE=0, RESOURCE_ID=in.amazon.mShop.android.shopping:id/rs_search_src_text]
[debug] ?[35m[AndroidBootstrap]?[39m [BOOTSTRAP LOG] [debug] Element[] is null: (1)
[debug] ?[35m[AndroidBootstrap]?[39m [BOOTSTRAP LOG] [debug] getElements tmp selector:UiSelector[INSTANCE=1, RESOURCE_ID=in.amazon.mShop.android.shopping:id/rs_search_src_text]
[debug] ?[35m[AndroidBootstrap]?[39m [BOOTSTRAP LOG] [debug] Using: UiSelector[RESOURCE_ID=android:id/rs_search_src_text]
[debug] ?[35m[AndroidBootstrap]?[39m [BOOTSTRAP LOG] [debug] getElements selector:UiSelector[RESOURCE_ID=android:id/rs_search_src_text]
[debug] ?[35m[AndroidBootstrap]?[39m [BOOTSTRAP LOG] [debug] Element[] is null: (0)
[debug] ?[35m[AndroidBootstrap]?[39m [BOOTSTRAP LOG] [debug] getElements tmp selector:UiSelector[INSTANCE=0, RESOURCE_ID=android:id/rs_search_src_text]
[debug] ?[35m[AndroidBootstrap]?[39m [BOOTSTRAP LOG] [debug] Using: UiSelector[RESOURCE_ID=rs_search_src_text]
[debug] ?[35m[AndroidBootstrap]?[39m [BOOTSTRAP LOG] [debug] getElements selector:UiSelector[RESOURCE_ID=rs_search_src_text]
[debug] ?[35m[AndroidBootstrap]?[39m [BOOTSTRAP LOG] [debug] Element[] is null: (0)
[debug] ?[35m[AndroidBootstrap]?[39m [BOOTSTRAP LOG] [debug] getElements tmp selector:UiSelector[INSTANCE=0, RESOURCE_ID=rs_search_src_text]
[debug] ?[35m[AndroidBootstrap]?[39m [BOOTSTRAP LOG] [debug] Using: UiSelector[DESCRIPTION=rs_search_src_text]
[debug] ?[35m[AndroidBootstrap]?[39m [BOOTSTRAP LOG] [debug] getElements selector:UiSelector[DESCRIPTION=rs_search_src_text]
[debug] ?[35m[AndroidBootstrap]?[39m [BOOTSTRAP LOG] [debug] Element[] is null: (0)
[debug] ?[35m[AndroidBootstrap]?[39m [BOOTSTRAP LOG] [debug] getElements tmp selector:UiSelector[DESCRIPTION=rs_search_src_text, INSTANCE=0]
[debug] ?[35m[AndroidBootstrap]?[39m [BOOTSTRAP LOG] [debug] Returning result: {"status":0,"value":[{"ELEMENT":"8"}]}
[debug] ?[35m[AndroidBootstrap]?[39m Received command result from bootstrap
[debug] ?[35m[MJSONWP (c2eea5ef)]?[39m Responding to client with driver.findElements() result: [{"ELEMENT":"8"}]
?[35m[HTTP]?[39m ?[37m<-- POST /wd/hub/session/c2eea5ef-0593-44fa-be97-c69b599fb473/elements ?[39m?[32m200?[39m ?[90m155 ms - 89?[39m
?[35m[HTTP]?[39m ?[90m?[39m
?[35m[HTTP]?[39m ?[37m-->?[39m ?[37mPOST?[39m ?[37m/wd/hub/session/c2eea5ef-0593-44fa-be97-c69b599fb473/element/8/click?[39m
?[35m[HTTP]?[39m ?[90m{"id":"8"}?[39m
[debug] ?[35m[MJSONWP (c2eea5ef)]?[39m Calling AppiumDriver.click() with args: ["8","c2eea5ef-0593-44fa-be97-c69b599fb473"]
[debug] ?[35m[AndroidBootstrap]?[39m Sending command to android: {"cmd":"action","action":"element:click","params":{"elementId":"8"}}
[debug] ?[35m[AndroidBootstrap]?[39m [BOOTSTRAP LOG] [debug] Got data from client: {"cmd":"action","action":"element:click","params":{"elementId":"8"}}
[debug] ?[35m[AndroidBootstrap]?[39m [BOOTSTRAP LOG] [debug] Got command of type ACTION
[debug] ?[35m[AndroidBootstrap]?[39m [BOOTSTRAP LOG] [debug] Got command action: click
[debug] ?[35m[AndroidBootstrap]?[39m [BOOTSTRAP LOG] [debug] Returning result: {"status":0,"value":true}
[debug] ?[35m[AndroidBootstrap]?[39m Received command result from bootstrap
[debug] ?[35m[MJSONWP (c2eea5ef)]?[39m Responding to client with driver.click() result: true
?[35m[HTTP]?[39m ?[37m<-- POST /wd/hub/session/c2eea5ef-0593-44fa-be97-c69b599fb473/element/8/click ?[39m?[32m200?[39m ?[90m3143 ms - 76?[39m
?[35m[HTTP]?[39m ?[90m?[39m
?[35m[HTTP]?[39m ?[37m-->?[39m ?[37mPOST?[39m ?[37m/wd/hub/session/c2eea5ef-0593-44fa-be97-c69b599fb473/elements?[39m
?[35m[HTTP]?[39m ?[90m{"using":"id","value":"rs_search_src_text"}?[39m
[debug] ?[35m[MJSONWP (c2eea5ef)]?[39m Calling AppiumDriver.findElements() with args: ["id","rs_search_src_text","c2eea5ef-0593-44fa-be97-c69b599fb473"]
[debug] ?[35m[BaseDriver]?[39m Valid locator strategies for this request: xpath, id, class name, accessibility id, -android uiautomator
[debug] ?[35m[BaseDriver]?[39m Waiting up to 15000 ms for condition
[debug] ?[35m[AndroidBootstrap]?[39m Sending command to android: {"cmd":"action","action":"find","params":{"strategy":"id","selector":"rs_search_src_text","context":"","multiple":true}}
[debug] ?[35m[AndroidBootstrap]?[39m [BOOTSTRAP LOG] [debug] Got data from client: {"cmd":"action","action":"find","params":{"strategy":"id","selector":"rs_search_src_text","context":"","multiple":true}}
[debug] ?[35m[AndroidBootstrap]?[39m [BOOTSTRAP LOG] [debug] Got command of type ACTION
[debug] ?[35m[AndroidBootstrap]?[39m [BOOTSTRAP LOG] [debug] Got command action: find
[debug] ?[35m[AndroidBootstrap]?[39m [BOOTSTRAP LOG] [debug] Finding 'rs_search_src_text' using 'ID' with the contextId: '' multiple: true
[debug] ?[35m[AndroidBootstrap]?[39m [BOOTSTRAP LOG] [debug] Using: UiSelector[RESOURCE_ID=in.amazon.mShop.android.shopping:id/rs_search_src_text]
[debug] ?[35m[AndroidBootstrap]?[39m [BOOTSTRAP LOG] [debug] getElements selector:UiSelector[RESOURCE_ID=in.amazon.mShop.android.shopping:id/rs_search_src_text]
[debug] ?[35m[AndroidBootstrap]?[39m [BOOTSTRAP LOG] [debug] Element[] is null: (0)
[debug] ?[35m[AndroidBootstrap]?[39m [BOOTSTRAP LOG] [debug] getElements tmp selector:UiSelector[INSTANCE=0, RESOURCE_ID=in.amazon.mShop.android.shopping:id/rs_search_src_text]
[debug] ?[35m[AndroidBootstrap]?[39m [BOOTSTRAP LOG] [debug] Element[] is null: (1)
[debug] ?[35m[AndroidBootstrap]?[39m [BOOTSTRAP LOG] [debug] getElements tmp selector:UiSelector[INSTANCE=1, RESOURCE_ID=in.amazon.mShop.android.shopping:id/rs_search_src_text]
[debug] ?[35m[AndroidBootstrap]?[39m [BOOTSTRAP LOG] [debug] Using: UiSelector[RESOURCE_ID=android:id/rs_search_src_text]
[debug] ?[35m[AndroidBootstrap]?[39m [BOOTSTRAP LOG] [debug] getElements selector:UiSelector[RESOURCE_ID=android:id/rs_search_src_text]
[debug] ?[35m[AndroidBootstrap]?[39m [BOOTSTRAP LOG] [debug] Element[] is null: (0)
[debug] ?[35m[AndroidBootstrap]?[39m [BOOTSTRAP LOG] [debug] getElements tmp selector:UiSelector[INSTANCE=0, RESOURCE_ID=android:id/rs_search_src_text]
[debug] ?[35m[AndroidBootstrap]?[39m [BOOTSTRAP LOG] [debug] Using: UiSelector[RESOURCE_ID=rs_search_src_text]
[debug] ?[35m[AndroidBootstrap]?[39m [BOOTSTRAP LOG] [debug] getElements selector:UiSelector[RESOURCE_ID=rs_search_src_text]
[debug] ?[35m[AndroidBootstrap]?[39m [BOOTSTRAP LOG] [debug] Element[] is null: (0)
[debug] ?[35m[AndroidBootstrap]?[39m [BOOTSTRAP LOG] [debug] getElements tmp selector:UiSelector[INSTANCE=0, RESOURCE_ID=rs_search_src_text]
[debug] ?[35m[AndroidBootstrap]?[39m [BOOTSTRAP LOG] [debug] Using: UiSelector[DESCRIPTION=rs_search_src_text]
[debug] ?[35m[AndroidBootstrap]?[39m [BOOTSTRAP LOG] [debug] getElements selector:UiSelector[DESCRIPTION=rs_search_src_text]
[debug] ?[35m[AndroidBootstrap]?[39m [BOOTSTRAP LOG] [debug] Element[] is null: (0)
[debug] ?[35m[AndroidBootstrap]?[39m [BOOTSTRAP LOG] [debug] getElements tmp selector:UiSelector[DESCRIPTION=rs_search_src_text, INSTANCE=0]
[debug] ?[35m[AndroidBootstrap]?[39m [BOOTSTRAP LOG] [debug] Returning result: {"status":0,"value":[{"ELEMENT":"9"}]}
[debug] ?[35m[AndroidBootstrap]?[39m Received command result from bootstrap
[debug] ?[35m[MJSONWP (c2eea5ef)]?[39m Responding to client with driver.findElements() result: [{"ELEMENT":"9"}]
?[35m[HTTP]?[39m ?[37m<-- POST /wd/hub/session/c2eea5ef-0593-44fa-be97-c69b599fb473/elements ?[39m?[32m200?[39m ?[90m138 ms - 89?[39m
?[35m[HTTP]?[39m ?[90m?[39m
?[35m[HTTP]?[39m ?[37m-->?[39m ?[37mPOST?[39m ?[37m/wd/hub/session/c2eea5ef-0593-44fa-be97-c69b599fb473/element/9/value?[39m
?[35m[HTTP]?[39m ?[90m{"id":"9","value":["mobile"]}?[39m
[debug] ?[35m[MJSONWP (c2eea5ef)]?[39m Calling AppiumDriver.setValue() with args: [["mobile"],"9","c2eea5ef-0593-44fa-be97-c69b599fb473"]
[debug] ?[35m[AndroidBootstrap]?[39m Sending command to android: {"cmd":"action","action":"element:setText","params":{"elementId":"9","text":"mobile","replace":false}}
[debug] ?[35m[AndroidBootstrap]?[39m [BOOTSTRAP LOG] [debug] Got data from client: {"cmd":"action","action":"element:setText","params":{"elementId":"9","text":"mobile","replace":false}}
[debug] ?[35m[AndroidBootstrap]?[39m [BOOTSTRAP LOG] [debug] Got command of type ACTION
[debug] ?[35m[AndroidBootstrap]?[39m [BOOTSTRAP LOG] [debug] Got command action: setText
[debug] ?[35m[AndroidBootstrap]?[39m [BOOTSTRAP LOG] [debug] Using element passed in: 9
[debug] ?[35m[AndroidBootstrap]?[39m [BOOTSTRAP LOG] [debug] Attempting to clear using UiObject.clearText().
[debug] ?[35m[AndroidBootstrap]?[39m [BOOTSTRAP LOG] [debug] Text remains after clearing, but it appears to be hint text.
[debug] ?[35m[AndroidBootstrap]?[39m [BOOTSTRAP LOG] [debug] Text not cleared. Assuming remainder is hint text.
[debug] ?[35m[AndroidBootstrap]?[39m [BOOTSTRAP LOG] [debug] Sending plain text to element: mobile
[debug] ?[35m[AndroidBootstrap]?[39m [BOOTSTRAP LOG] [debug] Returning result: {"status":0,"value":true}
[debug] ?[35m[AndroidBootstrap]?[39m Received command result from bootstrap
[debug] ?[35m[MJSONWP (c2eea5ef)]?[39m Responding to client with driver.setValue() result: true
?[35m[HTTP]?[39m ?[37m<-- POST /wd/hub/session/c2eea5ef-0593-44fa-be97-c69b599fb473/element/9/value ?[39m?[32m200?[39m ?[90m5118 ms - 76?[39m
?[35m[HTTP]?[39m ?[90m?[39m
?[35m[HTTP]?[39m ?[37m-->?[39m ?[37mPOST?[39m ?[37m/wd/hub/session/c2eea5ef-0593-44fa-be97-c69b599fb473/element?[39m
?[35m[HTTP]?[39m ?[90m{"using":"id","value":"iss_search_dropdown_item_text"}?[39m
[debug] ?[35m[MJSONWP (c2eea5ef)]?[39m Calling AppiumDriver.findElement() with args: ["id","iss_search_dropdown_item_text","c2eea5ef-0593-44fa-be97-c69b599fb473"]
[debug] ?[35m[BaseDriver]?[39m Valid locator strategies for this request: xpath, id, class name, accessibility id, -android uiautomator
[debug] ?[35m[BaseDriver]?[39m Waiting up to 15000 ms for condition
[debug] ?[35m[AndroidBootstrap]?[39m Sending command to android: {"cmd":"action","action":"find","params":{"strategy":"id","selector":"iss_search_dropdown_item_text","context":"","multiple":false}}
[debug] ?[35m[AndroidBootstrap]?[39m [BOOTSTRAP LOG] [debug] Got data from client: {"cmd":"action","action":"find","params":{"strategy":"id","selector":"iss_search_dropdown_item_text","context":"","multiple":false}}
[debug] ?[35m[AndroidBootstrap]?[39m [BOOTSTRAP LOG] [debug] Got command of type ACTION
[debug] ?[35m[AndroidBootstrap]?[39m [BOOTSTRAP LOG] [debug] Got command action: find
[debug] ?[35m[AndroidBootstrap]?[39m [BOOTSTRAP LOG] [debug] Finding 'iss_search_dropdown_item_text' using 'ID' with the contextId: '' multiple: false
[debug] ?[35m[AndroidBootstrap]?[39m [BOOTSTRAP LOG] [debug] Using: UiSelector[INSTANCE=0, RESOURCE_ID=in.amazon.mShop.android.shopping:id/iss_search_dropdown_item_text]
[debug] ?[35m[AndroidBootstrap]?[39m [BOOTSTRAP LOG] [debug] Using: UiSelector[INSTANCE=0, RESOURCE_ID=android:id/iss_search_dropdown_item_text]
[debug] ?[35m[AndroidBootstrap]?[39m [BOOTSTRAP LOG] [debug] Using: UiSelector[INSTANCE=0, RESOURCE_ID=iss_search_dropdown_item_text]
[debug] ?[35m[AndroidBootstrap]?[39m [BOOTSTRAP LOG] [debug] Using: UiSelector[DESCRIPTION=iss_search_dropdown_item_text, INSTANCE=0]
[debug] ?[35m[AndroidBootstrap]?[39m [BOOTSTRAP LOG] [debug] Failed to locate element. Clearing Accessibility cache and retrying.
[debug] ?[35m[AndroidBootstrap]?[39m [BOOTSTRAP LOG] [debug] Finding 'iss_search_dropdown_item_text' using 'ID' with the contextId: '' multiple: false
[debug] ?[35m[AndroidBootstrap]?[39m [BOOTSTRAP LOG] [debug] Using: UiSelector[INSTANCE=0, RESOURCE_ID=in.amazon.mShop.android.shopping:id/iss_search_dropdown_item_text]
[debug] ?[35m[AndroidBootstrap]?[39m [BOOTSTRAP LOG] [debug] Using: UiSelector[INSTANCE=0, RESOURCE_ID=android:id/iss_search_dropdown_item_text]
[debug] ?[35m[AndroidBootstrap]?[39m [BOOTSTRAP LOG] [debug] Using: UiSelector[INSTANCE=0, RESOURCE_ID=iss_search_dropdown_item_text]
[debug] ?[35m[AndroidBootstrap]?[39m [BOOTSTRAP LOG] [debug] Using: UiSelector[DESCRIPTION=iss_search_dropdown_item_text, INSTANCE=0]
[debug] ?[35m[AndroidBootstrap]?[39m Received command result from bootstrap
[debug] ?[35m[MJSONWP]?[39m Matched JSONWP error code 7 to NoSuchElementError
[debug] ?[35m[BaseDriver]?[39m Waited for 835 ms so far
[debug] ?[35m[AndroidBootstrap]?[39m [BOOTSTRAP LOG] [debug] Returning result: {"status":7,"value":"No element found"}
[debug] ?[35m[AndroidBootstrap]?[39m Sending command to android: {"cmd":"action","action":"find","params":{"strategy":"id","selector":"iss_search_dropdown_item_text","context":"","multiple":false}}
[debug] ?[35m[AndroidBootstrap]?[39m [BOOTSTRAP LOG] [debug] Got data from client: {"cmd":"action","action":"find","params":{"strategy":"id","selector":"iss_search_dropdown_item_text","context":"","multiple":false}}
[debug] ?[35m[AndroidBootstrap]?[39m [BOOTSTRAP LOG] [debug] Got command of type ACTION
[debug] ?[35m[AndroidBootstrap]?[39m [BOOTSTRAP LOG] [debug] Got command action: find
[debug] ?[35m[AndroidBootstrap]?[39m [BOOTSTRAP LOG] [debug] Finding 'iss_search_dropdown_item_text' using 'ID' with the contextId: '' multiple: false
[debug] ?[35m[AndroidBootstrap]?[39m [BOOTSTRAP LOG] [debug] Using: UiSelector[INSTANCE=0, RESOURCE_ID=in.amazon.mShop.android.shopping:id/iss_search_dropdown_item_text]
[debug] ?[35m[AndroidBootstrap]?[39m [BOOTSTRAP LOG] [debug] Returning result: {"status":0,"value":{"ELEMENT":"10"}}
[debug] ?[35m[AndroidBootstrap]?[39m Received command result from bootstrap
[debug] ?[35m[MJSONWP (c2eea5ef)]?[39m Responding to client with driver.findElement() result: {"ELEMENT":"10"}
?[35m[HTTP]?[39m ?[37m<-- POST /wd/hub/session/c2eea5ef-0593-44fa-be97-c69b599fb473/element ?[39m?[32m200?[39m ?[90m1586 ms - 88?[39m
?[35m[HTTP]?[39m ?[90m?[39m
?[35m[HTTP]?[39m ?[37m-->?[39m ?[37mGET?[39m ?[37m/wd/hub/session/c2eea5ef-0593-44fa-be97-c69b599fb473/element/10/displayed?[39m
?[35m[HTTP]?[39m ?[90m{}?[39m
[debug] ?[35m[MJSONWP (c2eea5ef)]?[39m Calling AppiumDriver.elementDisplayed() with args: ["10","c2eea5ef-0593-44fa-be97-c69b599fb473"]
[debug] ?[35m[AndroidBootstrap]?[39m Sending command to android: {"cmd":"action","action":"element:getAttribute","params":{"attribute":"displayed","elementId":"10"}}
[debug] ?[35m[AndroidBootstrap]?[39m [BOOTSTRAP LOG] [debug] Got data from client: {"cmd":"action","action":"element:getAttribute","params":{"attribute":"displayed","elementId":"10"}}
[debug] ?[35m[AndroidBootstrap]?[39m [BOOTSTRAP LOG] [debug] Got command of type ACTION
[debug] ?[35m[AndroidBootstrap]?[39m [BOOTSTRAP LOG] [debug] Got command action: getAttribute
[debug] ?[35m[AndroidBootstrap]?[39m [BOOTSTRAP LOG] [debug] Returning result: {"status":0,"value":"true"}
[debug] ?[35m[AndroidBootstrap]?[39m Received command result from bootstrap
[debug] ?[35m[MJSONWP (c2eea5ef)]?[39m Responding to client with driver.elementDisplayed() result: true
?[35m[HTTP]?[39m ?[37m<-- GET /wd/hub/session/c2eea5ef-0593-44fa-be97-c69b599fb473/element/10/displayed ?[39m?[32m200?[39m ?[90m28 ms - 76?[39m
?[35m[HTTP]?[39m ?[90m?[39m
?[35m[HTTP]?[39m ?[37m-->?[39m ?[37mPOST?[39m ?[37m/wd/hub/session/c2eea5ef-0593-44fa-be97-c69b599fb473/element?[39m
?[35m[HTTP]?[39m ?[90m{"using":"id","value":"iss_search_dropdown_item_text"}?[39m
[debug] ?[35m[MJSONWP (c2eea5ef)]?[39m Calling AppiumDriver.findElement() with args: ["id","iss_search_dropdown_item_text","c2eea5ef-0593-44fa-be97-c69b599fb473"]
[debug] ?[35m[BaseDriver]?[39m Valid locator strategies for this request: xpath, id, class name, accessibility id, -android uiautomator
[debug] ?[35m[BaseDriver]?[39m Waiting up to 15000 ms for condition
[debug] ?[35m[AndroidBootstrap]?[39m Sending command to android: {"cmd":"action","action":"find","params":{"strategy":"id","selector":"iss_search_dropdown_item_text","context":"","multiple":false}}
[debug] ?[35m[AndroidBootstrap]?[39m [BOOTSTRAP LOG] [debug] Got data from client: {"cmd":"action","action":"find","params":{"strategy":"id","selector":"iss_search_dropdown_item_text","context":"","multiple":false}}
[debug] ?[35m[AndroidBootstrap]?[39m [BOOTSTRAP LOG] [debug] Got command of type ACTION
[debug] ?[35m[AndroidBootstrap]?[39m [BOOTSTRAP LOG] [debug] Got command action: find
[debug] ?[35m[AndroidBootstrap]?[39m [BOOTSTRAP LOG] [debug] Finding 'iss_search_dropdown_item_text' using 'ID' with the contextId: '' multiple: false
[debug] ?[35m[AndroidBootstrap]?[39m [BOOTSTRAP LOG] [debug] Using: UiSelector[INSTANCE=0, RESOURCE_ID=in.amazon.mShop.android.shopping:id/iss_search_dropdown_item_text]
[debug] ?[35m[AndroidBootstrap]?[39m [BOOTSTRAP LOG] [debug] Returning result: {"status":0,"value":{"ELEMENT":"11"}}
[debug] ?[35m[AndroidBootstrap]?[39m Received command result from bootstrap
[debug] ?[35m[MJSONWP (c2eea5ef)]?[39m Responding to client with driver.findElement() result: {"ELEMENT":"11"}
?[35m[HTTP]?[39m ?[37m<-- POST /wd/hub/session/c2eea5ef-0593-44fa-be97-c69b599fb473/element ?[39m?[32m200?[39m ?[90m33 ms - 88?[39m
?[35m[HTTP]?[39m ?[90m?[39m
?[35m[HTTP]?[39m ?[37m-->?[39m ?[37mPOST?[39m ?[37m/wd/hub/session/c2eea5ef-0593-44fa-be97-c69b599fb473/element/11/click?[39m
?[35m[HTTP]?[39m ?[90m{"id":"11"}?[39m
[debug] ?[35m[MJSONWP (c2eea5ef)]?[39m Calling AppiumDriver.click() with args: ["11","c2eea5ef-0593-44fa-be97-c69b599fb473"]
[debug] ?[35m[AndroidBootstrap]?[39m Sending command to android: {"cmd":"action","action":"element:click","params":{"elementId":"11"}}
[debug] ?[35m[AndroidBootstrap]?[39m [BOOTSTRAP LOG] [debug] Got data from client: {"cmd":"action","action":"element:click","params":{"elementId":"11"}}
[debug] ?[35m[AndroidBootstrap]?[39m [BOOTSTRAP LOG] [debug] Got command of type ACTION
[debug] ?[35m[AndroidBootstrap]?[39m [BOOTSTRAP LOG] [debug] Got command action: click
[debug] ?[35m[AndroidBootstrap]?[39m [BOOTSTRAP LOG] [debug] Returning result: {"status":0,"value":true}
[debug] ?[35m[AndroidBootstrap]?[39m Received command result from bootstrap
[debug] ?[35m[MJSONWP (c2eea5ef)]?[39m Responding to client with driver.click() result: true
?[35m[HTTP]?[39m ?[37m<-- POST /wd/hub/session/c2eea5ef-0593-44fa-be97-c69b599fb473/element/11/click ?[39m?[32m200?[39m ?[90m226 ms - 76?[39m
?[35m[HTTP]?[39m ?[90m?[39m
?[35m[HTTP]?[39m ?[37m-->?[39m ?[37mPOST?[39m ?[37m/wd/hub/session/c2eea5ef-0593-44fa-be97-c69b599fb473/element?[39m
?[35m[HTTP]?[39m ?[90m{"using":"id","value":"item_title"}?[39m
[debug] ?[35m[MJSONWP (c2eea5ef)]?[39m Calling AppiumDriver.findElement() with args: ["id","item_title","c2eea5ef-0593-44fa-be97-c69b599fb473"]
[debug] ?[35m[BaseDriver]?[39m Valid locator strategies for this request: xpath, id, class name, accessibility id, -android uiautomator
[debug] ?[35m[BaseDriver]?[39m Waiting up to 15000 ms for condition
[debug] ?[35m[AndroidBootstrap]?[39m Sending command to android: {"cmd":"action","action":"find","params":{"strategy":"id","selector":"item_title","context":"","multiple":false}}
[debug] ?[35m[AndroidBootstrap]?[39m [BOOTSTRAP LOG] [debug] Got data from client: {"cmd":"action","action":"find","params":{"strategy":"id","selector":"item_title","context":"","multiple":false}}
[debug] ?[35m[AndroidBootstrap]?[39m [BOOTSTRAP LOG] [debug] Got command of type ACTION
[debug] ?[35m[AndroidBootstrap]?[39m [BOOTSTRAP LOG] [debug] Got command action: find
[debug] ?[35m[AndroidBootstrap]?[39m [BOOTSTRAP LOG] [debug] Finding 'item_title' using 'ID' with the contextId: '' multiple: false
[debug] ?[35m[AndroidBootstrap]?[39m [BOOTSTRAP LOG] [debug] Using: UiSelector[INSTANCE=0, RESOURCE_ID=in.amazon.mShop.android.shopping:id/item_title]
[debug] ?[35m[AndroidBootstrap]?[39m [BOOTSTRAP LOG] [debug] Using: UiSelector[INSTANCE=0, RESOURCE_ID=android:id/item_title]
[debug] ?[35m[AndroidBootstrap]?[39m [BOOTSTRAP LOG] [debug] Using: UiSelector[INSTANCE=0, RESOURCE_ID=item_title]
[debug] ?[35m[AndroidBootstrap]?[39m [BOOTSTRAP LOG] [debug] Using: UiSelector[DESCRIPTION=item_title, INSTANCE=0]
[debug] ?[35m[AndroidBootstrap]?[39m [BOOTSTRAP LOG] [debug] Failed to locate element. Clearing Accessibility cache and retrying.
[debug] ?[35m[AndroidBootstrap]?[39m [BOOTSTRAP LOG] [debug] Finding 'item_title' using 'ID' with the contextId: '' multiple: false
[...]
?[35m[HTTP]?[39m ?[37m<-- POST /wd/hub/session/461f1115-53c9-4275-9a07-3c8906abc7ca/elements ?[39m?[32m200?[39m ?[90m3000 ms - 243?[39m
?[35m[HTTP]?[39m ?[90m?[39m
?[35m[HTTP]?[39m ?[37m-->?[39m ?[37mGET?[39m ?[37m/wd/hub/session/461f1115-53c9-4275-9a07-3c8906abc7ca/element/21/displayed?[39m
?[35m[HTTP]?[39m ?[90m{}?[39m
[debug] ?[35m[MJSONWP (461f1115)]?[39m Calling AppiumDriver.elementDisplayed() with args: ["21","461f1115-53c9-4275-9a07-3c8906abc7ca"]
[debug] ?[35m[AndroidBootstrap]?[39m Sending command to android: {"cmd":"action","action":"element:getAttribute","params":{"attribute":"displayed","elementId":"21"}}
[debug] ?[35m[AndroidBootstrap]?[39m [BOOTSTRAP LOG] [debug] Got data from client: {"cmd":"action","action":"element:getAttribute","params":{"attribute":"displayed","elementId":"21"}}
[debug] ?[35m[AndroidBootstrap]?[39m [BOOTSTRAP LOG] [debug] Got command of type ACTION
[debug] ?[35m[AndroidBootstrap]?[39m [BOOTSTRAP LOG] [debug] Got command action: getAttribute
[debug] ?[35m[AndroidBootstrap]?[39m [BOOTSTRAP LOG] [debug] Returning result: {"status":0,"value":"true"}
[debug] ?[35m[AndroidBootstrap]?[39m Received command result from bootstrap
[debug] ?[35m[MJSONWP (461f1115)]?[39m Responding to client with driver.elementDisplayed() result: true
?[35m[HTTP]?[39m ?[37m<-- GET /wd/hub/session/461f1115-53c9-4275-9a07-3c8906abc7ca/element/21/displayed ?[39m?[32m200?[39m ?[90m32 ms - 76?[39m
?[35m[HTTP]?[39m ?[90m?[39m
?[35m[HTTP]?[39m ?[37m-->?[39m ?[37mGET?[39m ?[37m/wd/hub/session/461f1115-53c9-4275-9a07-3c8906abc7ca/element/22/displayed?[39m
?[35m[HTTP]?[39m ?[90m{}?[39m
[debug] ?[35m[MJSONWP (461f1115)]?[39m Calling AppiumDriver.elementDisplayed() with args: ["22","461f1115-53c9-4275-9a07-3c8906abc7ca"]
[debug] ?[35m[AndroidBootstrap]?[39m Sending command to android: {"cmd":"action","action":"element:getAttribute","params":{"attribute":"displayed","elementId":"22"}}
[debug] ?[35m[AndroidBootstrap]?[39m [BOOTSTRAP LOG] [debug] Got data from client: {"cmd":"action","action":"element:getAttribute","params":{"attribute":"displayed","elementId":"22"}}
[debug] ?[35m[AndroidBootstrap]?[39m [BOOTSTRAP LOG] [debug] Got command of type ACTION
[debug] ?[35m[AndroidBootstrap]?[39m [BOOTSTRAP LOG] [debug] Got command action: getAttribute
[debug] ?[35m[AndroidBootstrap]?[39m [BOOTSTRAP LOG] [debug] Returning result: {"status":0,"value":"true"}
[debug] ?[35m[AndroidBootstrap]?[39m Received command result from bootstrap
[debug] ?[35m[MJSONWP (461f1115)]?[39m Responding to client with driver.elementDisplayed() result: true
?[35m[HTTP]?[39m ?[37m<-- GET /wd/hub/session/461f1115-53c9-4275-9a07-3c8906abc7ca/element/22/displayed ?[39m?[32m200?[39m ?[90m29 ms - 76?[39m
?[35m[HTTP]?[39m ?[90m?[39m
?[35m[HTTP]?[39m ?[37m-->?[39m ?[37mGET?[39m ?[37m/wd/hub/session/461f1115-53c9-4275-9a07-3c8906abc7ca/element/23/displayed?[39m
?[35m[HTTP]?[39m ?[90m{}?[39m
[debug] ?[35m[MJSONWP (461f1115)]?[39m Calling AppiumDriver.elementDisplayed() with args: ["23","461f1115-53c9-4275-9a07-3c8906abc7ca"]
[debug] ?[35m[AndroidBootstrap]?[39m Sending command to android: {"cmd":"action","action":"element:getAttribute","params":{"attribute":"displayed","elementId":"23"}}
[debug] ?[35m[AndroidBootstrap]?[39m [BOOTSTRAP LOG] [debug] Got data from client: {"cmd":"action","action":"element:getAttribute","params":{"attribute":"displayed","elementId":"23"}}
[debug] ?[35m[AndroidBootstrap]?[39m [BOOTSTRAP LOG] [debug] Got command of type ACTION
[debug] ?[35m[AndroidBootstrap]?[39m [BOOTSTRAP LOG] [debug] Got command action: getAttribute
[debug] ?[35m[AndroidBootstrap]?[39m [BOOTSTRAP LOG] [debug] Returning result: {"status":0,"value":"true"}
[debug] ?[35m[AndroidBootstrap]?[39m Received command result from bootstrap
[debug] ?[35m[MJSONWP (461f1115)]?[39m Responding to client with driver.elementDisplayed() result: true
?[35m[HTTP]?[39m ?[37m<-- GET /wd/hub/session/461f1115-53c9-4275-9a07-3c8906abc7ca/element/23/displayed ?[39m?[32m200?[39m ?[90m56 ms - 76?[39m
?[35m[HTTP]?[39m ?[90m?[39m
?[35m[HTTP]?[39m ?[37m-->?[39m ?[37mGET?[39m ?[37m/wd/hub/session/461f1115-53c9-4275-9a07-3c8906abc7ca/element/24/displayed?[39m
?[35m[HTTP]?[39m ?[90m{}?[39m
[debug] ?[35m[MJSONWP (461f1115)]?[39m Calling AppiumDriver.elementDisplayed() with args: ["24","461f1115-53c9-4275-9a07-3c8906abc7ca"]
[debug] ?[35m[AndroidBootstrap]?[39m Sending command to android: {"cmd":"action","action":"element:getAttribute","params":{"attribute":"displayed","elementId":"24"}}
[debug] ?[35m[AndroidBootstrap]?[39m [BOOTSTRAP LOG] [debug] Got data from client: {"cmd":"action","action":"element:getAttribute","params":{"attribute":"displayed","elementId":"24"}}
[debug] ?[35m[AndroidBootstrap]?[39m [BOOTSTRAP LOG] [debug] Got command of type ACTION
[debug] ?[35m[AndroidBootstrap]?[39m [BOOTSTRAP LOG] [debug] Got command action: getAttribute
[debug] ?[35m[AndroidBootstrap]?[39m [BOOTSTRAP LOG] [debug] Returning result: {"status":0,"value":"true"}
[debug] ?[35m[AndroidBootstrap]?[39m Received command result from bootstrap
[debug] ?[35m[MJSONWP (461f1115)]?[39m Responding to client with driver.elementDisplayed() result: true
?[35m[HTTP]?[39m ?[37m<-- GET /wd/hub/session/461f1115-53c9-4275-9a07-3c8906abc7ca/element/24/displayed ?[39m?[32m200?[39m ?[90m246 ms - 76?[39m
?[35m[HTTP]?[39m ?[90m?[39m
?[35m[HTTP]?[39m ?[37m-->?[39m ?[37mGET?[39m ?[37m/wd/hub/session/461f1115-53c9-4275-9a07-3c8906abc7ca/element/25/displayed?[39m
?[35m[HTTP]?[39m ?[90m{}?[39m
[debug] ?[35m[MJSONWP (461f1115)]?[39m Calling AppiumDriver.elementDisplayed() with args: ["25","461f1115-53c9-4275-9a07-3c8906abc7ca"]
[debug] ?[35m[AndroidBootstrap]?[39m Sending command to android: {"cmd":"action","action":"element:getAttribute","params":{"attribute":"displayed","elementId":"25"}}
[debug] ?[35m[AndroidBootstrap]?[39m [BOOTSTRAP LOG] [debug] Got data from client: {"cmd":"action","action":"element:getAttribute","params":{"attribute":"displayed","elementId":"25"}}
[debug] ?[35m[AndroidBootstrap]?[39m [BOOTSTRAP LOG] [debug] Got command of type ACTION
[debug] ?[35m[AndroidBootstrap]?[39m [BOOTSTRAP LOG] [debug] Got command action: getAttribute
[debug] ?[35m[AndroidBootstrap]?[39m [BOOTSTRAP LOG] [debug] Returning result: {"status":0,"value":"true"}
[debug] ?[35m[AndroidBootstrap]?[39m Received command result from bootstrap
[debug] ?[35m[MJSONWP (461f1115)]?[39m Responding to client with driver.elementDisplayed() result: true
?[35m[HTTP]?[39m ?[37m<-- GET /wd/hub/session/461f1115-53c9-4275-9a07-3c8906abc7ca/element/25/displayed ?[39m?[32m200?[39m ?[90m2109 ms - 76?[39m
?[35m[HTTP]?[39m ?[90m?[39m
?[35m[HTTP]?[39m ?[37m-->?[39m ?[37mGET?[39m ?[37m/wd/hub/session/461f1115-53c9-4275-9a07-3c8906abc7ca/element/26/displayed?[39m
?[35m[HTTP]?[39m ?[90m{}?[39m
[debug] ?[35m[MJSONWP (461f1115)]?[39m Calling AppiumDriver.elementDisplayed() with args: ["26","461f1115-53c9-4275-9a07-3c8906abc7ca"]
[debug] ?[35m[AndroidBootstrap]?[39m Sending command to android: {"cmd":"action","action":"element:getAttribute","params":{"attribute":"displayed","elementId":"26"}}
[debug] ?[35m[AndroidBootstrap]?[39m [BOOTSTRAP LOG] [debug] Got data from client: {"cmd":"action","action":"element:getAttribute","params":{"attribute":"displayed","elementId":"26"}}
[debug] ?[35m[AndroidBootstrap]?[39m [BOOTSTRAP LOG] [debug] Got command of type ACTION
[debug] ?[35m[AndroidBootstrap]?[39m [BOOTSTRAP LOG] [debug] Got command action: getAttribute
[debug] ?[35m[AndroidBootstrap]?[39m [BOOTSTRAP LOG] [debug] Returning result: {"status":0,"value":"true"}
[debug] ?[35m[AndroidBootstrap]?[39m Received command result from bootstrap
[debug] ?[35m[MJSONWP (461f1115)]?[39m Responding to client with driver.elementDisplayed() result: true
?[35m[HTTP]?[39m ?[37m<-- GET /wd/hub/session/461f1115-53c9-4275-9a07-3c8906abc7ca/element/26/displayed ?[39m?[32m200?[39m ?[90m57 ms - 76?[39m
?[35m[HTTP]?[39m ?[90m?[39m
?[35m[HTTP]?[39m ?[37m-->?[39m ?[37mGET?[39m ?[37m/wd/hub/session/461f1115-53c9-4275-9a07-3c8906abc7ca/element/27/displayed?[39m
?[35m[HTTP]?[39m ?[90m{}?[39m
[debug] ?[35m[MJSONWP (461f1115)]?[39m Calling AppiumDriver.elementDisplayed() with args: ["27","461f1115-53c9-4275-9a07-3c8906abc7ca"]
[debug] ?[35m[AndroidBootstrap]?[39m Sending command to android: {"cmd":"action","action":"element:getAttribute","params":{"attribute":"displayed","elementId":"27"}}
[debug] ?[35m[AndroidBootstrap]?[39m [BOOTSTRAP LOG] [debug] Got data from client: {"cmd":"action","action":"element:getAttribute","params":{"attribute":"displayed","elementId":"27"}}
[debug] ?[35m[AndroidBootstrap]?[39m [BOOTSTRAP LOG] [debug] Got command of type ACTION
[debug] ?[35m[AndroidBootstrap]?[39m [BOOTSTRAP LOG] [debug] Got command action: getAttribute
[debug] ?[35m[AndroidBootstrap]?[39m [BOOTSTRAP LOG] [debug] Returning result: {"status":0,"value":"true"}
[debug] ?[35m[AndroidBootstrap]?[39m Received command result from bootstrap
[debug] ?[35m[MJSONWP (461f1115)]?[39m Responding to client with driver.elementDisplayed() result: true
?[35m[HTTP]?[39m ?[37m<-- GET /wd/hub/session/461f1115-53c9-4275-9a07-3c8906abc7ca/element/27/displayed ?[39m?[32m200?[39m ?[90m33 ms - 76?[39m
?[35m[HTTP]?[39m ?[90m?[39m
?[35m[HTTP]?[39m ?[37m-->?[39m ?[37mGET?[39m ?[37m/wd/hub/session/461f1115-53c9-4275-9a07-3c8906abc7ca/element/28/displayed?[39m
?[35m[HTTP]?[39m ?[90m{}?[39m
[debug] ?[35m[MJSONWP (461f1115)]?[39m Calling AppiumDriver.elementDisplayed() with args: ["28","461f1115-53c9-4275-9a07-3c8906abc7ca"]
[debug] ?[35m[AndroidBootstrap]?[39m Sending command to android: {"cmd":"action","action":"element:getAttribute","params":{"attribute":"displayed","elementId":"28"}}
[debug] ?[35m[AndroidBootstrap]?[39m [BOOTSTRAP LOG] [debug] Got data from client: {"cmd":"action","action":"element:getAttribute","params":{"attribute":"displayed","elementId":"28"}}
[debug] ?[35m[AndroidBootstrap]?[39m [BOOTSTRAP LOG] [debug] Got command of type ACTION
[debug] ?[35m[AndroidBootstrap]?[39m [BOOTSTRAP LOG] [debug] Got command action: getAttribute
[debug] ?[35m[AndroidBootstrap]?[39m [BOOTSTRAP LOG] [debug] Returning result: {"status":0,"value":"true"}
[debug] ?[35m[AndroidBootstrap]?[39m Received command result from bootstrap
[debug] ?[35m[MJSONWP (461f1115)]?[39m Responding to client with driver.elementDisplayed() result: true
?[35m[HTTP]?[39m ?[37m<-- GET /wd/hub/session/461f1115-53c9-4275-9a07-3c8906abc7ca/element/28/displayed ?[39m?[32m200?[39m ?[90m48 ms - 76?[39m
?[35m[HTTP]?[39m ?[90m?[39m
?[35m[HTTP]?[39m ?[37m-->?[39m ?[37mGET?[39m ?[37m/wd/hub/session/461f1115-53c9-4275-9a07-3c8906abc7ca/element/29/displayed?[39m
?[35m[HTTP]?[39m ?[90m{}?[39m
[debug] ?[35m[MJSONWP (461f1115)]?[39m Calling AppiumDriver.elementDisplayed() with args: ["29","461f1115-53c9-4275-9a07-3c8906abc7ca"]
[debug] ?[35m[AndroidBootstrap]?[39m Sending command to android: {"cmd":"action","action":"element:getAttribute","params":{"attribute":"displayed","elementId":"29"}}
[debug] ?[35m[AndroidBootstrap]?[39m [BOOTSTRAP LOG] [debug] Got data from client: {"cmd":"action","action":"element:getAttribute","params":{"attribute":"displayed","elementId":"29"}}
[debug] ?[35m[AndroidBootstrap]?[39m [BOOTSTRAP LOG] [debug] Got command of type ACTION
[debug] ?[35m[AndroidBootstrap]?[39m [BOOTSTRAP LOG] [debug] Got command action: getAttribute
[debug] ?[35m[AndroidBootstrap]?[39m [BOOTSTRAP LOG] [debug] Returning result: {"status":0,"value":"true"}
[debug] ?[35m[AndroidBootstrap]?[39m Received command result from bootstrap
[debug] ?[35m[MJSONWP (461f1115)]?[39m Responding to client with driver.elementDisplayed() result: true
?[35m[HTTP]?[39m ?[37m<-- GET /wd/hub/session/461f1115-53c9-4275-9a07-3c8906abc7ca/element/29/displayed ?[39m?[32m200?[39m ?[90m32 ms - 76?[39m
?[35m[HTTP]?[39m ?[90m?[39m
?[35m[HTTP]?[39m ?[37m-->?[39m ?[37mGET?[39m ?[37m/wd/hub/session/461f1115-53c9-4275-9a07-3c8906abc7ca/element/30/displayed?[39m
?[35m[HTTP]?[39m ?[90m{}?[39m
[debug] ?[35m[MJSONWP (461f1115)]?[39m Calling AppiumDriver.elementDisplayed() with args: ["30","461f1115-53c9-4275-9a07-3c8906abc7ca"]
[debug] ?[35m[AndroidBootstrap]?[39m Sending command to android: {"cmd":"action","action":"element:getAttribute","params":{"attribute":"displayed","elementId":"30"}}
[debug] ?[35m[AndroidBootstrap]?[39m [BOOTSTRAP LOG] [debug] Got data from client: {"cmd":"action","action":"element:getAttribute","params":{"attribute":"displayed","elementId":"30"}}
[debug] ?[35m[AndroidBootstrap]?[39m [BOOTSTRAP LOG] [debug] Got command of type ACTION
[debug] ?[35m[AndroidBootstrap]?[39m [BOOTSTRAP LOG] [debug] Got command action: getAttribute
[debug] ?[35m[AndroidBootstrap]?[39m [BOOTSTRAP LOG] [debug] Returning result: {"status":0,"value":"true"}
[debug] ?[35m[AndroidBootstrap]?[39m Received command result from bootstrap
[debug] ?[35m[MJSONWP (461f1115)]?[39m Responding to client with driver.elementDisplayed() result: true
?[35m[HTTP]?[39m ?[37m<-- GET /wd/hub/session/461f1115-53c9-4275-9a07-3c8906abc7ca/element/30/displayed ?[39m?[32m200?[39m ?[90m40 ms - 76?[39m
?[35m[HTTP]?[39m ?[90m?[39m
?[35m[HTTP]?[39m ?[37m-->?[39m ?[37mPOST?[39m ?[37m/wd/hub/session/461f1115-53c9-4275-9a07-3c8906abc7ca/elements?[39m
?[35m[HTTP]?[39m ?[90m{"using":"id","value":"drawer_item_title"}?[39m
[debug] ?[35m[MJSONWP (461f1115)]?[39m Calling AppiumDriver.findElements() with args: ["id","drawer_item_title","461f1115-53c9-4275-9a07-3c8906abc7ca"]
[debug] ?[35m[BaseDriver]?[39m Valid locator strategies for this request: xpath, id, class name, accessibility id, -android uiautomator
[debug] ?[35m[BaseDriver]?[39m Waiting up to 15000 ms for condition
[debug] ?[35m[AndroidBootstrap]?[39m Sending command to android: {"cmd":"action","action":"find","params":{"strategy":"id","selector":"drawer_item_title","context":"","multiple":true}}
[debug] ?[35m[AndroidBootstrap]?[39m [BOOTSTRAP LOG] [debug] Got data from client: {"cmd":"action","action":"find","params":{"strategy":"id","selector":"drawer_item_title","context":"","multiple":true}}
[debug] ?[35m[AndroidBootstrap]?[39m [BOOTSTRAP LOG] [debug] Got command of type ACTION
[debug] ?[35m[AndroidBootstrap]?[39m [BOOTSTRAP LOG] [debug] Got command action: find
[debug] ?[35m[AndroidBootstrap]?[39m [BOOTSTRAP LOG] [debug] Finding 'drawer_item_title' using 'ID' with the contextId: '' multiple: true
[debug] ?[35m[AndroidBootstrap]?[39m [BOOTSTRAP LOG] [debug] Using: UiSelector[RESOURCE_ID=in.amazon.mShop.android.shopping:id/drawer_item_title]
[debug] ?[35m[AndroidBootstrap]?[39m [BOOTSTRAP LOG] [debug] getElements selector:UiSelector[RESOURCE_ID=in.amazon.mShop.android.shopping:id/drawer_item_title]
[debug] ?[35m[AndroidBootstrap]?[39m [BOOTSTRAP LOG] [debug] Element[] is null: (0)
[debug] ?[35m[AndroidBootstrap]?[39m [BOOTSTRAP LOG] [debug] getElements tmp selector:UiSelector[INSTANCE=0, RESOURCE_ID=in.amazon.mShop.android.shopping:id/drawer_item_title]
[debug] ?[35m[AndroidBootstrap]?[39m [BOOTSTRAP LOG] [debug] Element[] is null: (1)
[debug] ?[35m[AndroidBootstrap]?[39m [BOOTSTRAP LOG] [debug] getElements tmp selector:UiSelector[INSTANCE=1, RESOURCE_ID=in.amazon.mShop.android.shopping:id/drawer_item_title]
[debug] ?[35m[AndroidBootstrap]?[39m [BOOTSTRAP LOG] [debug] Element[] is null: (2)
[debug] ?[35m[AndroidBootstrap]?[39m [BOOTSTRAP LOG] [debug] getElements tmp selector:UiSelector[INSTANCE=2, RESOURCE_ID=in.amazon.mShop.android.shopping:id/drawer_item_title]
[debug] ?[35m[AndroidBootstrap]?[39m [BOOTSTRAP LOG] [debug] Element[] is null: (3)
[debug] ?[35m[AndroidBootstrap]?[39m [BOOTSTRAP LOG] [debug] getElements tmp selector:UiSelector[INSTANCE=3, RESOURCE_ID=in.amazon.mShop.android.shopping:id/drawer_item_title]
[debug] ?[35m[AndroidBootstrap]?[39m [BOOTSTRAP LOG] [debug] Element[] is null: (4)
[debug] ?[35m[AndroidBootstrap]?[39m [BOOTSTRAP LOG] [debug] getElements tmp selector:UiSelector[INSTANCE=4, RESOURCE_ID=in.amazon.mShop.android.shopping:id/drawer_item_title]
[debug] ?[35m[AndroidBootstrap]?[39m [BOOTSTRAP LOG] [debug] Element[] is null: (5)
[debug] ?[35m[AndroidBootstrap]?[39m [BOOTSTRAP LOG] [debug] getElements tmp selector:UiSelector[INSTANCE=5, RESOURCE_ID=in.amazon.mShop.android.shopping:id/drawer_item_title]
[debug] ?[35m[AndroidBootstrap]?[39m [BOOTSTRAP LOG] [debug] Element[] is null: (6)
[debug] ?[35m[AndroidBootstrap]?[39m [BOOTSTRAP LOG] [debug] getElements tmp selector:UiSelector[INSTANCE=6, RESOURCE_ID=in.amazon.mShop.android.shopping:id/drawer_item_title]
[debug] ?[35m[AndroidBootstrap]?[39m [BOOTSTRAP LOG] [debug] Element[] is null: (7)
[debug] ?[35m[AndroidBootstrap]?[39m [BOOTSTRAP LOG] [debug] getElements tmp selector:UiSelector[INSTANCE=7, RESOURCE_ID=in.amazon.mShop.android.shopping:id/drawer_item_title]
[debug] ?[35m[AndroidBootstrap]?[39m [BOOTSTRAP LOG] [debug] Element[] is null: (8)
[debug] ?[35m[AndroidBootstrap]?[39m [BOOTSTRAP LOG] [debug] getElements tmp selector:UiSelector[INSTANCE=8, RESOURCE_ID=in.amazon.mShop.android.shopping:id/drawer_item_title]
[debug] ?[35m[AndroidBootstrap]?[39m [BOOTSTRAP LOG] [debug] Element[] is null: (9)
[debug] ?[35m[AndroidBootstrap]?[39m [BOOTSTRAP LOG] [debug] getElements tmp selector:UiSelector[INSTANCE=9, RESOURCE_ID=in.amazon.mShop.android.shopping:id/drawer_item_title]
[debug] ?[35m[AndroidBootstrap]?[39m [BOOTSTRAP LOG] [debug] Element[] is null: (10)
[debug] ?[35m[AndroidBootstrap]?[39m [BOOTSTRAP LOG] [debug] getElements tmp selector:UiSelector[INSTANCE=10, RESOURCE_ID=in.amazon.mShop.android.shopping:id/drawer_item_title]
[debug] ?[35m[AndroidBootstrap]?[39m [BOOTSTRAP LOG] [debug] Using: UiSelector[RESOURCE_ID=android:id/drawer_item_title]
[debug] ?[35m[AndroidBootstrap]?[39m [BOOTSTRAP LOG] [debug] getElements selector:UiSelector[RESOURCE_ID=android:id/drawer_item_title]
[debug] ?[35m[AndroidBootstrap]?[39m [BOOTSTRAP LOG] [debug] Element[] is null: (0)
[debug] ?[35m[AndroidBootstrap]?[39m [BOOTSTRAP LOG] [debug] getElements tmp selector:UiSelector[INSTANCE=0, RESOURCE_ID=android:id/drawer_item_title]
[debug] ?[35m[AndroidBootstrap]?[39m [BOOTSTRAP LOG] [debug] Using: UiSelector[RESOURCE_ID=drawer_item_title]
[debug] ?[35m[AndroidBootstrap]?[39m [BOOTSTRAP LOG] [debug] getElements selector:UiSelector[RESOURCE_ID=drawer_item_title]
[debug] ?[35m[AndroidBootstrap]?[39m [BOOTSTRAP LOG] [debug] Element[] is null: (0)
[debug] ?[35m[AndroidBootstrap]?[39m [BOOTSTRAP LOG] [debug] getElements tmp selector:UiSelector[INSTANCE=0, RESOURCE_ID=drawer_item_title]
[debug] ?[35m[AndroidBootstrap]?[39m [BOOTSTRAP LOG] [debug] Using: UiSelector[DESCRIPTION=drawer_item_title]
[debug] ?[35m[AndroidBootstrap]?[39m [BOOTSTRAP LOG] [debug] getElements selector:UiSelector[DESCRIPTION=drawer_item_title]
[debug] ?[35m[AndroidBootstrap]?[39m [BOOTSTRAP LOG] [debug] Element[] is null: (0)
[debug] ?[35m[AndroidBootstrap]?[39m [BOOTSTRAP LOG] [debug] getElements tmp selector:UiSelector[DESCRIPTION=drawer_item_title, INSTANCE=0]
[debug] ?[35m[AndroidBootstrap]?[39m [BOOTSTRAP LOG] [debug] Returning result: {"status":0,"value":[{"ELEMENT":"31"},{"ELEMENT":"32"},{"ELEMENT":"33"},{"ELEMENT":"34"},{"ELEMENT":"35"},{"ELEMENT":"36"},{"ELEMENT":"37"},{"ELEMENT":"38"},{"ELEMENT":"39"},{"ELEMENT":"40"}]}
[debug] ?[35m[AndroidBootstrap]?[39m Received command result from bootstrap
[debug] ?[35m[MJSONWP (461f1115)]?[39m Responding to client with driver.findElements() result: [{"ELEMENT":"31"},{"ELEMENT":"32"},{"ELEMENT":"33"},{"ELEMENT":"34"},{"ELEMENT":"35"},{"ELEMENT":"36"},{"ELEMENT":"37"},{"ELEMENT":"38"},{"ELEMENT":"39"},{"ELEMENT":"40"}]
?[35m[HTTP]?[39m ?[37m<-- POST /wd/hub/session/461f1115-53c9-4275-9a07-3c8906abc7ca/elements ?[39m?[32m200?[39m ?[90m947 ms - 243?[39m
?[35m[HTTP]?[39m ?[90m?[39m
Test case pass and detail are checkAction_bar
]]></system-out>
  <system-err><![CDATA[Feb 08, 2019 3:10:19 PM io.appium.java_client.remote.AppiumCommandExecutor$1 lambda$0
INFO: Detected dialect: OSS
]]></system-err>
</testsuite>
