<?xml version="1.0" encoding="UTF-8"?>
<testsuite name="com.amazon.androidframework.test.android.AmazonLoginTest" tests="7" skipped="0" failures="0" errors="0" timestamp="2019-02-08T09:38:53" hostname="in-Akashgupta.local" time="171.386">
  <properties/>
  <testcase name="checkAmazonIcone" classname="com.amazon.androidframework.test.android.AmazonLoginTest" time="5.221"/>
  <testcase name="amazonSigninPagePrimaryTitle" classname="com.amazon.androidframework.test.android.AmazonLoginTest" time="3.901"/>
  <testcase name="amazonSigninPageSecondarysTitle" classname="com.amazon.androidframework.test.android.AmazonLoginTest" time="3.336"/>
  <testcase name="checkSignInBtn" classname="com.amazon.androidframework.test.android.AmazonLoginTest" time="3.398"/>
  <testcase name="checkSignUpBtn" classname="com.amazon.androidframework.test.android.AmazonLoginTest" time="3.11"/>
  <testcase name="checkSkipSignIpBtn" classname="com.amazon.androidframework.test.android.AmazonLoginTest" time="3.715"/>
  <testcase name="loginToAmazon" classname="com.amazon.androidframework.test.android.AmazonLoginTest" time="48.121"/>
  <system-out><![CDATA[before class
?[35m[HTTP]?[39m ?[37m-->?[39m ?[37mPOST?[39m ?[37m/wd/hub/session?[39m
?[35m[HTTP]?[39m ?[90m{"desiredCapabilities":{"appActivity":"com.amazon.mShop.home.HomeActivity","appPackage":"in.amazon.mShop.android.shopping","appium version":"6.1","automationName":"UiAutomator","platformName":"Android","deviceName":"2a2d916"},"capabilities":{"firstMatch":[{"appium:appActivity":"com.amazon.mShop.home.HomeActivity","appium:appPackage":"in.amazon.mShop.android.shopping","appium version":"6.1","appium:automationName":"UiAutomator","appium:deviceName":"2a2d916","platformName":"android"}]}}?[39m
[debug] ?[35m[W3C]?[39m Calling AppiumDriver.createSession() with args: [{"appActivity":"com.amazon.mShop.home.HomeActivity","appPackage":"in.amazon.mShop.android.shopping","appium version":"6.1","automationName":"UiAutomator","platformName":"Android","deviceName":"2a2d916"},null,{"firstMatch":[{"appium:appActivity":"com.amazon.mShop.home.HomeActivity","appium:appPackage":"in.amazon.mShop.android.shopping","appium version":"6.1","appium:automationName":"UiAutomator","appium:deviceName":"2a2d916","platformName":"android"}]}]
[debug] ?[35m[BaseDriver]?[39m Event 'newSessionRequested' logged at 1549618722220 (15:08:42 GMT+0530 (IST))
?[35m[BaseDriver]?[39m The capabilities ["appium version"] are not standard capabilities and should have an extension prefix
?[35m[Appium]?[39m Could not parse W3C capabilities: 'automationName' UiAutomator not part of Appium,Selendroid,UiAutomator2,XCUITest,YouiEngine,Espresso,Tizen,Fake
?[35m[Appium]?[39m Trying to fix W3C capabilities by merging them with JSONWP caps
?[35m[BaseDriver]?[39m The capabilities ["appium version","appActivity","appPackage","automationName","deviceName"] are not standard capabilities and should have an extension prefix
?[35m[Appium]?[39m Could not parse fixed W3C capabilities: 'automationName' UiAutomator not part of Appium,Selendroid,UiAutomator2,XCUITest,YouiEngine,Espresso,Tizen,Fake. Falling back to JSONWP protocol
?[35m[Appium]?[39m Creating new AndroidDriver (v4.7.0) session
?[35m[Appium]?[39m Capabilities:
?[35m[Appium]?[39m   appActivity: com.amazon.mShop.home.HomeActivity
?[35m[Appium]?[39m   appPackage: in.amazon.mShop.android.shopping
?[35m[Appium]?[39m   appium version: 6.1
?[35m[Appium]?[39m   automationName: UiAutomator
?[35m[Appium]?[39m   platformName: Android
?[35m[Appium]?[39m   deviceName: 2a2d916
[debug] ?[35m[BaseDriver]?[39m Creating session with MJSONWP desired capabilities: {"appActivity":"com.amazon....
?[35m[BaseDriver]?[39m The following capabilities were provided, but are not recognized by appium: appium version.
?[35m[BaseDriver]?[39m Session created with session id: 47a5363f-e737-476f-99e2-7a271f22fffc
?[35m[AndroidDriver]?[39m Java version is: 1.8.0_202-ea
?[35m[ADB]?[39m Checking whether adb is present
?[35m[ADB]?[39m Found 1 'build-tools' folders under '//Users/akash.gupta/Library/Android/sdk' (newest first):
?[35m[ADB]?[39m     /Users/akash.gupta/Library/Android/sdk/build-tools/28.0.3
?[35m[ADB]?[39m Using adb from /Users/akash.gupta/Library/Android/sdk/platform-tools/adb
?[35m[AndroidDriver]?[39m Retrieving device list
[debug] ?[35m[ADB]?[39m Trying to find a connected android device
[debug] ?[35m[ADB]?[39m Getting connected devices...
[debug] ?[35m[ADB]?[39m 2 device(s) connected
?[35m[AndroidDriver]?[39m Using device: A2QDU17616001089
[debug] ?[35m[ADB]?[39m Setting device id to A2QDU17616001089
[debug] ?[35m[ADB]?[39m Running '/Users/akash.gupta/Library/Android/sdk/platform-tools/adb -P 5037 -s A2QDU17616001089 shell getprop ro.build.version.sdk'
[debug] ?[35m[ADB]?[39m Current device property 'ro.build.version.sdk': 24
[debug] ?[35m[ADB]?[39m Device API level: 24
?[35m[AndroidDriver]?[39m Consider setting 'automationName' capability to 'uiautomator2' on Android >= 6, since UIAutomator framework is not maintained anymore by the OS vendor.
?[35m[AndroidDriver]?[39m App file was not listed, instead we're going to run in.amazon.mShop.android.shopping directly on the device
[debug] ?[35m[AndroidDriver]?[39m Checking whether package is present on the device
[debug] ?[35m[ADB]?[39m Running '/Users/akash.gupta/Library/Android/sdk/platform-tools/adb -P 5037 -s A2QDU17616001089 shell pm list packages in.amazon.mShop.android.shopping'
?[35m[AndroidDriver]?[39m Starting Android session
[debug] ?[35m[ADB]?[39m Running '/Users/akash.gupta/Library/Android/sdk/platform-tools/adb -P 5037 -s A2QDU17616001089 wait-for-device'
[debug] ?[35m[ADB]?[39m Running '/Users/akash.gupta/Library/Android/sdk/platform-tools/adb -P 5037 -s A2QDU17616001089 shell echo ping'
[debug] ?[35m[AndroidDriver]?[39m Pushing settings apk to device...
[debug] ?[35m[ADB]?[39m Getting install status for io.appium.settings
[debug] ?[35m[ADB]?[39m Running '/Users/akash.gupta/Library/Android/sdk/platform-tools/adb -P 5037 -s A2QDU17616001089 shell dumpsys package io.appium.settings'
[debug] ?[35m[ADB]?[39m 'io.appium.settings' is installed
[debug] ?[35m[ADB]?[39m Getting package info for 'io.appium.settings'
[debug] ?[35m[ADB]?[39m Running '/Users/akash.gupta/Library/Android/sdk/platform-tools/adb -P 5037 -s A2QDU17616001089 shell dumpsys package io.appium.settings'
?[35m[ADB]?[39m Checking whether aapt is present
?[35m[ADB]?[39m Using aapt from /Users/akash.gupta/Library/Android/sdk/build-tools/28.0.3/aapt
[debug] ?[35m[ADB]?[39m The installed 'io.appium.settings' package does not require upgrade ('2.10.0' >= '2.10.0')
[debug] ?[35m[ADB]?[39m Running '/Users/akash.gupta/Library/Android/sdk/platform-tools/adb -P 5037 -s A2QDU17616001089 shell ps'
[debug] ?[35m[ADB]?[39m Device API level: 24
[debug] ?[35m[ADB]?[39m Device API level: 24
[debug] ?[35m[ADB]?[39m Running '/Users/akash.gupta/Library/Android/sdk/platform-tools/adb -P 5037 -s A2QDU17616001089 shell am start -W -n io.appium.settings/.Settings -a android.intent.action.MAIN -c android.intent.category.LAUNCHER -f 0x10200000'
[debug] ?[35m[ADB]?[39m Device API level: 24
[debug] ?[35m[ADB]?[39m Running '/Users/akash.gupta/Library/Android/sdk/platform-tools/adb -P 5037 -s A2QDU17616001089 shell appops set io.appium.settings android\:mock_location allow'
?[35m[AndroidDriver]?[39m setDeviceLanguageCountry requires language or country.
?[35m[AndroidDriver]?[39m Got language: 'null' and country: 'null'
[debug] ?[35m[Logcat]?[39m Starting logcat capture
?[35m[ADB]?[39m Getting device platform version
[debug] ?[35m[ADB]?[39m Running '/Users/akash.gupta/Library/Android/sdk/platform-tools/adb -P 5037 -s A2QDU17616001089 shell getprop ro.build.version.release'
[debug] ?[35m[ADB]?[39m Current device property 'ro.build.version.release': 7.0
[debug] ?[35m[ADB]?[39m Running '/Users/akash.gupta/Library/Android/sdk/platform-tools/adb -P 5037 -s A2QDU17616001089 shell wm size'
[debug] ?[35m[ADB]?[39m Running '/Users/akash.gupta/Library/Android/sdk/platform-tools/adb -P 5037 -s A2QDU17616001089 shell getprop ro.product.model'
[debug] ?[35m[ADB]?[39m Current device property 'ro.product.model': BLN-L22
[debug] ?[35m[ADB]?[39m Running '/Users/akash.gupta/Library/Android/sdk/platform-tools/adb -P 5037 -s A2QDU17616001089 shell getprop ro.product.manufacturer'
[debug] ?[35m[ADB]?[39m Current device property 'ro.product.manufacturer': HUAWEI
?[35m[AndroidDriver]?[39m No app sent in, not parsing package/activity
[debug] ?[35m[AndroidDriver]?[39m No app capability. Assuming it is already on the device
[debug] ?[35m[ADB]?[39m Getting install status for in.amazon.mShop.android.shopping
[debug] ?[35m[ADB]?[39m Running '/Users/akash.gupta/Library/Android/sdk/platform-tools/adb -P 5037 -s A2QDU17616001089 shell dumpsys package in.amazon.mShop.android.shopping'
[debug] ?[35m[ADB]?[39m 'in.amazon.mShop.android.shopping' is installed
[debug] ?[35m[ADB]?[39m Running '/Users/akash.gupta/Library/Android/sdk/platform-tools/adb -P 5037 -s A2QDU17616001089 shell am force-stop in.amazon.mShop.android.shopping'
[debug] ?[35m[ADB]?[39m Running '/Users/akash.gupta/Library/Android/sdk/platform-tools/adb -P 5037 -s A2QDU17616001089 shell pm clear in.amazon.mShop.android.shopping'
[debug] ?[35m[AndroidDriver]?[39m Performed fast reset on the installed 'in.amazon.mShop.android.shopping' application (stop and clear)
[debug] ?[35m[AndroidBootstrap]?[39m Watching for bootstrap disconnect
[debug] ?[35m[ADB]?[39m Forwarding system: 4724 to device: 4724
[debug] ?[35m[ADB]?[39m Running '/Users/akash.gupta/Library/Android/sdk/platform-tools/adb -P 5037 -s A2QDU17616001089 forward tcp\:4724 tcp\:4724'
[debug] ?[35m[UiAutomator]?[39m Starting UiAutomator
[debug] ?[35m[UiAutomator]?[39m Moving to state 'starting'
[debug] ?[35m[UiAutomator]?[39m Parsing uiautomator jar
[debug] ?[35m[UiAutomator]?[39m Found jar name: 'AppiumBootstrap.jar'
[debug] ?[35m[ADB]?[39m Running '/Users/akash.gupta/Library/Android/sdk/platform-tools/adb -P 5037 -s A2QDU17616001089 push /usr/local/lib/node_modules/appium/node_modules/appium-android-driver/bootstrap/bin/AppiumBootstrap.jar /data/local/tmp/'
[debug] ?[35m[ADB]?[39m Attempting to kill all uiautomator processes
[debug] ?[35m[ADB]?[39m Getting all processes with uiautomator
[debug] ?[35m[ADB]?[39m Running '/Users/akash.gupta/Library/Android/sdk/platform-tools/adb -P 5037 -s A2QDU17616001089 shell ps'
?[35m[ADB]?[39m No 'uiautomator' process has been found
[debug] ?[35m[UiAutomator]?[39m Starting UIAutomator
[debug] ?[35m[ADB]?[39m Creating ADB subprocess with args: ["-P",5037,"-s","A2QDU17616001089","shell","uiautomator","runtest","AppiumBootstrap.jar","-c","io.appium.android.bootstrap.Bootstrap","-e","pkg","in.amazon.mShop.android.shopping","-e","disableAndroidWatchers",false,"-e","acceptSslCerts",false]
[debug] ?[35m[UiAutomator]?[39m Moving to state 'online'
[debug] ?[35m[AndroidBootstrap]?[39m [BOOTSTRAP LOG] [debug] Loading json...
?[35m[AndroidBootstrap]?[39m Android bootstrap socket is now connected
[debug] ?[35m[ADB]?[39m Running '/Users/akash.gupta/Library/Android/sdk/platform-tools/adb -P 5037 -s A2QDU17616001089 shell dumpsys window'
[debug] ?[35m[AndroidBootstrap]?[39m [BOOTSTRAP LOG] [debug] json loading complete.
[debug] ?[35m[AndroidBootstrap]?[39m [BOOTSTRAP LOG] [debug] Registered crash watchers.
[debug] ?[35m[AndroidBootstrap]?[39m [BOOTSTRAP LOG] [debug] Client connected
?[35m[AndroidDriver]?[39m Screen already unlocked, doing nothing
[debug] ?[35m[ADB]?[39m Device API level: 24
[debug] ?[35m[ADB]?[39m Running '/Users/akash.gupta/Library/Android/sdk/platform-tools/adb -P 5037 -s A2QDU17616001089 shell am start -W -n in.amazon.mShop.android.shopping/com.amazon.mShop.home.HomeActivity -S -a android.intent.action.MAIN -c android.intent.category.LAUNCHER -f 0x10200000'
?[35m[Appium]?[39m New AndroidDriver session created successfully, session 47a5363f-e737-476f-99e2-7a271f22fffc added to master session list
[debug] ?[35m[BaseDriver]?[39m Event 'newSessionStarted' logged at 1549618732973 (15:08:52 GMT+0530 (IST))
[debug] ?[35m[MJSONWP (47a5363f)]?[39m Cached the protocol value 'MJSONWP' for the new session 47a5363f-e737-476f-99e2-7a271f22fffc
[debug] ?[35m[MJSONWP (47a5363f)]?[39m Responding to client with driver.createSession() result: {"platform":"LINUX","webStorageEnabled":false,"takesScreenshot":true,"javascriptEnabled":true,"databaseEnabled":false,"networkConnectionEnabled":true,"locationContextEnabled":false,"warnings":{},"desired":{"appActivity":"com.amazon.mShop.home.HomeActivity","appPackage":"in.amazon.mShop.android.shopping","appium version":"6.1","automationName":"UiAutomator","platformName":"Android","deviceName":"2a2d916"},"appActivity":"com.amazon.mShop.home.HomeActivity","appPackage":"in.amazon.mShop.android.shopping","appium version":"6.1","automationName":"UiAutomator","platformName":"Android","deviceName":"A2QDU17616001089","deviceUDID":"A2QDU17616001089","platformVersion":"7.0","deviceScreenSize":"1080x1920","deviceModel":"BLN-L22","deviceManufacturer":"HUAWEI"}
?[35m[HTTP]?[39m ?[37m<-- POST /wd/hub/session ?[39m?[32m200?[39m ?[90m10757 ms - 831?[39m
?[35m[HTTP]?[39m ?[90m?[39m
?[35m[HTTP]?[39m ?[37m-->?[39m ?[37mGET?[39m ?[37m/wd/hub/session/47a5363f-e737-476f-99e2-7a271f22fffc?[39m
?[35m[HTTP]?[39m ?[90m{}?[39m
[debug] ?[35m[MJSONWP (47a5363f)]?[39m Calling AppiumDriver.getSession() with args: ["47a5363f-e737-476f-99e2-7a271f22fffc"]
[debug] ?[35m[MJSONWP (47a5363f)]?[39m Responding to client with driver.getSession() result: {"platform":"LINUX","webStorageEnabled":false,"takesScreenshot":true,"javascriptEnabled":true,"databaseEnabled":false,"networkConnectionEnabled":true,"locationContextEnabled":false,"warnings":{},"desired":{"appActivity":"com.amazon.mShop.home.HomeActivity","appPackage":"in.amazon.mShop.android.shopping","appium version":"6.1","automationName":"UiAutomator","platformName":"Android","deviceName":"2a2d916"},"appActivity":"com.amazon.mShop.home.HomeActivity","appPackage":"in.amazon.mShop.android.shopping","appium version":"6.1","automationName":"UiAutomator","platformName":"Android","deviceName":"A2QDU17616001089","deviceUDID":"A2QDU17616001089","platformVersion":"7.0","deviceScreenSize":"1080x1920","deviceModel":"BLN-L22","deviceManufacturer":"HUAWEI"}
?[35m[HTTP]?[39m ?[37m<-- GET /wd/hub/session/47a5363f-e737-476f-99e2-7a271f22fffc ?[39m?[32m200?[39m ?[90m12 ms - 831?[39m
?[35m[HTTP]?[39m ?[90m?[39m
?[35m[HTTP]?[39m ?[37m-->?[39m ?[37mGET?[39m ?[37m/wd/hub/session/47a5363f-e737-476f-99e2-7a271f22fffc?[39m
?[35m[HTTP]?[39m ?[90m{}?[39m
[debug] ?[35m[MJSONWP (47a5363f)]?[39m Calling AppiumDriver.getSession() with args: ["47a5363f-e737-476f-99e2-7a271f22fffc"]
[debug] ?[35m[MJSONWP (47a5363f)]?[39m Responding to client with driver.getSession() result: {"platform":"LINUX","webStorageEnabled":false,"takesScreenshot":true,"javascriptEnabled":true,"databaseEnabled":false,"networkConnectionEnabled":true,"locationContextEnabled":false,"warnings":{},"desired":{"appActivity":"com.amazon.mShop.home.HomeActivity","appPackage":"in.amazon.mShop.android.shopping","appium version":"6.1","automationName":"UiAutomator","platformName":"Android","deviceName":"2a2d916"},"appActivity":"com.amazon.mShop.home.HomeActivity","appPackage":"in.amazon.mShop.android.shopping","appium version":"6.1","automationName":"UiAutomator","platformName":"Android","deviceName":"A2QDU17616001089","deviceUDID":"A2QDU17616001089","platformVersion":"7.0","deviceScreenSize":"1080x1920","deviceModel":"BLN-L22","deviceManufacturer":"HUAWEI"}
?[35m[HTTP]?[39m ?[37m<-- GET /wd/hub/session/47a5363f-e737-476f-99e2-7a271f22fffc ?[39m?[32m200?[39m ?[90m2 ms - 831?[39m
?[35m[HTTP]?[39m ?[90m?[39m
?[35m[HTTP]?[39m ?[37m-->?[39m ?[37mPOST?[39m ?[37m/wd/hub/session/47a5363f-e737-476f-99e2-7a271f22fffc/timeouts?[39m
?[35m[HTTP]?[39m ?[90m{"type":"implicit","ms":15000}?[39m
[debug] ?[35m[MJSONWP (47a5363f)]?[39m Calling AppiumDriver.timeouts() with args: ["implicit",15000,null,null,null,"47a5363f-e737-476f-99e2-7a271f22fffc"]
[debug] ?[35m[BaseDriver]?[39m MJSONWP timeout arguments: {"type":"implicit","ms":15000}}
[debug] ?[35m[BaseDriver]?[39m Set implicit wait to 15000ms
[debug] ?[35m[MJSONWP (47a5363f)]?[39m Responding to client with driver.timeouts() result: null
?[35m[HTTP]?[39m ?[37m<-- POST /wd/hub/session/47a5363f-e737-476f-99e2-7a271f22fffc/timeouts ?[39m?[32m200?[39m ?[90m3 ms - 76?[39m
?[35m[HTTP]?[39m ?[90m?[39m
Test case Start and detail arecheckAmazonIcone
?[35m[HTTP]?[39m ?[37m-->?[39m ?[37mPOST?[39m ?[37m/wd/hub/session/47a5363f-e737-476f-99e2-7a271f22fffc/element?[39m
?[35m[HTTP]?[39m ?[90m{"using":"id","value":"sso_splash_logo"}?[39m
[debug] ?[35m[MJSONWP (47a5363f)]?[39m Calling AppiumDriver.findElement() with args: ["id","sso_splash_logo","47a5363f-e737-476f-99e2-7a271f22fffc"]
[debug] ?[35m[BaseDriver]?[39m Valid locator strategies for this request: xpath, id, class name, accessibility id, -android uiautomator
[debug] ?[35m[BaseDriver]?[39m Waiting up to 15000 ms for condition
[debug] ?[35m[AndroidBootstrap]?[39m Sending command to android: {"cmd":"action","action":"find","params":{"strategy":"id","selector":"sso_splash_logo","context":"","multiple":false}}
[debug] ?[35m[AndroidBootstrap]?[39m [BOOTSTRAP LOG] [debug] Got data from client: {"cmd":"action","action":"find","params":{"strategy":"id","selector":"sso_splash_logo","context":"","multiple":false}}
[debug] ?[35m[AndroidBootstrap]?[39m [BOOTSTRAP LOG] [debug] Got command of type ACTION
[debug] ?[35m[AndroidBootstrap]?[39m [BOOTSTRAP LOG] [debug] Got command action: find
[debug] ?[35m[AndroidBootstrap]?[39m [BOOTSTRAP LOG] [debug] Finding 'sso_splash_logo' using 'ID' with the contextId: '' multiple: false
[debug] ?[35m[AndroidBootstrap]?[39m [BOOTSTRAP LOG] [debug] Using: UiSelector[INSTANCE=0, RESOURCE_ID=in.amazon.mShop.android.shopping:id/sso_splash_logo]
[debug] ?[35m[AndroidBootstrap]?[39m [BOOTSTRAP LOG] [debug] Returning result: {"status":0,"value":{"ELEMENT":"1"}}
[debug] ?[35m[AndroidBootstrap]?[39m Received command result from bootstrap
[debug] ?[35m[MJSONWP (47a5363f)]?[39m Responding to client with driver.findElement() result: {"ELEMENT":"1"}
?[35m[HTTP]?[39m ?[37m<-- POST /wd/hub/session/47a5363f-e737-476f-99e2-7a271f22fffc/element ?[39m?[32m200?[39m ?[90m21 ms - 87?[39m
?[35m[HTTP]?[39m ?[90m?[39m
?[35m[HTTP]?[39m ?[37m-->?[39m ?[37mGET?[39m ?[37m/wd/hub/session/47a5363f-e737-476f-99e2-7a271f22fffc/element/1/displayed?[39m
?[35m[HTTP]?[39m ?[90m{}?[39m
[debug] ?[35m[MJSONWP (47a5363f)]?[39m Calling AppiumDriver.elementDisplayed() with args: ["1","47a5363f-e737-476f-99e2-7a271f22fffc"]
[debug] ?[35m[AndroidBootstrap]?[39m Sending command to android: {"cmd":"action","action":"element:getAttribute","params":{"attribute":"displayed","elementId":"1"}}
[debug] ?[35m[AndroidBootstrap]?[39m [BOOTSTRAP LOG] [debug] Got data from client: {"cmd":"action","action":"element:getAttribute","params":{"attribute":"displayed","elementId":"1"}}
[debug] ?[35m[AndroidBootstrap]?[39m [BOOTSTRAP LOG] [debug] Got command of type ACTION
[debug] ?[35m[AndroidBootstrap]?[39m [BOOTSTRAP LOG] [debug] Got command action: getAttribute
[debug] ?[35m[AndroidBootstrap]?[39m [BOOTSTRAP LOG] [debug] Returning result: {"status":0,"value":"true"}
[debug] ?[35m[AndroidBootstrap]?[39m Received command result from bootstrap
[debug] ?[35m[MJSONWP (47a5363f)]?[39m Responding to client with driver.elementDisplayed() result: true
?[35m[HTTP]?[39m ?[37m<-- GET /wd/hub/session/47a5363f-e737-476f-99e2-7a271f22fffc/element/1/displayed ?[39m?[32m200?[39m ?[90m25 ms - 76?[39m
?[35m[HTTP]?[39m ?[90m?[39m
Test case pass and detail are checkAmazonIcone
?[35m[HTTP]?[39m ?[37m-->?[39m ?[37mPOST?[39m ?[37m/wd/hub/session/a9ae1524-9c05-43b8-a67b-c53391df4dcf/element?[39m
?[35m[HTTP]?[39m ?[90m{"using":"id","value":"signin_to_yourAccount"}?[39m
[debug] ?[35m[MJSONWP (a9ae1524)]?[39m Calling AppiumDriver.findElement() with args: ["id","signin_to_yourAccount","a9ae1524-9c05-43b8-a67b-c53391df4dcf"]
[debug] ?[35m[BaseDriver]?[39m Valid locator strategies for this request: xpath, id, class name, accessibility id, -android uiautomator
[debug] ?[35m[BaseDriver]?[39m Waiting up to 15000 ms for condition
[debug] ?[35m[AndroidBootstrap]?[39m Sending command to android: {"cmd":"action","action":"find","params":{"strategy":"id","selector":"signin_to_yourAccount","context":"","multiple":false}}
[debug] ?[35m[AndroidBootstrap]?[39m [BOOTSTRAP LOG] [debug] Got data from client: {"cmd":"action","action":"find","params":{"strategy":"id","selector":"signin_to_yourAccount","context":"","multiple":false}}
[debug] ?[35m[AndroidBootstrap]?[39m [BOOTSTRAP LOG] [debug] Got command of type ACTION
[debug] ?[35m[AndroidBootstrap]?[39m [BOOTSTRAP LOG] [debug] Got command action: find
[debug] ?[35m[AndroidBootstrap]?[39m [BOOTSTRAP LOG] [debug] Finding 'signin_to_yourAccount' using 'ID' with the contextId: '' multiple: false
[debug] ?[35m[AndroidBootstrap]?[39m [BOOTSTRAP LOG] [debug] Using: UiSelector[INSTANCE=0, RESOURCE_ID=in.amazon.mShop.android.shopping:id/signin_to_yourAccount]
[debug] ?[35m[AndroidBootstrap]?[39m [BOOTSTRAP LOG] [debug] Using: UiSelector[INSTANCE=0, RESOURCE_ID=android:id/signin_to_yourAccount]
[debug] ?[35m[AndroidBootstrap]?[39m [BOOTSTRAP LOG] [debug] Using: UiSelector[INSTANCE=0, RESOURCE_ID=signin_to_yourAccount]
[debug] ?[35m[AndroidBootstrap]?[39m [BOOTSTRAP LOG] [debug] Using: UiSelector[DESCRIPTION=signin_to_yourAccount, INSTANCE=0]
[debug] ?[35m[AndroidBootstrap]?[39m [BOOTSTRAP LOG] [debug] Failed to locate element. Clearing Accessibility cache and retrying.
[debug] ?[35m[AndroidBootstrap]?[39m [BOOTSTRAP LOG] [debug] Finding 'signin_to_yourAccount' using 'ID' with the contextId: '' multiple: false
[debug] ?[35m[AndroidBootstrap]?[39m [BOOTSTRAP LOG] [debug] Using: UiSelector[INSTANCE=0, RESOURCE_ID=in.amazon.mShop.android.shopping:id/signin_to_yourAccount]
[debug] ?[35m[AndroidBootstrap]?[39m [BOOTSTRAP LOG] [debug] Using: UiSelector[INSTANCE=0, RESOURCE_ID=android:id/signin_to_yourAccount]
[debug] ?[35m[AndroidBootstrap]?[39m [BOOTSTRAP LOG] [debug] Using: UiSelector[INSTANCE=0, RESOURCE_ID=signin_to_yourAccount]
[debug] ?[35m[AndroidBootstrap]?[39m [BOOTSTRAP LOG] [debug] Using: UiSelector[DESCRIPTION=signin_to_yourAccount, INSTANCE=0]
[debug] ?[35m[AndroidBootstrap]?[39m [BOOTSTRAP LOG] [debug] Returning result: {"status":7,"value":"No element found"}
[debug] ?[35m[AndroidBootstrap]?[39m Received command result from bootstrap
[debug] ?[35m[MJSONWP]?[39m Matched JSONWP error code 7 to NoSuchElementError
[debug] ?[35m[BaseDriver]?[39m Waited for 502 ms so far
[debug] ?[35m[AndroidBootstrap]?[39m Sending command to android: {"cmd":"action","action":"find","params":{"strategy":"id","selector":"signin_to_yourAccount","context":"","multiple":false}}
[debug] ?[35m[AndroidBootstrap]?[39m [BOOTSTRAP LOG] [debug] Got data from client: {"cmd":"action","action":"find","params":{"strategy":"id","selector":"signin_to_yourAccount","context":"","multiple":false}}
[debug] ?[35m[AndroidBootstrap]?[39m [BOOTSTRAP LOG] [debug] Got command of type ACTION
[debug] ?[35m[AndroidBootstrap]?[39m [BOOTSTRAP LOG] [debug] Got command action: find
[debug] ?[35m[AndroidBootstrap]?[39m [BOOTSTRAP LOG] [debug] Finding 'signin_to_yourAccount' using 'ID' with the contextId: '' multiple: false
[debug] ?[35m[AndroidBootstrap]?[39m [BOOTSTRAP LOG] [debug] Using: UiSelector[INSTANCE=0, RESOURCE_ID=in.amazon.mShop.android.shopping:id/signin_to_yourAccount]
[debug] ?[35m[AndroidBootstrap]?[39m [BOOTSTRAP LOG] [debug] Using: UiSelector[INSTANCE=0, RESOURCE_ID=android:id/signin_to_yourAccount]
[debug] ?[35m[AndroidBootstrap]?[39m [BOOTSTRAP LOG] [debug] Using: UiSelector[INSTANCE=0, RESOURCE_ID=signin_to_yourAccount]
[debug] ?[35m[AndroidBootstrap]?[39m [BOOTSTRAP LOG] [debug] Using: UiSelector[DESCRIPTION=signin_to_yourAccount, INSTANCE=0]
[debug] ?[35m[AndroidBootstrap]?[39m [BOOTSTRAP LOG] [debug] Failed to locate element. Clearing Accessibility cache and retrying.
[debug] ?[35m[AndroidBootstrap]?[39m [BOOTSTRAP LOG] [debug] Finding 'signin_to_yourAccount' using 'ID' with the contextId: '' multiple: false
[debug] ?[35m[AndroidBootstrap]?[39m [BOOTSTRAP LOG] [debug] Using: UiSelector[INSTANCE=0, RESOURCE_ID=in.amazon.mShop.android.shopping:id/signin_to_yourAccount]
[debug] ?[35m[AndroidBootstrap]?[39m [BOOTSTRAP LOG] [debug] Using: UiSelector[INSTANCE=0, RESOURCE_ID=android:id/signin_to_yourAccount]
[debug] ?[35m[AndroidBootstrap]?[39m [BOOTSTRAP LOG] [debug] Using: UiSelector[INSTANCE=0, RESOURCE_ID=signin_to_yourAccount]
[debug] ?[35m[AndroidBootstrap]?[39m [BOOTSTRAP LOG] [debug] Using: UiSelector[DESCRIPTION=signin_to_yourAccount, INSTANCE=0]
[debug] ?[35m[AndroidBootstrap]?[39m [BOOTSTRAP LOG] [debug] Returning result: {"status":7,"value":"No element found"}
[debug] ?[35m[AndroidBootstrap]?[39m Received command result from bootstrap
[debug] ?[35m[MJSONWP]?[39m Matched JSONWP error code 7 to NoSuchElementError
[debug] ?[35m[BaseDriver]?[39m Waited for 1064 ms so far
[debug] ?[35m[AndroidBootstrap]?[39m Sending command to android: {"cmd":"action","action":"find","params":{"strategy":"id","selector":"signin_to_yourAccount","context":"","multiple":false}}
[debug] ?[35m[AndroidBootstrap]?[39m [BOOTSTRAP LOG] [debug] Got data from client: {"cmd":"action","action":"find","params":{"strategy":"id","selector":"signin_to_yourAccount","context":"","multiple":false}}
[debug] ?[35m[AndroidBootstrap]?[39m [BOOTSTRAP LOG] [debug] Got command of type ACTION
[debug] ?[35m[AndroidBootstrap]?[39m [BOOTSTRAP LOG] [debug] Got command action: find
[debug] ?[35m[AndroidBootstrap]?[39m [BOOTSTRAP LOG] [debug] Finding 'signin_to_yourAccount' using 'ID' with the contextId: '' multiple: false
[debug] ?[35m[AndroidBootstrap]?[39m [BOOTSTRAP LOG] [debug] Using: UiSelector[INSTANCE=0, RESOURCE_ID=in.amazon.mShop.android.shopping:id/signin_to_yourAccount]
[debug] ?[35m[AndroidBootstrap]?[39m [BOOTSTRAP LOG] [debug] Using: UiSelector[INSTANCE=0, RESOURCE_ID=android:id/signin_to_yourAccount]
[debug] ?[35m[AndroidBootstrap]?[39m [BOOTSTRAP LOG] [debug] Using: UiSelector[INSTANCE=0, RESOURCE_ID=signin_to_yourAccount]
[debug] ?[35m[AndroidBootstrap]?[39m [BOOTSTRAP LOG] [debug] Using: UiSelector[DESCRIPTION=signin_to_yourAccount, INSTANCE=0]
[debug] ?[35m[AndroidBootstrap]?[39m [BOOTSTRAP LOG] [debug] Failed to locate element. Clearing Accessibility cache and retrying.
[debug] ?[35m[AndroidBootstrap]?[39m [BOOTSTRAP LOG] [debug] Finding 'signin_to_yourAccount' using 'ID' with the contextId: '' multiple: false
[debug] ?[35m[AndroidBootstrap]?[39m [BOOTSTRAP LOG] [debug] Using: UiSelector[INSTANCE=0, RESOURCE_ID=in.amazon.mShop.android.shopping:id/signin_to_yourAccount]
[debug] ?[35m[AndroidBootstrap]?[39m [BOOTSTRAP LOG] [debug] Using: UiSelector[INSTANCE=0, RESOURCE_ID=android:id/signin_to_yourAccount]
[debug] ?[35m[AndroidBootstrap]?[39m [BOOTSTRAP LOG] [debug] Using: UiSelector[INSTANCE=0, RESOURCE_ID=signin_to_yourAccount]
[debug] ?[35m[AndroidBootstrap]?[39m [BOOTSTRAP LOG] [debug] Using: UiSelector[DESCRIPTION=signin_to_yourAccount, INSTANCE=0]
[debug] ?[35m[AndroidBootstrap]?[39m [BOOTSTRAP LOG] [debug] Returning result: {"status":7,"value":"No element found"}
[debug] ?[35m[AndroidBootstrap]?[39m Received command result from bootstrap
[debug] ?[35m[MJSONWP]?[39m Matched JSONWP error code 7 to NoSuchElementError
[debug] ?[35m[BaseDriver]?[39m Waited for 1650 ms so far
[debug] ?[35m[AndroidBootstrap]?[39m Sending command to android: {"cmd":"action","action":"find","params":{"strategy":"id","selector":"signin_to_yourAccount","context":"","multiple":false}}
[debug] ?[35m[AndroidBootstrap]?[39m [BOOTSTRAP LOG] [debug] Got data from client: {"cmd":"action","action":"find","params":{"strategy":"id","selector":"signin_to_yourAccount","context":"","multiple":false}}
[debug] ?[35m[AndroidBootstrap]?[39m [BOOTSTRAP LOG] [debug] Got command of type ACTION
[debug] ?[35m[AndroidBootstrap]?[39m [BOOTSTRAP LOG] [debug] Got command action: find
[debug] ?[35m[AndroidBootstrap]?[39m [BOOTSTRAP LOG] [debug] Finding 'signin_to_yourAccount' using 'ID' with the contextId: '' multiple: false
[debug] ?[35m[AndroidBootstrap]?[39m [BOOTSTRAP LOG] [debug] Using: UiSelector[INSTANCE=0, RESOURCE_ID=in.amazon.mShop.android.shopping:id/signin_to_yourAccount]
[debug] ?[35m[AndroidBootstrap]?[39m [BOOTSTRAP LOG] [debug] Using: UiSelector[INSTANCE=0, RESOURCE_ID=android:id/signin_to_yourAccount]
[debug] ?[35m[AndroidBootstrap]?[39m [BOOTSTRAP LOG] [debug] Using: UiSelector[INSTANCE=0, RESOURCE_ID=signin_to_yourAccount]
[debug] ?[35m[AndroidBootstrap]?[39m [BOOTSTRAP LOG] [debug] Using: UiSelector[DESCRIPTION=signin_to_yourAccount, INSTANCE=0]
[debug] ?[35m[AndroidBootstrap]?[39m [BOOTSTRAP LOG] [debug] Failed to locate element. Clearing Accessibility cache and retrying.
[debug] ?[35m[AndroidBootstrap]?[39m [BOOTSTRAP LOG] [debug] Finding 'signin_to_yourAccount' using 'ID' with the contextId: '' multiple: false
[debug] ?[35m[AndroidBootstrap]?[39m [BOOTSTRAP LOG] [debug] Using: UiSelector[INSTANCE=0, RESOURCE_ID=in.amazon.mShop.android.shopping:id/signin_to_yourAccount]
[debug] ?[35m[AndroidBootstrap]?[39m Received command result from bootstrap
[debug] ?[35m[AndroidBootstrap]?[39m [BOOTSTRAP LOG] [debug] Returning result: {"status":0,"value":{"ELEMENT":"1"}}
[debug] ?[35m[MJSONWP (a9ae1524)]?[39m Responding to client with driver.findElement() result: {"ELEMENT":"1"}
?[35m[HTTP]?[39m ?[37m<-- POST /wd/hub/session/a9ae1524-9c05-43b8-a67b-c53391df4dcf/element ?[39m?[32m200?[39m ?[90m3833 ms - 87?[39m
?[35m[HTTP]?[39m ?[90m?[39m
?[35m[HTTP]?[39m ?[37m-->?[39m ?[37mGET?[39m ?[37m/wd/hub/session/a9ae1524-9c05-43b8-a67b-c53391df4dcf/element/1/displayed?[39m
?[35m[HTTP]?[39m ?[90m{}?[39m
[debug] ?[35m[MJSONWP (a9ae1524)]?[39m Calling AppiumDriver.elementDisplayed() with args: ["1","a9ae1524-9c05-43b8-a67b-c53391df4dcf"]
[debug] ?[35m[AndroidBootstrap]?[39m Sending command to android: {"cmd":"action","action":"element:getAttribute","params":{"attribute":"displayed","elementId":"1"}}
[debug] ?[35m[AndroidBootstrap]?[39m [BOOTSTRAP LOG] [debug] Got data from client: {"cmd":"action","action":"element:getAttribute","params":{"attribute":"displayed","elementId":"1"}}
[debug] ?[35m[AndroidBootstrap]?[39m [BOOTSTRAP LOG] [debug] Got command of type ACTION
[debug] ?[35m[AndroidBootstrap]?[39m [BOOTSTRAP LOG] [debug] Got command action: getAttribute
[debug] ?[35m[AndroidBootstrap]?[39m [BOOTSTRAP LOG] [debug] Returning result: {"status":0,"value":"true"}
[debug] ?[35m[AndroidBootstrap]?[39m Received command result from bootstrap
[debug] ?[35m[MJSONWP (a9ae1524)]?[39m Responding to client with driver.elementDisplayed() result: true
?[35m[HTTP]?[39m ?[37m<-- GET /wd/hub/session/a9ae1524-9c05-43b8-a67b-c53391df4dcf/element/1/displayed ?[39m?[32m200?[39m ?[90m59 ms - 76?[39m
?[35m[HTTP]?[39m ?[90m?[39m
Test case pass and detail are amazonSigninPagePrimaryTitle
?[35m[HTTP]?[39m ?[37m-->?[39m ?[37mPOST?[39m ?[37m/wd/hub/session/42ca8ce8-c026-40d6-81e3-d544d3dc8ac4/element?[39m
?[35m[HTTP]?[39m ?[90m{"using":"id","value":"view_your_wish_list"}?[39m
[debug] ?[35m[MJSONWP (42ca8ce8)]?[39m Calling AppiumDriver.findElement() with args: ["id","view_your_wish_list","42ca8ce8-c026-40d6-81e3-d544d3dc8ac4"]
[debug] ?[35m[BaseDriver]?[39m Valid locator strategies for this request: xpath, id, class name, accessibility id, -android uiautomator
[debug] ?[35m[BaseDriver]?[39m Waiting up to 15000 ms for condition
[debug] ?[35m[AndroidBootstrap]?[39m Sending command to android: {"cmd":"action","action":"find","params":{"strategy":"id","selector":"view_your_wish_list","context":"","multiple":false}}
[debug] ?[35m[AndroidBootstrap]?[39m [BOOTSTRAP LOG] [debug] Got data from client: {"cmd":"action","action":"find","params":{"strategy":"id","selector":"view_your_wish_list","context":"","multiple":false}}
[debug] ?[35m[AndroidBootstrap]?[39m [BOOTSTRAP LOG] [debug] Got command of type ACTION
[debug] ?[35m[AndroidBootstrap]?[39m [BOOTSTRAP LOG] [debug] Got command action: find
[debug] ?[35m[AndroidBootstrap]?[39m [BOOTSTRAP LOG] [debug] Finding 'view_your_wish_list' using 'ID' with the contextId: '' multiple: false
[debug] ?[35m[AndroidBootstrap]?[39m [BOOTSTRAP LOG] [debug] Using: UiSelector[INSTANCE=0, RESOURCE_ID=in.amazon.mShop.android.shopping:id/view_your_wish_list]
[debug] ?[35m[AndroidBootstrap]?[39m [BOOTSTRAP LOG] [debug] Using: UiSelector[INSTANCE=0, RESOURCE_ID=android:id/view_your_wish_list]
[debug] ?[35m[AndroidBootstrap]?[39m [BOOTSTRAP LOG] [debug] Using: UiSelector[INSTANCE=0, RESOURCE_ID=view_your_wish_list]
[debug] ?[35m[AndroidBootstrap]?[39m [BOOTSTRAP LOG] [debug] Using: UiSelector[DESCRIPTION=view_your_wish_list, INSTANCE=0]
[debug] ?[35m[AndroidBootstrap]?[39m [BOOTSTRAP LOG] [debug] Failed to locate element. Clearing Accessibility cache and retrying.
[debug] ?[35m[AndroidBootstrap]?[39m [BOOTSTRAP LOG] [debug] Finding 'view_your_wish_list' using 'ID' with the contextId: '' multiple: false
[debug] ?[35m[AndroidBootstrap]?[39m [BOOTSTRAP LOG] [debug] Using: UiSelector[INSTANCE=0, RESOURCE_ID=in.amazon.mShop.android.shopping:id/view_your_wish_list]
[debug] ?[35m[AndroidBootstrap]?[39m [BOOTSTRAP LOG] [debug] Using: UiSelector[INSTANCE=0, RESOURCE_ID=android:id/view_your_wish_list]
[debug] ?[35m[AndroidBootstrap]?[39m [BOOTSTRAP LOG] [debug] Using: UiSelector[INSTANCE=0, RESOURCE_ID=view_your_wish_list]
[debug] ?[35m[AndroidBootstrap]?[39m [BOOTSTRAP LOG] [debug] Using: UiSelector[DESCRIPTION=view_your_wish_list, INSTANCE=0]
[debug] ?[35m[AndroidBootstrap]?[39m [BOOTSTRAP LOG] [debug] Returning result: {"status":7,"value":"No element found"}
[debug] ?[35m[AndroidBootstrap]?[39m Received command result from bootstrap
[debug] ?[35m[MJSONWP]?[39m Matched JSONWP error code 7 to NoSuchElementError
[debug] ?[35m[BaseDriver]?[39m Waited for 459 ms so far
[debug] ?[35m[AndroidBootstrap]?[39m Sending command to android: {"cmd":"action","action":"find","params":{"strategy":"id","selector":"view_your_wish_list","context":"","multiple":false}}
[debug] ?[35m[AndroidBootstrap]?[39m [BOOTSTRAP LOG] [debug] Got data from client: {"cmd":"action","action":"find","params":{"strategy":"id","selector":"view_your_wish_list","context":"","multiple":false}}
[debug] ?[35m[AndroidBootstrap]?[39m [BOOTSTRAP LOG] [debug] Got command of type ACTION
[debug] ?[35m[AndroidBootstrap]?[39m [BOOTSTRAP LOG] [debug] Got command action: find
[debug] ?[35m[AndroidBootstrap]?[39m [BOOTSTRAP LOG] [debug] Finding 'view_your_wish_list' using 'ID' with the contextId: '' multiple: false
[debug] ?[35m[AndroidBootstrap]?[39m [BOOTSTRAP LOG] [debug] Using: UiSelector[INSTANCE=0, RESOURCE_ID=in.amazon.mShop.android.shopping:id/view_your_wish_list]
[debug] ?[35m[AndroidBootstrap]?[39m [BOOTSTRAP LOG] [debug] Using: UiSelector[INSTANCE=0, RESOURCE_ID=android:id/view_your_wish_list]
[debug] ?[35m[AndroidBootstrap]?[39m [BOOTSTRAP LOG] [debug] Using: UiSelector[INSTANCE=0, RESOURCE_ID=view_your_wish_list]
[debug] ?[35m[AndroidBootstrap]?[39m [BOOTSTRAP LOG] [debug] Using: UiSelector[DESCRIPTION=view_your_wish_list, INSTANCE=0]
[debug] ?[35m[AndroidBootstrap]?[39m [BOOTSTRAP LOG] [debug] Failed to locate element. Clearing Accessibility cache and retrying.
[debug] ?[35m[AndroidBootstrap]?[39m [BOOTSTRAP LOG] [debug] Finding 'view_your_wish_list' using 'ID' with the contextId: '' multiple: false
[debug] ?[35m[AndroidBootstrap]?[39m [BOOTSTRAP LOG] [debug] Using: UiSelector[INSTANCE=0, RESOURCE_ID=in.amazon.mShop.android.shopping:id/view_your_wish_list]
[debug] ?[35m[AndroidBootstrap]?[39m [BOOTSTRAP LOG] [debug] Using: UiSelector[INSTANCE=0, RESOURCE_ID=android:id/view_your_wish_list]
[debug] ?[35m[AndroidBootstrap]?[39m [BOOTSTRAP LOG] [debug] Using: UiSelector[INSTANCE=0, RESOURCE_ID=view_your_wish_list]
[debug] ?[35m[AndroidBootstrap]?[39m [BOOTSTRAP LOG] [debug] Using: UiSelector[DESCRIPTION=view_your_wish_list, INSTANCE=0]
[debug] ?[35m[AndroidBootstrap]?[39m Received command result from bootstrap
[debug] ?[35m[MJSONWP]?[39m Matched JSONWP error code 7 to NoSuchElementError
[debug] ?[35m[BaseDriver]?[39m Waited for 2676 ms so far
[debug] ?[35m[AndroidBootstrap]?[39m [BOOTSTRAP LOG] [debug] Returning result: {"status":7,"value":"No element found"}
[debug] ?[35m[AndroidBootstrap]?[39m Sending command to android: {"cmd":"action","action":"find","params":{"strategy":"id","selector":"view_your_wish_list","context":"","multiple":false}}
[debug] ?[35m[AndroidBootstrap]?[39m [BOOTSTRAP LOG] [debug] Got data from client: {"cmd":"action","action":"find","params":{"strategy":"id","selector":"view_your_wish_list","context":"","multiple":false}}
[debug] ?[35m[AndroidBootstrap]?[39m [BOOTSTRAP LOG] [debug] Got command of type ACTION
[debug] ?[35m[AndroidBootstrap]?[39m [BOOTSTRAP LOG] [debug] Got command action: find
[debug] ?[35m[AndroidBootstrap]?[39m [BOOTSTRAP LOG] [debug] Finding 'view_your_wish_list' using 'ID' with the contextId: '' multiple: false
[debug] ?[35m[AndroidBootstrap]?[39m [BOOTSTRAP LOG] [debug] Using: UiSelector[INSTANCE=0, RESOURCE_ID=in.amazon.mShop.android.shopping:id/view_your_wish_list]
[debug] ?[35m[AndroidBootstrap]?[39m [BOOTSTRAP LOG] [debug] Returning result: {"status":0,"value":{"ELEMENT":"1"}}
[debug] ?[35m[AndroidBootstrap]?[39m Received command result from bootstrap
[debug] ?[35m[MJSONWP (42ca8ce8)]?[39m Responding to client with driver.findElement() result: {"ELEMENT":"1"}
?[35m[HTTP]?[39m ?[37m<-- POST /wd/hub/session/42ca8ce8-c026-40d6-81e3-d544d3dc8ac4/element ?[39m?[32m200?[39m ?[90m3194 ms - 87?[39m
?[35m[HTTP]?[39m ?[90m?[39m
?[35m[HTTP]?[39m ?[37m-->?[39m ?[37mGET?[39m ?[37m/wd/hub/session/42ca8ce8-c026-40d6-81e3-d544d3dc8ac4/element/1/displayed?[39m
?[35m[HTTP]?[39m ?[90m{}?[39m
[debug] ?[35m[MJSONWP (42ca8ce8)]?[39m Calling AppiumDriver.elementDisplayed() with args: ["1","42ca8ce8-c026-40d6-81e3-d544d3dc8ac4"]
[debug] ?[35m[AndroidBootstrap]?[39m Sending command to android: {"cmd":"action","action":"element:getAttribute","params":{"attribute":"displayed","elementId":"1"}}
[debug] ?[35m[AndroidBootstrap]?[39m [BOOTSTRAP LOG] [debug] Got data from client: {"cmd":"action","action":"element:getAttribute","params":{"attribute":"displayed","elementId":"1"}}
[debug] ?[35m[AndroidBootstrap]?[39m [BOOTSTRAP LOG] [debug] Got command of type ACTION
[debug] ?[35m[AndroidBootstrap]?[39m [BOOTSTRAP LOG] [debug] Got command action: getAttribute
[debug] ?[35m[AndroidBootstrap]?[39m Received command result from bootstrap
[debug] ?[35m[AndroidBootstrap]?[39m [BOOTSTRAP LOG] [debug] Returning result: {"status":0,"value":"true"}
[debug] ?[35m[MJSONWP (42ca8ce8)]?[39m Responding to client with driver.elementDisplayed() result: true
?[35m[HTTP]?[39m ?[37m<-- GET /wd/hub/session/42ca8ce8-c026-40d6-81e3-d544d3dc8ac4/element/1/displayed ?[39m?[32m200?[39m ?[90m22 ms - 76?[39m
?[35m[HTTP]?[39m ?[90m?[39m
?[35m[HTTP]?[39m ?[37m-->?[39m ?[37mPOST?[39m ?[37m/wd/hub/session/42ca8ce8-c026-40d6-81e3-d544d3dc8ac4/element?[39m
?[35m[HTTP]?[39m ?[90m{"using":"id","value":"Find_purchase"}?[39m
[debug] ?[35m[MJSONWP (42ca8ce8)]?[39m Calling AppiumDriver.findElement() with args: ["id","Find_purchase","42ca8ce8-c026-40d6-81e3-d544d3dc8ac4"]
[debug] ?[35m[BaseDriver]?[39m Valid locator strategies for this request: xpath, id, class name, accessibility id, -android uiautomator
[debug] ?[35m[BaseDriver]?[39m Waiting up to 15000 ms for condition
[debug] ?[35m[AndroidBootstrap]?[39m Sending command to android: {"cmd":"action","action":"find","params":{"strategy":"id","selector":"Find_purchase","context":"","multiple":false}}
[debug] ?[35m[AndroidBootstrap]?[39m [BOOTSTRAP LOG] [debug] Got data from client: {"cmd":"action","action":"find","params":{"strategy":"id","selector":"Find_purchase","context":"","multiple":false}}
[debug] ?[35m[AndroidBootstrap]?[39m [BOOTSTRAP LOG] [debug] Got command of type ACTION
[debug] ?[35m[AndroidBootstrap]?[39m [BOOTSTRAP LOG] [debug] Got command action: find
[debug] ?[35m[AndroidBootstrap]?[39m [BOOTSTRAP LOG] [debug] Finding 'Find_purchase' using 'ID' with the contextId: '' multiple: false
[debug] ?[35m[AndroidBootstrap]?[39m [BOOTSTRAP LOG] [debug] Using: UiSelector[INSTANCE=0, RESOURCE_ID=in.amazon.mShop.android.shopping:id/Find_purchase]
[debug] ?[35m[AndroidBootstrap]?[39m [BOOTSTRAP LOG] [debug] Returning result: {"status":0,"value":{"ELEMENT":"2"}}
[debug] ?[35m[AndroidBootstrap]?[39m Received command result from bootstrap
[debug] ?[35m[MJSONWP (42ca8ce8)]?[39m Responding to client with driver.findElement() result: {"ELEMENT":"2"}
?[35m[HTTP]?[39m ?[37m<-- POST /wd/hub/session/42ca8ce8-c026-40d6-81e3-d544d3dc8ac4/element ?[39m?[32m200?[39m ?[90m22 ms - 87?[39m
?[35m[HTTP]?[39m ?[90m?[39m
?[35m[HTTP]?[39m ?[37m-->?[39m ?[37mGET?[39m ?[37m/wd/hub/session/42ca8ce8-c026-40d6-81e3-d544d3dc8ac4/element/2/displayed?[39m
?[35m[HTTP]?[39m ?[90m{}?[39m
[debug] ?[35m[MJSONWP (42ca8ce8)]?[39m Calling AppiumDriver.elementDisplayed() with args: ["2","42ca8ce8-c026-40d6-81e3-d544d3dc8ac4"]
[debug] ?[35m[AndroidBootstrap]?[39m Sending command to android: {"cmd":"action","action":"element:getAttribute","params":{"attribute":"displayed","elementId":"2"}}
[debug] ?[35m[AndroidBootstrap]?[39m [BOOTSTRAP LOG] [debug] Got data from client: {"cmd":"action","action":"element:getAttribute","params":{"attribute":"displayed","elementId":"2"}}
[debug] ?[35m[AndroidBootstrap]?[39m [BOOTSTRAP LOG] [debug] Got command of type ACTION
[debug] ?[35m[AndroidBootstrap]?[39m [BOOTSTRAP LOG] [debug] Got command action: getAttribute
[debug] ?[35m[AndroidBootstrap]?[39m Received command result from bootstrap
[debug] ?[35m[MJSONWP (42ca8ce8)]?[39m Responding to client with driver.elementDisplayed() result: true
?[35m[HTTP]?[39m ?[37m<-- GET /wd/hub/session/42ca8ce8-c026-40d6-81e3-d544d3dc8ac4/element/2/displayed ?[39m?[32m200?[39m ?[90m20 ms - 76?[39m
?[35m[HTTP]?[39m ?[90m?[39m
[debug] ?[35m[AndroidBootstrap]?[39m [BOOTSTRAP LOG] [debug] Returning result: {"status":0,"value":"true"}
?[35m[HTTP]?[39m ?[37m-->?[39m ?[37mPOST?[39m ?[37m/wd/hub/session/42ca8ce8-c026-40d6-81e3-d544d3dc8ac4/element?[39m
?[35m[HTTP]?[39m ?[90m{"using":"id","value":"track_your_packages"}?[39m
[debug] ?[35m[MJSONWP (42ca8ce8)]?[39m Calling AppiumDriver.findElement() with args: ["id","track_your_packages","42ca8ce8-c026-40d6-81e3-d544d3dc8ac4"]
[debug] ?[35m[BaseDriver]?[39m Valid locator strategies for this request: xpath, id, class name, accessibility id, -android uiautomator
[debug] ?[35m[BaseDriver]?[39m Waiting up to 15000 ms for condition
[debug] ?[35m[AndroidBootstrap]?[39m Sending command to android: {"cmd":"action","action":"find","params":{"strategy":"id","selector":"track_your_packages","context":"","multiple":false}}
[debug] ?[35m[AndroidBootstrap]?[39m [BOOTSTRAP LOG] [debug] Got data from client: {"cmd":"action","action":"find","params":{"strategy":"id","selector":"track_your_packages","context":"","multiple":false}}
[debug] ?[35m[AndroidBootstrap]?[39m [BOOTSTRAP LOG] [debug] Got command of type ACTION
[debug] ?[35m[AndroidBootstrap]?[39m [BOOTSTRAP LOG] [debug] Got command action: find
[debug] ?[35m[AndroidBootstrap]?[39m [BOOTSTRAP LOG] [debug] Finding 'track_your_packages' using 'ID' with the contextId: '' multiple: false
[debug] ?[35m[AndroidBootstrap]?[39m [BOOTSTRAP LOG] [debug] Using: UiSelector[INSTANCE=0, RESOURCE_ID=in.amazon.mShop.android.shopping:id/track_your_packages]
[debug] ?[35m[AndroidBootstrap]?[39m Received command result from bootstrap
[debug] ?[35m[AndroidBootstrap]?[39m [BOOTSTRAP LOG] [debug] Returning result: {"status":0,"value":{"ELEMENT":"3"}}
[debug] ?[35m[MJSONWP (42ca8ce8)]?[39m Responding to client with driver.findElement() result: {"ELEMENT":"3"}
?[35m[HTTP]?[39m ?[37m<-- POST /wd/hub/session/42ca8ce8-c026-40d6-81e3-d544d3dc8ac4/element ?[39m?[32m200?[39m ?[90m21 ms - 87?[39m
?[35m[HTTP]?[39m ?[90m?[39m
?[35m[HTTP]?[39m ?[37m-->?[39m ?[37mGET?[39m ?[37m/wd/hub/session/42ca8ce8-c026-40d6-81e3-d544d3dc8ac4/element/3/displayed?[39m
?[35m[HTTP]?[39m ?[90m{}?[39m
[debug] ?[35m[MJSONWP (42ca8ce8)]?[39m Calling AppiumDriver.elementDisplayed() with args: ["3","42ca8ce8-c026-40d6-81e3-d544d3dc8ac4"]
[debug] ?[35m[AndroidBootstrap]?[39m Sending command to android: {"cmd":"action","action":"element:getAttribute","params":{"attribute":"displayed","elementId":"3"}}
[debug] ?[35m[AndroidBootstrap]?[39m [BOOTSTRAP LOG] [debug] Got data from client: {"cmd":"action","action":"element:getAttribute","params":{"attribute":"displayed","elementId":"3"}}
[debug] ?[35m[AndroidBootstrap]?[39m [BOOTSTRAP LOG] [debug] Got command of type ACTION
[debug] ?[35m[AndroidBootstrap]?[39m [BOOTSTRAP LOG] [debug] Got command action: getAttribute
[debug] ?[35m[AndroidBootstrap]?[39m [BOOTSTRAP LOG] [debug] Returning result: {"status":0,"value":"true"}
[debug] ?[35m[AndroidBootstrap]?[39m Received command result from bootstrap
[debug] ?[35m[MJSONWP (42ca8ce8)]?[39m Responding to client with driver.elementDisplayed() result: true
?[35m[HTTP]?[39m ?[37m<-- GET /wd/hub/session/42ca8ce8-c026-40d6-81e3-d544d3dc8ac4/element/3/displayed ?[39m?[32m200?[39m ?[90m27 ms - 76?[39m
?[35m[HTTP]?[39m ?[90m?[39m
Test case pass and detail are amazonSigninPageSecondarysTitle
?[35m[HTTP]?[39m ?[37m-->?[39m ?[37mPOST?[39m ?[37m/wd/hub/session/83f65bf4-c239-49be-8c29-441454e4594e/element?[39m
?[35m[HTTP]?[39m ?[90m{"using":"id","value":"sign_in_button"}?[39m
[debug] ?[35m[MJSONWP (83f65bf4)]?[39m Calling AppiumDriver.findElement() with args: ["id","sign_in_button","83f65bf4-c239-49be-8c29-441454e4594e"]
[debug] ?[35m[BaseDriver]?[39m Valid locator strategies for this request: xpath, id, class name, accessibility id, -android uiautomator
[debug] ?[35m[BaseDriver]?[39m Waiting up to 15000 ms for condition
[debug] ?[35m[AndroidBootstrap]?[39m Sending command to android: {"cmd":"action","action":"find","params":{"strategy":"id","selector":"sign_in_button","context":"","multiple":false}}
[debug] ?[35m[AndroidBootstrap]?[39m [BOOTSTRAP LOG] [debug] Got data from client: {"cmd":"action","action":"find","params":{"strategy":"id","selector":"sign_in_button","context":"","multiple":false}}
[debug] ?[35m[AndroidBootstrap]?[39m [BOOTSTRAP LOG] [debug] Got command of type ACTION
[debug] ?[35m[AndroidBootstrap]?[39m [BOOTSTRAP LOG] [debug] Got command action: find
[debug] ?[35m[AndroidBootstrap]?[39m [BOOTSTRAP LOG] [debug] Finding 'sign_in_button' using 'ID' with the contextId: '' multiple: false
[debug] ?[35m[AndroidBootstrap]?[39m [BOOTSTRAP LOG] [debug] Using: UiSelector[INSTANCE=0, RESOURCE_ID=in.amazon.mShop.android.shopping:id/sign_in_button]
[debug] ?[35m[AndroidBootstrap]?[39m [BOOTSTRAP LOG] [debug] Using: UiSelector[INSTANCE=0, RESOURCE_ID=android:id/sign_in_button]
[debug] ?[35m[AndroidBootstrap]?[39m [BOOTSTRAP LOG] [debug] Using: UiSelector[INSTANCE=0, RESOURCE_ID=sign_in_button]
[debug] ?[35m[AndroidBootstrap]?[39m [BOOTSTRAP LOG] [debug] Using: UiSelector[DESCRIPTION=sign_in_button, INSTANCE=0]
[debug] ?[35m[AndroidBootstrap]?[39m [BOOTSTRAP LOG] [debug] Failed to locate element. Clearing Accessibility cache and retrying.
[debug] ?[35m[AndroidBootstrap]?[39m [BOOTSTRAP LOG] [debug] Finding 'sign_in_button' using 'ID' with the contextId: '' multiple: false
[debug] ?[35m[AndroidBootstrap]?[39m [BOOTSTRAP LOG] [debug] Using: UiSelector[INSTANCE=0, RESOURCE_ID=in.amazon.mShop.android.shopping:id/sign_in_button]
[debug] ?[35m[AndroidBootstrap]?[39m [BOOTSTRAP LOG] [debug] Using: UiSelector[INSTANCE=0, RESOURCE_ID=android:id/sign_in_button]
[debug] ?[35m[AndroidBootstrap]?[39m [BOOTSTRAP LOG] [debug] Using: UiSelector[INSTANCE=0, RESOURCE_ID=sign_in_button]
[debug] ?[35m[AndroidBootstrap]?[39m [BOOTSTRAP LOG] [debug] Using: UiSelector[DESCRIPTION=sign_in_button, INSTANCE=0]
[debug] ?[35m[AndroidBootstrap]?[39m [BOOTSTRAP LOG] [debug] Returning result: {"status":7,"value":"No element found"}
[debug] ?[35m[AndroidBootstrap]?[39m Received command result from bootstrap
[debug] ?[35m[MJSONWP]?[39m Matched JSONWP error code 7 to NoSuchElementError
[debug] ?[35m[BaseDriver]?[39m Waited for 503 ms so far
[debug] ?[35m[AndroidBootstrap]?[39m Sending command to android: {"cmd":"action","action":"find","params":{"strategy":"id","selector":"sign_in_button","context":"","multiple":false}}
[debug] ?[35m[AndroidBootstrap]?[39m [BOOTSTRAP LOG] [debug] Got data from client: {"cmd":"action","action":"find","params":{"strategy":"id","selector":"sign_in_button","context":"","multiple":false}}
[debug] ?[35m[AndroidBootstrap]?[39m [BOOTSTRAP LOG] [debug] Got command of type ACTION
[debug] ?[35m[AndroidBootstrap]?[39m [BOOTSTRAP LOG] [debug] Got command action: find
[debug] ?[35m[AndroidBootstrap]?[39m [BOOTSTRAP LOG] [debug] Finding 'sign_in_button' using 'ID' with the contextId: '' multiple: false
[debug] ?[35m[AndroidBootstrap]?[39m [BOOTSTRAP LOG] [debug] Using: UiSelector[INSTANCE=0, RESOURCE_ID=in.amazon.mShop.android.shopping:id/sign_in_button]
[debug] ?[35m[AndroidBootstrap]?[39m [BOOTSTRAP LOG] [debug] Using: UiSelector[INSTANCE=0, RESOURCE_ID=android:id/sign_in_button]
[debug] ?[35m[AndroidBootstrap]?[39m [BOOTSTRAP LOG] [debug] Using: UiSelector[INSTANCE=0, RESOURCE_ID=sign_in_button]
[debug] ?[35m[AndroidBootstrap]?[39m [BOOTSTRAP LOG] [debug] Using: UiSelector[DESCRIPTION=sign_in_button, INSTANCE=0]
[debug] ?[35m[AndroidBootstrap]?[39m [BOOTSTRAP LOG] [debug] Failed to locate element. Clearing Accessibility cache and retrying.
[debug] ?[35m[AndroidBootstrap]?[39m [BOOTSTRAP LOG] [debug] Finding 'sign_in_button' using 'ID' with the contextId: '' multiple: false
[debug] ?[35m[AndroidBootstrap]?[39m [BOOTSTRAP LOG] [debug] Using: UiSelector[INSTANCE=0, RESOURCE_ID=in.amazon.mShop.android.shopping:id/sign_in_button]
[debug] ?[35m[AndroidBootstrap]?[39m [BOOTSTRAP LOG] [debug] Using: UiSelector[INSTANCE=0, RESOURCE_ID=android:id/sign_in_button]
[debug] ?[35m[AndroidBootstrap]?[39m [BOOTSTRAP LOG] [debug] Using: UiSelector[INSTANCE=0, RESOURCE_ID=sign_in_button]
[debug] ?[35m[AndroidBootstrap]?[39m [BOOTSTRAP LOG] [debug] Using: UiSelector[DESCRIPTION=sign_in_button, INSTANCE=0]
[debug] ?[35m[AndroidBootstrap]?[39m [BOOTSTRAP LOG] [debug] Returning result: {"status":7,"value":"No element found"}
[debug] ?[35m[AndroidBootstrap]?[39m Received command result from bootstrap
[debug] ?[35m[MJSONWP]?[39m Matched JSONWP error code 7 to NoSuchElementError
[debug] ?[35m[BaseDriver]?[39m Waited for 1095 ms so far
[debug] ?[35m[AndroidBootstrap]?[39m Sending command to android: {"cmd":"action","action":"find","params":{"strategy":"id","selector":"sign_in_button","context":"","multiple":false}}
[debug] ?[35m[AndroidBootstrap]?[39m [BOOTSTRAP LOG] [debug] Got data from client: {"cmd":"action","action":"find","params":{"strategy":"id","selector":"sign_in_button","context":"","multiple":false}}
[debug] ?[35m[AndroidBootstrap]?[39m [BOOTSTRAP LOG] [debug] Got command of type ACTION
[debug] ?[35m[AndroidBootstrap]?[39m [BOOTSTRAP LOG] [debug] Got command action: find
[debug] ?[35m[AndroidBootstrap]?[39m [BOOTSTRAP LOG] [debug] Finding 'sign_in_button' using 'ID' with the contextId: '' multiple: false
[debug] ?[35m[AndroidBootstrap]?[39m [BOOTSTRAP LOG] [debug] Using: UiSelector[INSTANCE=0, RESOURCE_ID=in.amazon.mShop.android.shopping:id/sign_in_button]
[debug] ?[35m[AndroidBootstrap]?[39m [BOOTSTRAP LOG] [debug] Using: UiSelector[INSTANCE=0, RESOURCE_ID=android:id/sign_in_button]
[debug] ?[35m[AndroidBootstrap]?[39m [BOOTSTRAP LOG] [debug] Using: UiSelector[INSTANCE=0, RESOURCE_ID=sign_in_button]
[debug] ?[35m[AndroidBootstrap]?[39m [BOOTSTRAP LOG] [debug] Using: UiSelector[DESCRIPTION=sign_in_button, INSTANCE=0]
[debug] ?[35m[AndroidBootstrap]?[39m [BOOTSTRAP LOG] [debug] Failed to locate element. Clearing Accessibility cache and retrying.
[debug] ?[35m[AndroidBootstrap]?[39m [BOOTSTRAP LOG] [debug] Finding 'sign_in_button' using 'ID' with the contextId: '' multiple: false
[debug] ?[35m[AndroidBootstrap]?[39m [BOOTSTRAP LOG] [debug] Using: UiSelector[INSTANCE=0, RESOURCE_ID=in.amazon.mShop.android.shopping:id/sign_in_button]
[debug] ?[35m[AndroidBootstrap]?[39m [BOOTSTRAP LOG] [debug] Returning result: {"status":0,"value":{"ELEMENT":"1"}}
[debug] ?[35m[AndroidBootstrap]?[39m Received command result from bootstrap
[debug] ?[35m[MJSONWP (83f65bf4)]?[39m Responding to client with driver.findElement() result: {"ELEMENT":"1"}
?[35m[HTTP]?[39m ?[37m<-- POST /wd/hub/session/83f65bf4-c239-49be-8c29-441454e4594e/element ?[39m?[32m200?[39m ?[90m3267 ms - 87?[39m
?[35m[HTTP]?[39m ?[90m?[39m
?[35m[HTTP]?[39m ?[37m-->?[39m ?[37mGET?[39m ?[37m/wd/hub/session/83f65bf4-c239-49be-8c29-441454e4594e/element/1/displayed?[39m
?[35m[HTTP]?[39m ?[90m{}?[39m
[debug] ?[35m[MJSONWP (83f65bf4)]?[39m Calling AppiumDriver.elementDisplayed() with args: ["1","83f65bf4-c239-49be-8c29-441454e4594e"]
[debug] ?[35m[AndroidBootstrap]?[39m Sending command to android: {"cmd":"action","action":"element:getAttribute","params":{"attribute":"displayed","elementId":"1"}}
[debug] ?[35m[AndroidBootstrap]?[39m [BOOTSTRAP LOG] [debug] Got data from client: {"cmd":"action","action":"element:getAttribute","params":{"attribute":"displayed","elementId":"1"}}
[debug] ?[35m[AndroidBootstrap]?[39m [BOOTSTRAP LOG] [debug] Got command of type ACTION
[debug] ?[35m[AndroidBootstrap]?[39m [BOOTSTRAP LOG] [debug] Got command action: getAttribute
[debug] ?[35m[AndroidBootstrap]?[39m [BOOTSTRAP LOG] [debug] Returning result: {"status":0,"value":"true"}
[debug] ?[35m[AndroidBootstrap]?[39m Received command result from bootstrap
[debug] ?[35m[MJSONWP (83f65bf4)]?[39m Responding to client with driver.elementDisplayed() result: true
?[35m[HTTP]?[39m ?[37m<-- GET /wd/hub/session/83f65bf4-c239-49be-8c29-441454e4594e/element/1/displayed ?[39m?[32m200?[39m ?[90m14 ms - 76?[39m
?[35m[HTTP]?[39m ?[90m?[39m
?[35m[HTTP]?[39m ?[37m-->?[39m ?[37mPOST?[39m ?[37m/wd/hub/session/83f65bf4-c239-49be-8c29-441454e4594e/element?[39m
?[35m[HTTP]?[39m ?[90m{"using":"id","value":"sign_in_button"}?[39m
[debug] ?[35m[MJSONWP (83f65bf4)]?[39m Calling AppiumDriver.findElement() with args: ["id","sign_in_button","83f65bf4-c239-49be-8c29-441454e4594e"]
[debug] ?[35m[BaseDriver]?[39m Valid locator strategies for this request: xpath, id, class name, accessibility id, -android uiautomator
[debug] ?[35m[BaseDriver]?[39m Waiting up to 15000 ms for condition
[debug] ?[35m[AndroidBootstrap]?[39m Sending command to android: {"cmd":"action","action":"find","params":{"strategy":"id","selector":"sign_in_button","context":"","multiple":false}}
[debug] ?[35m[AndroidBootstrap]?[39m [BOOTSTRAP LOG] [debug] Got data from client: {"cmd":"action","action":"find","params":{"strategy":"id","selector":"sign_in_button","context":"","multiple":false}}
[debug] ?[35m[AndroidBootstrap]?[39m [BOOTSTRAP LOG] [debug] Got command of type ACTION
[debug] ?[35m[AndroidBootstrap]?[39m [BOOTSTRAP LOG] [debug] Got command action: find
[debug] ?[35m[AndroidBootstrap]?[39m [BOOTSTRAP LOG] [debug] Finding 'sign_in_button' using 'ID' with the contextId: '' multiple: false
[debug] ?[35m[AndroidBootstrap]?[39m [BOOTSTRAP LOG] [debug] Using: UiSelector[INSTANCE=0, RESOURCE_ID=in.amazon.mShop.android.shopping:id/sign_in_button]
[debug] ?[35m[AndroidBootstrap]?[39m [BOOTSTRAP LOG] [debug] Returning result: {"status":0,"value":{"ELEMENT":"2"}}
[debug] ?[35m[AndroidBootstrap]?[39m Received command result from bootstrap
[debug] ?[35m[MJSONWP (83f65bf4)]?[39m Responding to client with driver.findElement() result: {"ELEMENT":"2"}
?[35m[HTTP]?[39m ?[37m<-- POST /wd/hub/session/83f65bf4-c239-49be-8c29-441454e4594e/element ?[39m?[32m200?[39m ?[90m13 ms - 87?[39m
?[35m[HTTP]?[39m ?[90m?[39m
?[35m[HTTP]?[39m ?[37m-->?[39m ?[37mGET?[39m ?[37m/wd/hub/session/83f65bf4-c239-49be-8c29-441454e4594e/element/2/displayed?[39m
?[35m[HTTP]?[39m ?[90m{}?[39m
[debug] ?[35m[MJSONWP (83f65bf4)]?[39m Calling AppiumDriver.elementDisplayed() with args: ["2","83f65bf4-c239-49be-8c29-441454e4594e"]
[debug] ?[35m[AndroidBootstrap]?[39m Sending command to android: {"cmd":"action","action":"element:getAttribute","params":{"attribute":"displayed","elementId":"2"}}
[debug] ?[35m[AndroidBootstrap]?[39m [BOOTSTRAP LOG] [debug] Got data from client: {"cmd":"action","action":"element:getAttribute","params":{"attribute":"displayed","elementId":"2"}}
[debug] ?[35m[AndroidBootstrap]?[39m [BOOTSTRAP LOG] [debug] Got command of type ACTION
[debug] ?[35m[AndroidBootstrap]?[39m [BOOTSTRAP LOG] [debug] Got command action: getAttribute
[debug] ?[35m[AndroidBootstrap]?[39m [BOOTSTRAP LOG] [debug] Returning result: {"status":0,"value":"true"}
[debug] ?[35m[AndroidBootstrap]?[39m Received command result from bootstrap
[debug] ?[35m[MJSONWP (83f65bf4)]?[39m Responding to client with driver.elementDisplayed() result: true
?[35m[HTTP]?[39m ?[37m<-- GET /wd/hub/session/83f65bf4-c239-49be-8c29-441454e4594e/element/2/displayed ?[39m?[32m200?[39m ?[90m11 ms - 76?[39m
?[35m[HTTP]?[39m ?[90m?[39m
?[35m[HTTP]?[39m ?[37m-->?[39m ?[37mPOST?[39m ?[37m/wd/hub/session/83f65bf4-c239-49be-8c29-441454e4594e/element?[39m
?[35m[HTTP]?[39m ?[90m{"using":"id","value":"sign_in_button"}?[39m
[debug] ?[35m[MJSONWP (83f65bf4)]?[39m Calling AppiumDriver.findElement() with args: ["id","sign_in_button","83f65bf4-c239-49be-8c29-441454e4594e"]
[debug] ?[35m[BaseDriver]?[39m Valid locator strategies for this request: xpath, id, class name, accessibility id, -android uiautomator
[debug] ?[35m[BaseDriver]?[39m Waiting up to 15000 ms for condition
[debug] ?[35m[AndroidBootstrap]?[39m Sending command to android: {"cmd":"action","action":"find","params":{"strategy":"id","selector":"sign_in_button","context":"","multiple":false}}
[debug] ?[35m[AndroidBootstrap]?[39m [BOOTSTRAP LOG] [debug] Got data from client: {"cmd":"action","action":"find","params":{"strategy":"id","selector":"sign_in_button","context":"","multiple":false}}
[debug] ?[35m[AndroidBootstrap]?[39m [BOOTSTRAP LOG] [debug] Got command of type ACTION
[debug] ?[35m[AndroidBootstrap]?[39m [BOOTSTRAP LOG] [debug] Got command action: find
[debug] ?[35m[AndroidBootstrap]?[39m [BOOTSTRAP LOG] [debug] Finding 'sign_in_button' using 'ID' with the contextId: '' multiple: false
[debug] ?[35m[AndroidBootstrap]?[39m [BOOTSTRAP LOG] [debug] Using: UiSelector[INSTANCE=0, RESOURCE_ID=in.amazon.mShop.android.shopping:id/sign_in_button]
[debug] ?[35m[AndroidBootstrap]?[39m Received command result from bootstrap
[debug] ?[35m[AndroidBootstrap]?[39m [BOOTSTRAP LOG] [debug] Returning result: {"status":0,"value":{"ELEMENT":"3"}}
[debug] ?[35m[MJSONWP (83f65bf4)]?[39m Responding to client with driver.findElement() result: {"ELEMENT":"3"}
?[35m[HTTP]?[39m ?[37m<-- POST /wd/hub/session/83f65bf4-c239-49be-8c29-441454e4594e/element ?[39m?[32m200?[39m ?[90m15 ms - 87?[39m
?[35m[HTTP]?[39m ?[90m?[39m
?[35m[HTTP]?[39m ?[37m-->?[39m ?[37mGET?[39m ?[37m/wd/hub/session/83f65bf4-c239-49be-8c29-441454e4594e/element/3/enabled?[39m
?[35m[HTTP]?[39m ?[90m{}?[39m
[debug] ?[35m[MJSONWP (83f65bf4)]?[39m Calling AppiumDriver.elementEnabled() with args: ["3","83f65bf4-c239-49be-8c29-441454e4594e"]
[debug] ?[35m[AndroidBootstrap]?[39m Sending command to android: {"cmd":"action","action":"element:getAttribute","params":{"attribute":"enabled","elementId":"3"}}
[debug] ?[35m[AndroidBootstrap]?[39m [BOOTSTRAP LOG] [debug] Got data from client: {"cmd":"action","action":"element:getAttribute","params":{"attribute":"enabled","elementId":"3"}}
[debug] ?[35m[AndroidBootstrap]?[39m [BOOTSTRAP LOG] [debug] Got command of type ACTION
[debug] ?[35m[AndroidBootstrap]?[39m [BOOTSTRAP LOG] [debug] Got command action: getAttribute
[debug] ?[35m[AndroidBootstrap]?[39m Received command result from bootstrap
[debug] ?[35m[AndroidBootstrap]?[39m [BOOTSTRAP LOG] [debug] Returning result: {"status":0,"value":"true"}
[debug] ?[35m[MJSONWP (83f65bf4)]?[39m Responding to client with driver.elementEnabled() result: true
?[35m[HTTP]?[39m ?[37m<-- GET /wd/hub/session/83f65bf4-c239-49be-8c29-441454e4594e/element/3/enabled ?[39m?[32m200?[39m ?[90m56 ms - 76?[39m
?[35m[HTTP]?[39m ?[90m?[39m
Test case pass and detail are checkSignInBtn
?[35m[HTTP]?[39m ?[37m-->?[39m ?[37mPOST?[39m ?[37m/wd/hub/session/072f94af-ff99-4687-810e-7af2e827e7c4/element?[39m
?[35m[HTTP]?[39m ?[90m{"using":"id","value":"new_user"}?[39m
[debug] ?[35m[MJSONWP (072f94af)]?[39m Calling AppiumDriver.findElement() with args: ["id","new_user","072f94af-ff99-4687-810e-7af2e827e7c4"]
[debug] ?[35m[BaseDriver]?[39m Valid locator strategies for this request: xpath, id, class name, accessibility id, -android uiautomator
[debug] ?[35m[BaseDriver]?[39m Waiting up to 15000 ms for condition
[debug] ?[35m[AndroidBootstrap]?[39m Sending command to android: {"cmd":"action","action":"find","params":{"strategy":"id","selector":"new_user","context":"","multiple":false}}
[debug] ?[35m[AndroidBootstrap]?[39m [BOOTSTRAP LOG] [debug] Got data from client: {"cmd":"action","action":"find","params":{"strategy":"id","selector":"new_user","context":"","multiple":false}}
[debug] ?[35m[AndroidBootstrap]?[39m [BOOTSTRAP LOG] [debug] Got command of type ACTION
[debug] ?[35m[AndroidBootstrap]?[39m [BOOTSTRAP LOG] [debug] Got command action: find
[debug] ?[35m[AndroidBootstrap]?[39m [BOOTSTRAP LOG] [debug] Finding 'new_user' using 'ID' with the contextId: '' multiple: false
[debug] ?[35m[AndroidBootstrap]?[39m [BOOTSTRAP LOG] [debug] Using: UiSelector[INSTANCE=0, RESOURCE_ID=in.amazon.mShop.android.shopping:id/new_user]
[debug] ?[35m[AndroidBootstrap]?[39m [BOOTSTRAP LOG] [debug] Using: UiSelector[INSTANCE=0, RESOURCE_ID=android:id/new_user]
[debug] ?[35m[AndroidBootstrap]?[39m [BOOTSTRAP LOG] [debug] Using: UiSelector[INSTANCE=0, RESOURCE_ID=new_user]
[debug] ?[35m[AndroidBootstrap]?[39m [BOOTSTRAP LOG] [debug] Using: UiSelector[DESCRIPTION=new_user, INSTANCE=0]
[debug] ?[35m[AndroidBootstrap]?[39m [BOOTSTRAP LOG] [debug] Failed to locate element. Clearing Accessibility cache and retrying.
[debug] ?[35m[AndroidBootstrap]?[39m [BOOTSTRAP LOG] [debug] Finding 'new_user' using 'ID' with the contextId: '' multiple: false
[debug] ?[35m[AndroidBootstrap]?[39m [BOOTSTRAP LOG] [debug] Using: UiSelector[INSTANCE=0, RESOURCE_ID=in.amazon.mShop.android.shopping:id/new_user]
[debug] ?[35m[AndroidBootstrap]?[39m [BOOTSTRAP LOG] [debug] Using: UiSelector[INSTANCE=0, RESOURCE_ID=android:id/new_user]
[debug] ?[35m[AndroidBootstrap]?[39m [BOOTSTRAP LOG] [debug] Using: UiSelector[INSTANCE=0, RESOURCE_ID=new_user]
[debug] ?[35m[AndroidBootstrap]?[39m [BOOTSTRAP LOG] [debug] Using: UiSelector[DESCRIPTION=new_user, INSTANCE=0]
[debug] ?[35m[AndroidBootstrap]?[39m [BOOTSTRAP LOG] [debug] Returning result: {"status":7,"value":"No element found"}
[debug] ?[35m[AndroidBootstrap]?[39m Received command result from bootstrap
[debug] ?[35m[MJSONWP]?[39m Matched JSONWP error code 7 to NoSuchElementError
[debug] ?[35m[BaseDriver]?[39m Waited for 489 ms so far
[debug] ?[35m[AndroidBootstrap]?[39m Sending command to android: {"cmd":"action","action":"find","params":{"strategy":"id","selector":"new_user","context":"","multiple":false}}
[debug] ?[35m[AndroidBootstrap]?[39m [BOOTSTRAP LOG] [debug] Got data from client: {"cmd":"action","action":"find","params":{"strategy":"id","selector":"new_user","context":"","multiple":false}}
[debug] ?[35m[AndroidBootstrap]?[39m [BOOTSTRAP LOG] [debug] Got command of type ACTION
[debug] ?[35m[AndroidBootstrap]?[39m [BOOTSTRAP LOG] [debug] Got command action: find
[debug] ?[35m[AndroidBootstrap]?[39m [BOOTSTRAP LOG] [debug] Finding 'new_user' using 'ID' with the contextId: '' multiple: false
[debug] ?[35m[AndroidBootstrap]?[39m [BOOTSTRAP LOG] [debug] Using: UiSelector[INSTANCE=0, RESOURCE_ID=in.amazon.mShop.android.shopping:id/new_user]
[debug] ?[35m[AndroidBootstrap]?[39m [BOOTSTRAP LOG] [debug] Using: UiSelector[INSTANCE=0, RESOURCE_ID=android:id/new_user]
[debug] ?[35m[AndroidBootstrap]?[39m [BOOTSTRAP LOG] [debug] Using: UiSelector[INSTANCE=0, RESOURCE_ID=new_user]
[debug] ?[35m[AndroidBootstrap]?[39m [BOOTSTRAP LOG] [debug] Using: UiSelector[DESCRIPTION=new_user, INSTANCE=0]
[debug] ?[35m[AndroidBootstrap]?[39m [BOOTSTRAP LOG] [debug] Failed to locate element. Clearing Accessibility cache and retrying.
[debug] ?[35m[AndroidBootstrap]?[39m [BOOTSTRAP LOG] [debug] Finding 'new_user' using 'ID' with the contextId: '' multiple: false
[debug] ?[35m[AndroidBootstrap]?[39m [BOOTSTRAP LOG] [debug] Using: UiSelector[INSTANCE=0, RESOURCE_ID=in.amazon.mShop.android.shopping:id/new_user]
[debug] ?[35m[AndroidBootstrap]?[39m [BOOTSTRAP LOG] [debug] Returning result: {"status":0,"value":{"ELEMENT":"1"}}
[debug] ?[35m[AndroidBootstrap]?[39m Received command result from bootstrap
[debug] ?[35m[MJSONWP (072f94af)]?[39m Responding to client with driver.findElement() result: {"ELEMENT":"1"}
?[35m[HTTP]?[39m ?[37m<-- POST /wd/hub/session/072f94af-ff99-4687-810e-7af2e827e7c4/element ?[39m?[32m200?[39m ?[90m2967 ms - 87?[39m
?[35m[HTTP]?[39m ?[90m?[39m
?[35m[HTTP]?[39m ?[37m-->?[39m ?[37mGET?[39m ?[37m/wd/hub/session/072f94af-ff99-4687-810e-7af2e827e7c4/element/1/displayed?[39m
?[35m[HTTP]?[39m ?[90m{}?[39m
[debug] ?[35m[MJSONWP (072f94af)]?[39m Calling AppiumDriver.elementDisplayed() with args: ["1","072f94af-ff99-4687-810e-7af2e827e7c4"]
[debug] ?[35m[AndroidBootstrap]?[39m Sending command to android: {"cmd":"action","action":"element:getAttribute","params":{"attribute":"displayed","elementId":"1"}}
[debug] ?[35m[AndroidBootstrap]?[39m [BOOTSTRAP LOG] [debug] Got data from client: {"cmd":"action","action":"element:getAttribute","params":{"attribute":"displayed","elementId":"1"}}
[debug] ?[35m[AndroidBootstrap]?[39m [BOOTSTRAP LOG] [debug] Got command of type ACTION
[debug] ?[35m[AndroidBootstrap]?[39m [BOOTSTRAP LOG] [debug] Got command action: getAttribute
[debug] ?[35m[AndroidBootstrap]?[39m Received command result from bootstrap
[debug] ?[35m[AndroidBootstrap]?[39m [BOOTSTRAP LOG] [debug] Returning result: {"status":0,"value":"true"}
[debug] ?[35m[MJSONWP (072f94af)]?[39m Responding to client with driver.elementDisplayed() result: true
?[35m[HTTP]?[39m ?[37m<-- GET /wd/hub/session/072f94af-ff99-4687-810e-7af2e827e7c4/element/1/displayed ?[39m?[32m200?[39m ?[90m41 ms - 76?[39m
?[35m[HTTP]?[39m ?[90m?[39m
?[35m[HTTP]?[39m ?[37m-->?[39m ?[37mPOST?[39m ?[37m/wd/hub/session/072f94af-ff99-4687-810e-7af2e827e7c4/element?[39m
?[35m[HTTP]?[39m ?[90m{"using":"id","value":"new_user"}?[39m
[debug] ?[35m[MJSONWP (072f94af)]?[39m Calling AppiumDriver.findElement() with args: ["id","new_user","072f94af-ff99-4687-810e-7af2e827e7c4"]
[debug] ?[35m[BaseDriver]?[39m Valid locator strategies for this request: xpath, id, class name, accessibility id, -android uiautomator
[debug] ?[35m[BaseDriver]?[39m Waiting up to 15000 ms for condition
[debug] ?[35m[AndroidBootstrap]?[39m Sending command to android: {"cmd":"action","action":"find","params":{"strategy":"id","selector":"new_user","context":"","multiple":false}}
[debug] ?[35m[AndroidBootstrap]?[39m [BOOTSTRAP LOG] [debug] Got data from client: {"cmd":"action","action":"find","params":{"strategy":"id","selector":"new_user","context":"","multiple":false}}
[debug] ?[35m[AndroidBootstrap]?[39m [BOOTSTRAP LOG] [debug] Got command of type ACTION
[debug] ?[35m[AndroidBootstrap]?[39m [BOOTSTRAP LOG] [debug] Got command action: find
[debug] ?[35m[AndroidBootstrap]?[39m [BOOTSTRAP LOG] [debug] Finding 'new_user' using 'ID' with the contextId: '' multiple: false
[debug] ?[35m[AndroidBootstrap]?[39m [BOOTSTRAP LOG] [debug] Using: UiSelector[INSTANCE=0, RESOURCE_ID=in.amazon.mShop.android.shopping:id/new_user]
[debug] ?[35m[AndroidBootstrap]?[39m [BOOTSTRAP LOG] [debug] Returning result: {"status":0,"value":{"ELEMENT":"2"}}
[debug] ?[35m[AndroidBootstrap]?[39m Received command result from bootstrap
[debug] ?[35m[MJSONWP (072f94af)]?[39m Responding to client with driver.findElement() result: {"ELEMENT":"2"}
?[35m[HTTP]?[39m ?[37m<-- POST /wd/hub/session/072f94af-ff99-4687-810e-7af2e827e7c4/element ?[39m?[32m200?[39m ?[90m20 ms - 87?[39m
?[35m[HTTP]?[39m ?[90m?[39m
?[35m[HTTP]?[39m ?[37m-->?[39m ?[37mGET?[39m ?[37m/wd/hub/session/072f94af-ff99-4687-810e-7af2e827e7c4/element/2/displayed?[39m
?[35m[HTTP]?[39m ?[90m{}?[39m
[debug] ?[35m[MJSONWP (072f94af)]?[39m Calling AppiumDriver.elementDisplayed() with args: ["2","072f94af-ff99-4687-810e-7af2e827e7c4"]
[debug] ?[35m[AndroidBootstrap]?[39m Sending command to android: {"cmd":"action","action":"element:getAttribute","params":{"attribute":"displayed","elementId":"2"}}
[debug] ?[35m[AndroidBootstrap]?[39m [BOOTSTRAP LOG] [debug] Got data from client: {"cmd":"action","action":"element:getAttribute","params":{"attribute":"displayed","elementId":"2"}}
[debug] ?[35m[AndroidBootstrap]?[39m [BOOTSTRAP LOG] [debug] Got command of type ACTION
[debug] ?[35m[AndroidBootstrap]?[39m [BOOTSTRAP LOG] [debug] Got command action: getAttribute
[debug] ?[35m[AndroidBootstrap]?[39m Received command result from bootstrap
[debug] ?[35m[AndroidBootstrap]?[39m [BOOTSTRAP LOG] [debug] Returning result: {"status":0,"value":"true"}
[debug] ?[35m[MJSONWP (072f94af)]?[39m Responding to client with driver.elementDisplayed() result: true
?[35m[HTTP]?[39m ?[37m<-- GET /wd/hub/session/072f94af-ff99-4687-810e-7af2e827e7c4/element/2/displayed ?[39m?[32m200?[39m ?[90m20 ms - 76?[39m
?[35m[HTTP]?[39m ?[90m?[39m
?[35m[HTTP]?[39m ?[37m-->?[39m ?[37mPOST?[39m ?[37m/wd/hub/session/072f94af-ff99-4687-810e-7af2e827e7c4/element?[39m
?[35m[HTTP]?[39m ?[90m{"using":"id","value":"new_user"}?[39m
[debug] ?[35m[MJSONWP (072f94af)]?[39m Calling AppiumDriver.findElement() with args: ["id","new_user","072f94af-ff99-4687-810e-7af2e827e7c4"]
[debug] ?[35m[BaseDriver]?[39m Valid locator strategies for this request: xpath, id, class name, accessibility id, -android uiautomator
[debug] ?[35m[BaseDriver]?[39m Waiting up to 15000 ms for condition
[debug] ?[35m[AndroidBootstrap]?[39m Sending command to android: {"cmd":"action","action":"find","params":{"strategy":"id","selector":"new_user","context":"","multiple":false}}
[debug] ?[35m[AndroidBootstrap]?[39m [BOOTSTRAP LOG] [debug] Got data from client: {"cmd":"action","action":"find","params":{"strategy":"id","selector":"new_user","context":"","multiple":false}}
[debug] ?[35m[AndroidBootstrap]?[39m [BOOTSTRAP LOG] [debug] Got command of type ACTION
[debug] ?[35m[AndroidBootstrap]?[39m [BOOTSTRAP LOG] [debug] Got command action: find
[debug] ?[35m[AndroidBootstrap]?[39m [BOOTSTRAP LOG] [debug] Finding 'new_user' using 'ID' with the contextId: '' multiple: false
[debug] ?[35m[AndroidBootstrap]?[39m [BOOTSTRAP LOG] [debug] Using: UiSelector[INSTANCE=0, RESOURCE_ID=in.amazon.mShop.android.shopping:id/new_user]
[debug] ?[35m[AndroidBootstrap]?[39m [BOOTSTRAP LOG] [debug] Returning result: {"status":0,"value":{"ELEMENT":"3"}}
[debug] ?[35m[AndroidBootstrap]?[39m Received command result from bootstrap
[debug] ?[35m[MJSONWP (072f94af)]?[39m Responding to client with driver.findElement() result: {"ELEMENT":"3"}
?[35m[HTTP]?[39m ?[37m<-- POST /wd/hub/session/072f94af-ff99-4687-810e-7af2e827e7c4/element ?[39m?[32m200?[39m ?[90m17 ms - 87?[39m
?[35m[HTTP]?[39m ?[90m?[39m
?[35m[HTTP]?[39m ?[37m-->?[39m ?[37mGET?[39m ?[37m/wd/hub/session/072f94af-ff99-4687-810e-7af2e827e7c4/element/3/enabled?[39m
?[35m[HTTP]?[39m ?[90m{}?[39m
[debug] ?[35m[MJSONWP (072f94af)]?[39m Calling AppiumDriver.elementEnabled() with args: ["3","072f94af-ff99-4687-810e-7af2e827e7c4"]
[debug] ?[35m[AndroidBootstrap]?[39m Sending command to android: {"cmd":"action","action":"element:getAttribute","params":{"attribute":"enabled","elementId":"3"}}
[debug] ?[35m[AndroidBootstrap]?[39m [BOOTSTRAP LOG] [debug] Got data from client: {"cmd":"action","action":"element:getAttribute","params":{"attribute":"enabled","elementId":"3"}}
[debug] ?[35m[AndroidBootstrap]?[39m [BOOTSTRAP LOG] [debug] Got command of type ACTION
[debug] ?[35m[AndroidBootstrap]?[39m [BOOTSTRAP LOG] [debug] Got command action: getAttribute
[debug] ?[35m[AndroidBootstrap]?[39m [BOOTSTRAP LOG] [debug] Returning result: {"status":0,"value":"true"}
[debug] ?[35m[AndroidBootstrap]?[39m Received command result from bootstrap
[debug] ?[35m[MJSONWP (072f94af)]?[39m Responding to client with driver.elementEnabled() result: true
?[35m[HTTP]?[39m ?[37m<-- GET /wd/hub/session/072f94af-ff99-4687-810e-7af2e827e7c4/element/3/enabled ?[39m?[32m200?[39m ?[90m23 ms - 76?[39m
?[35m[HTTP]?[39m ?[90m?[39m
Test case pass and detail are checkSignUpBtn
?[35m[HTTP]?[39m ?[37m-->?[39m ?[37mPOST?[39m ?[37m/wd/hub/session/02116149-8be2-44f4-87e0-c3820188c31e/element?[39m
?[35m[HTTP]?[39m ?[90m{"using":"id","value":"skip_sign_in_button"}?[39m
[debug] ?[35m[MJSONWP (02116149)]?[39m Calling AppiumDriver.findElement() with args: ["id","skip_sign_in_button","02116149-8be2-44f4-87e0-c3820188c31e"]
[debug] ?[35m[BaseDriver]?[39m Valid locator strategies for this request: xpath, id, class name, accessibility id, -android uiautomator
[debug] ?[35m[BaseDriver]?[39m Waiting up to 15000 ms for condition
[debug] ?[35m[AndroidBootstrap]?[39m Sending command to android: {"cmd":"action","action":"find","params":{"strategy":"id","selector":"skip_sign_in_button","context":"","multiple":false}}
[debug] ?[35m[AndroidBootstrap]?[39m [BOOTSTRAP LOG] [debug] Got data from client: {"cmd":"action","action":"find","params":{"strategy":"id","selector":"skip_sign_in_button","context":"","multiple":false}}
[debug] ?[35m[AndroidBootstrap]?[39m [BOOTSTRAP LOG] [debug] Got command of type ACTION
[debug] ?[35m[AndroidBootstrap]?[39m [BOOTSTRAP LOG] [debug] Got command action: find
[debug] ?[35m[AndroidBootstrap]?[39m [BOOTSTRAP LOG] [debug] Finding 'skip_sign_in_button' using 'ID' with the contextId: '' multiple: false
[debug] ?[35m[AndroidBootstrap]?[39m [BOOTSTRAP LOG] [debug] Using: UiSelector[INSTANCE=0, RESOURCE_ID=in.amazon.mShop.android.shopping:id/skip_sign_in_button]
[debug] ?[35m[AndroidBootstrap]?[39m [BOOTSTRAP LOG] [debug] Using: UiSelector[INSTANCE=0, RESOURCE_ID=android:id/skip_sign_in_button]
[debug] ?[35m[AndroidBootstrap]?[39m [BOOTSTRAP LOG] [debug] Using: UiSelector[INSTANCE=0, RESOURCE_ID=skip_sign_in_button]
[debug] ?[35m[AndroidBootstrap]?[39m [BOOTSTRAP LOG] [debug] Using: UiSelector[DESCRIPTION=skip_sign_in_button, INSTANCE=0]
[debug] ?[35m[AndroidBootstrap]?[39m [BOOTSTRAP LOG] [debug] Failed to locate element. Clearing Accessibility cache and retrying.
[debug] ?[35m[AndroidBootstrap]?[39m [BOOTSTRAP LOG] [debug] Finding 'skip_sign_in_button' using 'ID' with the contextId: '' multiple: false
[debug] ?[35m[AndroidBootstrap]?[39m [BOOTSTRAP LOG] [debug] Using: UiSelector[INSTANCE=0, RESOURCE_ID=in.amazon.mShop.android.shopping:id/skip_sign_in_button]
[debug] ?[35m[AndroidBootstrap]?[39m [BOOTSTRAP LOG] [debug] Using: UiSelector[INSTANCE=0, RESOURCE_ID=android:id/skip_sign_in_button]
[debug] ?[35m[AndroidBootstrap]?[39m [BOOTSTRAP LOG] [debug] Using: UiSelector[INSTANCE=0, RESOURCE_ID=skip_sign_in_button]
[debug] ?[35m[AndroidBootstrap]?[39m [BOOTSTRAP LOG] [debug] Using: UiSelector[DESCRIPTION=skip_sign_in_button, INSTANCE=0]
[debug] ?[35m[AndroidBootstrap]?[39m [BOOTSTRAP LOG] [debug] Returning result: {"status":7,"value":"No element found"}
[debug] ?[35m[AndroidBootstrap]?[39m Received command result from bootstrap
[debug] ?[35m[MJSONWP]?[39m Matched JSONWP error code 7 to NoSuchElementError
[debug] ?[35m[BaseDriver]?[39m Waited for 847 ms so far
[debug] ?[35m[AndroidBootstrap]?[39m Sending command to android: {"cmd":"action","action":"find","params":{"strategy":"id","selector":"skip_sign_in_button","context":"","multiple":false}}
[debug] ?[35m[AndroidBootstrap]?[39m [BOOTSTRAP LOG] [debug] Got data from client: {"cmd":"action","action":"find","params":{"strategy":"id","selector":"skip_sign_in_button","context":"","multiple":false}}
[debug] ?[35m[AndroidBootstrap]?[39m [BOOTSTRAP LOG] [debug] Got command of type ACTION
[debug] ?[35m[AndroidBootstrap]?[39m [BOOTSTRAP LOG] [debug] Got command action: find
[debug] ?[35m[AndroidBootstrap]?[39m [BOOTSTRAP LOG] [debug] Finding 'skip_sign_in_button' using 'ID' with the contextId: '' multiple: false
[debug] ?[35m[AndroidBootstrap]?[39m [BOOTSTRAP LOG] [debug] Using: UiSelector[INSTANCE=0, RESOURCE_ID=in.amazon.mShop.android.shopping:id/skip_sign_in_button]
[debug] ?[35m[AndroidBootstrap]?[39m [BOOTSTRAP LOG] [debug] Using: UiSelector[INSTANCE=0, RESOURCE_ID=android:id/skip_sign_in_button]
[debug] ?[35m[AndroidBootstrap]?[39m [BOOTSTRAP LOG] [debug] Using: UiSelector[INSTANCE=0, RESOURCE_ID=skip_sign_in_button]
[debug] ?[35m[AndroidBootstrap]?[39m [BOOTSTRAP LOG] [debug] Using: UiSelector[DESCRIPTION=skip_sign_in_button, INSTANCE=0]
[debug] ?[35m[AndroidBootstrap]?[39m [BOOTSTRAP LOG] [debug] Failed to locate element. Clearing Accessibility cache and retrying.
[debug] ?[35m[AndroidBootstrap]?[39m [BOOTSTRAP LOG] [debug] Finding 'skip_sign_in_button' using 'ID' with the contextId: '' multiple: false
[debug] ?[35m[AndroidBootstrap]?[39m [BOOTSTRAP LOG] [debug] Using: UiSelector[INSTANCE=0, RESOURCE_ID=in.amazon.mShop.android.shopping:id/skip_sign_in_button]
[debug] ?[35m[AndroidBootstrap]?[39m [BOOTSTRAP LOG] [debug] Using: UiSelector[INSTANCE=0, RESOURCE_ID=android:id/skip_sign_in_button]
[debug] ?[35m[AndroidBootstrap]?[39m [BOOTSTRAP LOG] [debug] Using: UiSelector[INSTANCE=0, RESOURCE_ID=skip_sign_in_button]
[debug] ?[35m[AndroidBootstrap]?[39m [BOOTSTRAP LOG] [debug] Using: UiSelector[DESCRIPTION=skip_sign_in_button, INSTANCE=0]
[debug] ?[35m[AndroidBootstrap]?[39m [BOOTSTRAP LOG] [debug] Returning result: {"status":7,"value":"No element found"}
[debug] ?[35m[AndroidBootstrap]?[39m Received command result from bootstrap
[debug] ?[35m[MJSONWP]?[39m Matched JSONWP error code 7 to NoSuchElementError
[debug] ?[35m[BaseDriver]?[39m Waited for 1432 ms so far
[debug] ?[35m[AndroidBootstrap]?[39m Sending command to android: {"cmd":"action","action":"find","params":{"strategy":"id","selector":"skip_sign_in_button","context":"","multiple":false}}
[debug] ?[35m[AndroidBootstrap]?[39m [BOOTSTRAP LOG] [debug] Got data from client: {"cmd":"action","action":"find","params":{"strategy":"id","selector":"skip_sign_in_button","context":"","multiple":false}}
[debug] ?[35m[AndroidBootstrap]?[39m [BOOTSTRAP LOG] [debug] Got command of type ACTION
[debug] ?[35m[AndroidBootstrap]?[39m [BOOTSTRAP LOG] [debug] Got command action: find
[debug] ?[35m[AndroidBootstrap]?[39m [BOOTSTRAP LOG] [debug] Finding 'skip_sign_in_button' using 'ID' with the contextId: '' multiple: false
[debug] ?[35m[AndroidBootstrap]?[39m [BOOTSTRAP LOG] [debug] Using: UiSelector[INSTANCE=0, RESOURCE_ID=in.amazon.mShop.android.shopping:id/skip_sign_in_button]
[debug] ?[35m[AndroidBootstrap]?[39m [BOOTSTRAP LOG] [debug] Using: UiSelector[INSTANCE=0, RESOURCE_ID=android:id/skip_sign_in_button]
[debug] ?[35m[AndroidBootstrap]?[39m [BOOTSTRAP LOG] [debug] Using: UiSelector[INSTANCE=0, RESOURCE_ID=skip_sign_in_button]
[debug] ?[35m[AndroidBootstrap]?[39m [BOOTSTRAP LOG] [debug] Using: UiSelector[DESCRIPTION=skip_sign_in_button, INSTANCE=0]
[debug] ?[35m[AndroidBootstrap]?[39m [BOOTSTRAP LOG] [debug] Failed to locate element. Clearing Accessibility cache and retrying.
[debug] ?[35m[AndroidBootstrap]?[39m [BOOTSTRAP LOG] [debug] Finding 'skip_sign_in_button' using 'ID' with the contextId: '' multiple: false
[debug] ?[35m[AndroidBootstrap]?[39m [BOOTSTRAP LOG] [debug] Using: UiSelector[INSTANCE=0, RESOURCE_ID=in.amazon.mShop.android.shopping:id/skip_sign_in_button]
[debug] ?[35m[AndroidBootstrap]?[39m [BOOTSTRAP LOG] [debug] Returning result: {"status":0,"value":{"ELEMENT":"1"}}
[debug] ?[35m[AndroidBootstrap]?[39m Received command result from bootstrap
[debug] ?[35m[MJSONWP (02116149)]?[39m Responding to client with driver.findElement() result: {"ELEMENT":"1"}
?[35m[HTTP]?[39m ?[37m<-- POST /wd/hub/session/02116149-8be2-44f4-87e0-c3820188c31e/element ?[39m?[32m200?[39m ?[90m3613 ms - 87?[39m
?[35m[HTTP]?[39m ?[90m?[39m
[...]
?[35m[HTTP]?[39m ?[90m{}?[39m
[debug] ?[35m[MJSONWP (1be9e058)]?[39m Calling AppiumDriver.elementDisplayed() with args: ["16","1be9e058-c74f-4599-9478-2a7c38919a9e"]
[debug] ?[35m[AndroidBootstrap]?[39m Sending command to android: {"cmd":"action","action":"element:getAttribute","params":{"attribute":"displayed","elementId":"16"}}
[debug] ?[35m[AndroidBootstrap]?[39m [BOOTSTRAP LOG] [debug] Got data from client: {"cmd":"action","action":"element:getAttribute","params":{"attribute":"displayed","elementId":"16"}}
[debug] ?[35m[AndroidBootstrap]?[39m [BOOTSTRAP LOG] [debug] Got command of type ACTION
[debug] ?[35m[AndroidBootstrap]?[39m [BOOTSTRAP LOG] [debug] Got command action: getAttribute
[debug] ?[35m[AndroidBootstrap]?[39m [BOOTSTRAP LOG] [debug] Returning result: {"status":0,"value":"true"}
[debug] ?[35m[AndroidBootstrap]?[39m Received command result from bootstrap
[debug] ?[35m[MJSONWP (1be9e058)]?[39m Responding to client with driver.elementDisplayed() result: true
?[35m[HTTP]?[39m ?[37m<-- GET /wd/hub/session/1be9e058-c74f-4599-9478-2a7c38919a9e/element/16/displayed ?[39m?[32m200?[39m ?[90m18 ms - 76?[39m
?[35m[HTTP]?[39m ?[90m?[39m
?[35m[HTTP]?[39m ?[37m-->?[39m ?[37mPOST?[39m ?[37m/wd/hub/session/1be9e058-c74f-4599-9478-2a7c38919a9e/element?[39m
?[35m[HTTP]?[39m ?[90m{"using":"id","value":"signInSubmit"}?[39m
[debug] ?[35m[MJSONWP (1be9e058)]?[39m Calling AppiumDriver.findElement() with args: ["id","signInSubmit","1be9e058-c74f-4599-9478-2a7c38919a9e"]
[debug] ?[35m[BaseDriver]?[39m Valid locator strategies for this request: xpath, id, class name, accessibility id, -android uiautomator
[debug] ?[35m[BaseDriver]?[39m Waiting up to 15000 ms for condition
[debug] ?[35m[AndroidBootstrap]?[39m Sending command to android: {"cmd":"action","action":"find","params":{"strategy":"id","selector":"signInSubmit","context":"","multiple":false}}
[debug] ?[35m[AndroidBootstrap]?[39m [BOOTSTRAP LOG] [debug] Got data from client: {"cmd":"action","action":"find","params":{"strategy":"id","selector":"signInSubmit","context":"","multiple":false}}
[debug] ?[35m[AndroidBootstrap]?[39m [BOOTSTRAP LOG] [debug] Got command of type ACTION
[debug] ?[35m[AndroidBootstrap]?[39m [BOOTSTRAP LOG] [debug] Got command action: find
[debug] ?[35m[AndroidBootstrap]?[39m [BOOTSTRAP LOG] [debug] Finding 'signInSubmit' using 'ID' with the contextId: '' multiple: false
[debug] ?[35m[AndroidBootstrap]?[39m [BOOTSTRAP LOG] [debug] Using: UiSelector[INSTANCE=0, RESOURCE_ID=in.amazon.mShop.android.shopping:id/signInSubmit]
[debug] ?[35m[AndroidBootstrap]?[39m [BOOTSTRAP LOG] [debug] Using: UiSelector[INSTANCE=0, RESOURCE_ID=android:id/signInSubmit]
[debug] ?[35m[AndroidBootstrap]?[39m [BOOTSTRAP LOG] [debug] Using: UiSelector[INSTANCE=0, RESOURCE_ID=signInSubmit]
[debug] ?[35m[AndroidBootstrap]?[39m [BOOTSTRAP LOG] [debug] Returning result: {"status":0,"value":{"ELEMENT":"17"}}
[debug] ?[35m[AndroidBootstrap]?[39m Received command result from bootstrap
[debug] ?[35m[MJSONWP (1be9e058)]?[39m Responding to client with driver.findElement() result: {"ELEMENT":"17"}
?[35m[HTTP]?[39m ?[37m<-- POST /wd/hub/session/1be9e058-c74f-4599-9478-2a7c38919a9e/element ?[39m?[32m200?[39m ?[90m68 ms - 88?[39m
?[35m[HTTP]?[39m ?[90m?[39m
?[35m[HTTP]?[39m ?[37m-->?[39m ?[37mPOST?[39m ?[37m/wd/hub/session/1be9e058-c74f-4599-9478-2a7c38919a9e/element/17/click?[39m
?[35m[HTTP]?[39m ?[90m{"id":"17"}?[39m
[debug] ?[35m[MJSONWP (1be9e058)]?[39m Calling AppiumDriver.click() with args: ["17","1be9e058-c74f-4599-9478-2a7c38919a9e"]
[debug] ?[35m[AndroidBootstrap]?[39m Sending command to android: {"cmd":"action","action":"element:click","params":{"elementId":"17"}}
[debug] ?[35m[AndroidBootstrap]?[39m [BOOTSTRAP LOG] [debug] Got data from client: {"cmd":"action","action":"element:click","params":{"elementId":"17"}}
[debug] ?[35m[AndroidBootstrap]?[39m [BOOTSTRAP LOG] [debug] Got command of type ACTION
[debug] ?[35m[AndroidBootstrap]?[39m [BOOTSTRAP LOG] [debug] Got command action: click
[debug] ?[35m[AndroidBootstrap]?[39m Received command result from bootstrap
[debug] ?[35m[AndroidBootstrap]?[39m [BOOTSTRAP LOG] [debug] Returning result: {"status":0,"value":true}
[debug] ?[35m[MJSONWP (1be9e058)]?[39m Responding to client with driver.click() result: true
?[35m[HTTP]?[39m ?[37m<-- POST /wd/hub/session/1be9e058-c74f-4599-9478-2a7c38919a9e/element/17/click ?[39m?[32m200?[39m ?[90m565 ms - 76?[39m
?[35m[HTTP]?[39m ?[90m?[39m
?[35m[HTTP]?[39m ?[37m-->?[39m ?[37mPOST?[39m ?[37m/wd/hub/session/1be9e058-c74f-4599-9478-2a7c38919a9e/element?[39m
?[35m[HTTP]?[39m ?[90m{"using":"id","value":"action_bar_home_logo"}?[39m
[debug] ?[35m[MJSONWP (1be9e058)]?[39m Calling AppiumDriver.findElement() with args: ["id","action_bar_home_logo","1be9e058-c74f-4599-9478-2a7c38919a9e"]
[debug] ?[35m[BaseDriver]?[39m Valid locator strategies for this request: xpath, id, class name, accessibility id, -android uiautomator
[debug] ?[35m[BaseDriver]?[39m Waiting up to 15000 ms for condition
[debug] ?[35m[AndroidBootstrap]?[39m Sending command to android: {"cmd":"action","action":"find","params":{"strategy":"id","selector":"action_bar_home_logo","context":"","multiple":false}}
[debug] ?[35m[AndroidBootstrap]?[39m [BOOTSTRAP LOG] [debug] Got data from client: {"cmd":"action","action":"find","params":{"strategy":"id","selector":"action_bar_home_logo","context":"","multiple":false}}
[debug] ?[35m[AndroidBootstrap]?[39m [BOOTSTRAP LOG] [debug] Got command of type ACTION
[debug] ?[35m[AndroidBootstrap]?[39m [BOOTSTRAP LOG] [debug] Got command action: find
[debug] ?[35m[AndroidBootstrap]?[39m [BOOTSTRAP LOG] [debug] Finding 'action_bar_home_logo' using 'ID' with the contextId: '' multiple: false
[debug] ?[35m[AndroidBootstrap]?[39m [BOOTSTRAP LOG] [debug] Using: UiSelector[INSTANCE=0, RESOURCE_ID=in.amazon.mShop.android.shopping:id/action_bar_home_logo]
[debug] ?[35m[AndroidBootstrap]?[39m [BOOTSTRAP LOG] [debug] Using: UiSelector[INSTANCE=0, RESOURCE_ID=android:id/action_bar_home_logo]
[debug] ?[35m[AndroidBootstrap]?[39m [BOOTSTRAP LOG] [debug] Using: UiSelector[INSTANCE=0, RESOURCE_ID=action_bar_home_logo]
[debug] ?[35m[AndroidBootstrap]?[39m [BOOTSTRAP LOG] [debug] Using: UiSelector[DESCRIPTION=action_bar_home_logo, INSTANCE=0]
[debug] ?[35m[AndroidBootstrap]?[39m [BOOTSTRAP LOG] [debug] Failed to locate element. Clearing Accessibility cache and retrying.
[debug] ?[35m[AndroidBootstrap]?[39m [BOOTSTRAP LOG] [debug] Finding 'action_bar_home_logo' using 'ID' with the contextId: '' multiple: false
[debug] ?[35m[AndroidBootstrap]?[39m [BOOTSTRAP LOG] [debug] Using: UiSelector[INSTANCE=0, RESOURCE_ID=in.amazon.mShop.android.shopping:id/action_bar_home_logo]
[debug] ?[35m[AndroidBootstrap]?[39m [BOOTSTRAP LOG] [debug] Using: UiSelector[INSTANCE=0, RESOURCE_ID=android:id/action_bar_home_logo]
[debug] ?[35m[AndroidBootstrap]?[39m [BOOTSTRAP LOG] [debug] Using: UiSelector[INSTANCE=0, RESOURCE_ID=action_bar_home_logo]
[debug] ?[35m[AndroidBootstrap]?[39m [BOOTSTRAP LOG] [debug] Using: UiSelector[DESCRIPTION=action_bar_home_logo, INSTANCE=0]
[debug] ?[35m[AndroidBootstrap]?[39m [BOOTSTRAP LOG] [debug] Returning result: {"status":7,"value":"No element found"}
[debug] ?[35m[AndroidBootstrap]?[39m Received command result from bootstrap
[debug] ?[35m[MJSONWP]?[39m Matched JSONWP error code 7 to NoSuchElementError
[debug] ?[35m[BaseDriver]?[39m Waited for 914 ms so far
[debug] ?[35m[AndroidBootstrap]?[39m Sending command to android: {"cmd":"action","action":"find","params":{"strategy":"id","selector":"action_bar_home_logo","context":"","multiple":false}}
[debug] ?[35m[AndroidBootstrap]?[39m [BOOTSTRAP LOG] [debug] Got data from client: {"cmd":"action","action":"find","params":{"strategy":"id","selector":"action_bar_home_logo","context":"","multiple":false}}
[debug] ?[35m[AndroidBootstrap]?[39m [BOOTSTRAP LOG] [debug] Got command of type ACTION
[debug] ?[35m[AndroidBootstrap]?[39m [BOOTSTRAP LOG] [debug] Got command action: find
[debug] ?[35m[AndroidBootstrap]?[39m [BOOTSTRAP LOG] [debug] Finding 'action_bar_home_logo' using 'ID' with the contextId: '' multiple: false
[debug] ?[35m[AndroidBootstrap]?[39m [BOOTSTRAP LOG] [debug] Using: UiSelector[INSTANCE=0, RESOURCE_ID=in.amazon.mShop.android.shopping:id/action_bar_home_logo]
[debug] ?[35m[AndroidBootstrap]?[39m [BOOTSTRAP LOG] [debug] Using: UiSelector[INSTANCE=0, RESOURCE_ID=android:id/action_bar_home_logo]
[debug] ?[35m[AndroidBootstrap]?[39m [BOOTSTRAP LOG] [debug] Using: UiSelector[INSTANCE=0, RESOURCE_ID=action_bar_home_logo]
[debug] ?[35m[AndroidBootstrap]?[39m [BOOTSTRAP LOG] [debug] Using: UiSelector[DESCRIPTION=action_bar_home_logo, INSTANCE=0]
[debug] ?[35m[AndroidBootstrap]?[39m [BOOTSTRAP LOG] [debug] Failed to locate element. Clearing Accessibility cache and retrying.
[debug] ?[35m[AndroidBootstrap]?[39m [BOOTSTRAP LOG] [debug] Finding 'action_bar_home_logo' using 'ID' with the contextId: '' multiple: false
[debug] ?[35m[AndroidBootstrap]?[39m [BOOTSTRAP LOG] [debug] Using: UiSelector[INSTANCE=0, RESOURCE_ID=in.amazon.mShop.android.shopping:id/action_bar_home_logo]
[debug] ?[35m[AndroidBootstrap]?[39m [BOOTSTRAP LOG] [debug] Using: UiSelector[INSTANCE=0, RESOURCE_ID=android:id/action_bar_home_logo]
[debug] ?[35m[AndroidBootstrap]?[39m [BOOTSTRAP LOG] [debug] Using: UiSelector[INSTANCE=0, RESOURCE_ID=action_bar_home_logo]
[debug] ?[35m[AndroidBootstrap]?[39m [BOOTSTRAP LOG] [debug] Using: UiSelector[DESCRIPTION=action_bar_home_logo, INSTANCE=0]
[debug] ?[35m[AndroidBootstrap]?[39m [BOOTSTRAP LOG] [debug] Returning result: {"status":7,"value":"No element found"}
[debug] ?[35m[AndroidBootstrap]?[39m Received command result from bootstrap
[debug] ?[35m[MJSONWP]?[39m Matched JSONWP error code 7 to NoSuchElementError
[debug] ?[35m[BaseDriver]?[39m Waited for 2166 ms so far
[debug] ?[35m[AndroidBootstrap]?[39m Sending command to android: {"cmd":"action","action":"find","params":{"strategy":"id","selector":"action_bar_home_logo","context":"","multiple":false}}
[debug] ?[35m[AndroidBootstrap]?[39m [BOOTSTRAP LOG] [debug] Got data from client: {"cmd":"action","action":"find","params":{"strategy":"id","selector":"action_bar_home_logo","context":"","multiple":false}}
[debug] ?[35m[AndroidBootstrap]?[39m [BOOTSTRAP LOG] [debug] Got command of type ACTION
[debug] ?[35m[AndroidBootstrap]?[39m [BOOTSTRAP LOG] [debug] Got command action: find
[debug] ?[35m[AndroidBootstrap]?[39m [BOOTSTRAP LOG] [debug] Finding 'action_bar_home_logo' using 'ID' with the contextId: '' multiple: false
[debug] ?[35m[AndroidBootstrap]?[39m [BOOTSTRAP LOG] [debug] Using: UiSelector[INSTANCE=0, RESOURCE_ID=in.amazon.mShop.android.shopping:id/action_bar_home_logo]
[debug] ?[35m[AndroidBootstrap]?[39m [BOOTSTRAP LOG] [debug] Using: UiSelector[INSTANCE=0, RESOURCE_ID=android:id/action_bar_home_logo]
[debug] ?[35m[AndroidBootstrap]?[39m [BOOTSTRAP LOG] [debug] Using: UiSelector[INSTANCE=0, RESOURCE_ID=action_bar_home_logo]
[debug] ?[35m[AndroidBootstrap]?[39m [BOOTSTRAP LOG] [debug] Using: UiSelector[DESCRIPTION=action_bar_home_logo, INSTANCE=0]
[debug] ?[35m[AndroidBootstrap]?[39m [BOOTSTRAP LOG] [debug] Failed to locate element. Clearing Accessibility cache and retrying.
[debug] ?[35m[AndroidBootstrap]?[39m [BOOTSTRAP LOG] [debug] Finding 'action_bar_home_logo' using 'ID' with the contextId: '' multiple: false
[debug] ?[35m[AndroidBootstrap]?[39m [BOOTSTRAP LOG] [debug] Using: UiSelector[INSTANCE=0, RESOURCE_ID=in.amazon.mShop.android.shopping:id/action_bar_home_logo]
[debug] ?[35m[AndroidBootstrap]?[39m [BOOTSTRAP LOG] [debug] Using: UiSelector[INSTANCE=0, RESOURCE_ID=android:id/action_bar_home_logo]
[debug] ?[35m[AndroidBootstrap]?[39m [BOOTSTRAP LOG] [debug] Using: UiSelector[INSTANCE=0, RESOURCE_ID=action_bar_home_logo]
[debug] ?[35m[AndroidBootstrap]?[39m [BOOTSTRAP LOG] [debug] Using: UiSelector[DESCRIPTION=action_bar_home_logo, INSTANCE=0]
[debug] ?[35m[AndroidBootstrap]?[39m [BOOTSTRAP LOG] [debug] Returning result: {"status":7,"value":"No element found"}
[debug] ?[35m[AndroidBootstrap]?[39m Received command result from bootstrap
[debug] ?[35m[MJSONWP]?[39m Matched JSONWP error code 7 to NoSuchElementError
[debug] ?[35m[BaseDriver]?[39m Waited for 2734 ms so far
[debug] ?[35m[AndroidBootstrap]?[39m Sending command to android: {"cmd":"action","action":"find","params":{"strategy":"id","selector":"action_bar_home_logo","context":"","multiple":false}}
[debug] ?[35m[AndroidBootstrap]?[39m [BOOTSTRAP LOG] [debug] Got data from client: {"cmd":"action","action":"find","params":{"strategy":"id","selector":"action_bar_home_logo","context":"","multiple":false}}
[debug] ?[35m[AndroidBootstrap]?[39m [BOOTSTRAP LOG] [debug] Got command of type ACTION
[debug] ?[35m[AndroidBootstrap]?[39m [BOOTSTRAP LOG] [debug] Got command action: find
[debug] ?[35m[AndroidBootstrap]?[39m [BOOTSTRAP LOG] [debug] Finding 'action_bar_home_logo' using 'ID' with the contextId: '' multiple: false
[debug] ?[35m[AndroidBootstrap]?[39m [BOOTSTRAP LOG] [debug] Using: UiSelector[INSTANCE=0, RESOURCE_ID=in.amazon.mShop.android.shopping:id/action_bar_home_logo]
[debug] ?[35m[AndroidBootstrap]?[39m [BOOTSTRAP LOG] [debug] Using: UiSelector[INSTANCE=0, RESOURCE_ID=android:id/action_bar_home_logo]
[debug] ?[35m[AndroidBootstrap]?[39m [BOOTSTRAP LOG] [debug] Using: UiSelector[INSTANCE=0, RESOURCE_ID=action_bar_home_logo]
[debug] ?[35m[AndroidBootstrap]?[39m [BOOTSTRAP LOG] [debug] Using: UiSelector[DESCRIPTION=action_bar_home_logo, INSTANCE=0]
[debug] ?[35m[AndroidBootstrap]?[39m [BOOTSTRAP LOG] [debug] Failed to locate element. Clearing Accessibility cache and retrying.
[debug] ?[35m[AndroidBootstrap]?[39m [BOOTSTRAP LOG] [debug] Finding 'action_bar_home_logo' using 'ID' with the contextId: '' multiple: false
[debug] ?[35m[AndroidBootstrap]?[39m [BOOTSTRAP LOG] [debug] Using: UiSelector[INSTANCE=0, RESOURCE_ID=in.amazon.mShop.android.shopping:id/action_bar_home_logo]
[debug] ?[35m[AndroidBootstrap]?[39m [BOOTSTRAP LOG] [debug] Using: UiSelector[INSTANCE=0, RESOURCE_ID=android:id/action_bar_home_logo]
[debug] ?[35m[AndroidBootstrap]?[39m [BOOTSTRAP LOG] [debug] Using: UiSelector[INSTANCE=0, RESOURCE_ID=action_bar_home_logo]
[debug] ?[35m[AndroidBootstrap]?[39m [BOOTSTRAP LOG] [debug] Using: UiSelector[DESCRIPTION=action_bar_home_logo, INSTANCE=0]
[debug] ?[35m[AndroidBootstrap]?[39m [BOOTSTRAP LOG] [debug] Returning result: {"status":7,"value":"No element found"}
[debug] ?[35m[AndroidBootstrap]?[39m Received command result from bootstrap
[debug] ?[35m[MJSONWP]?[39m Matched JSONWP error code 7 to NoSuchElementError
[debug] ?[35m[BaseDriver]?[39m Waited for 3312 ms so far
[debug] ?[35m[AndroidBootstrap]?[39m Sending command to android: {"cmd":"action","action":"find","params":{"strategy":"id","selector":"action_bar_home_logo","context":"","multiple":false}}
[debug] ?[35m[AndroidBootstrap]?[39m [BOOTSTRAP LOG] [debug] Got data from client: {"cmd":"action","action":"find","params":{"strategy":"id","selector":"action_bar_home_logo","context":"","multiple":false}}
[debug] ?[35m[AndroidBootstrap]?[39m [BOOTSTRAP LOG] [debug] Got command of type ACTION
[debug] ?[35m[AndroidBootstrap]?[39m [BOOTSTRAP LOG] [debug] Got command action: find
[debug] ?[35m[AndroidBootstrap]?[39m [BOOTSTRAP LOG] [debug] Finding 'action_bar_home_logo' using 'ID' with the contextId: '' multiple: false
[debug] ?[35m[AndroidBootstrap]?[39m [BOOTSTRAP LOG] [debug] Using: UiSelector[INSTANCE=0, RESOURCE_ID=in.amazon.mShop.android.shopping:id/action_bar_home_logo]
[debug] ?[35m[AndroidBootstrap]?[39m [BOOTSTRAP LOG] [debug] Using: UiSelector[INSTANCE=0, RESOURCE_ID=android:id/action_bar_home_logo]
[debug] ?[35m[AndroidBootstrap]?[39m [BOOTSTRAP LOG] [debug] Using: UiSelector[INSTANCE=0, RESOURCE_ID=action_bar_home_logo]
[debug] ?[35m[AndroidBootstrap]?[39m [BOOTSTRAP LOG] [debug] Using: UiSelector[DESCRIPTION=action_bar_home_logo, INSTANCE=0]
[debug] ?[35m[AndroidBootstrap]?[39m [BOOTSTRAP LOG] [debug] Failed to locate element. Clearing Accessibility cache and retrying.
[debug] ?[35m[AndroidBootstrap]?[39m [BOOTSTRAP LOG] [debug] Finding 'action_bar_home_logo' using 'ID' with the contextId: '' multiple: false
[debug] ?[35m[AndroidBootstrap]?[39m [BOOTSTRAP LOG] [debug] Using: UiSelector[INSTANCE=0, RESOURCE_ID=in.amazon.mShop.android.shopping:id/action_bar_home_logo]
[debug] ?[35m[AndroidBootstrap]?[39m [BOOTSTRAP LOG] [debug] Using: UiSelector[INSTANCE=0, RESOURCE_ID=android:id/action_bar_home_logo]
[debug] ?[35m[AndroidBootstrap]?[39m [BOOTSTRAP LOG] [debug] Using: UiSelector[INSTANCE=0, RESOURCE_ID=action_bar_home_logo]
[debug] ?[35m[AndroidBootstrap]?[39m [BOOTSTRAP LOG] [debug] Using: UiSelector[DESCRIPTION=action_bar_home_logo, INSTANCE=0]
[debug] ?[35m[AndroidBootstrap]?[39m [BOOTSTRAP LOG] [debug] Returning result: {"status":7,"value":"No element found"}
[debug] ?[35m[AndroidBootstrap]?[39m Received command result from bootstrap
[debug] ?[35m[MJSONWP]?[39m Matched JSONWP error code 7 to NoSuchElementError
[debug] ?[35m[BaseDriver]?[39m Waited for 3882 ms so far
[debug] ?[35m[AndroidBootstrap]?[39m Sending command to android: {"cmd":"action","action":"find","params":{"strategy":"id","selector":"action_bar_home_logo","context":"","multiple":false}}
[debug] ?[35m[AndroidBootstrap]?[39m [BOOTSTRAP LOG] [debug] Got data from client: {"cmd":"action","action":"find","params":{"strategy":"id","selector":"action_bar_home_logo","context":"","multiple":false}}
[debug] ?[35m[AndroidBootstrap]?[39m [BOOTSTRAP LOG] [debug] Got command of type ACTION
[debug] ?[35m[AndroidBootstrap]?[39m [BOOTSTRAP LOG] [debug] Got command action: find
[debug] ?[35m[AndroidBootstrap]?[39m [BOOTSTRAP LOG] [debug] Finding 'action_bar_home_logo' using 'ID' with the contextId: '' multiple: false
[debug] ?[35m[AndroidBootstrap]?[39m [BOOTSTRAP LOG] [debug] Using: UiSelector[INSTANCE=0, RESOURCE_ID=in.amazon.mShop.android.shopping:id/action_bar_home_logo]
[debug] ?[35m[AndroidBootstrap]?[39m [BOOTSTRAP LOG] [debug] Returning result: {"status":0,"value":{"ELEMENT":"18"}}
[debug] ?[35m[AndroidBootstrap]?[39m Received command result from bootstrap
[debug] ?[35m[MJSONWP (1be9e058)]?[39m Responding to client with driver.findElement() result: {"ELEMENT":"18"}
?[35m[HTTP]?[39m ?[37m<-- POST /wd/hub/session/1be9e058-c74f-4599-9478-2a7c38919a9e/element ?[39m?[32m200?[39m ?[90m5072 ms - 88?[39m
?[35m[HTTP]?[39m ?[90m?[39m
?[35m[HTTP]?[39m ?[37m-->?[39m ?[37mGET?[39m ?[37m/wd/hub/session/1be9e058-c74f-4599-9478-2a7c38919a9e/element/18/displayed?[39m
?[35m[HTTP]?[39m ?[90m{}?[39m
[debug] ?[35m[MJSONWP (1be9e058)]?[39m Calling AppiumDriver.elementDisplayed() with args: ["18","1be9e058-c74f-4599-9478-2a7c38919a9e"]
[debug] ?[35m[AndroidBootstrap]?[39m Sending command to android: {"cmd":"action","action":"element:getAttribute","params":{"attribute":"displayed","elementId":"18"}}
[debug] ?[35m[AndroidBootstrap]?[39m [BOOTSTRAP LOG] [debug] Got data from client: {"cmd":"action","action":"element:getAttribute","params":{"attribute":"displayed","elementId":"18"}}
[debug] ?[35m[AndroidBootstrap]?[39m [BOOTSTRAP LOG] [debug] Got command of type ACTION
[debug] ?[35m[AndroidBootstrap]?[39m [BOOTSTRAP LOG] [debug] Got command action: getAttribute
[debug] ?[35m[AndroidBootstrap]?[39m [BOOTSTRAP LOG] [debug] Returning result: {"status":0,"value":"true"}
[debug] ?[35m[AndroidBootstrap]?[39m Received command result from bootstrap
[debug] ?[35m[MJSONWP (1be9e058)]?[39m Responding to client with driver.elementDisplayed() result: true
?[35m[HTTP]?[39m ?[37m<-- GET /wd/hub/session/1be9e058-c74f-4599-9478-2a7c38919a9e/element/18/displayed ?[39m?[32m200?[39m ?[90m627 ms - 76?[39m
?[35m[HTTP]?[39m ?[90m?[39m
Test case pass and detail are loginToAmazon
]]></system-out>
  <system-err><![CDATA[Feb 08, 2019 3:08:52 PM io.appium.java_client.remote.AppiumCommandExecutor$1 lambda$0
INFO: Detected dialect: OSS
]]></system-err>
</testsuite>
