<?xml version="1.0" encoding="UTF-8"?>
<testng-results skipped="0" failed="0" ignored="0" total="13" passed="13">
  <reporter-output>
  </reporter-output>
  <suite name="Gradle suite" duration-ms="5461" started-at="2019-02-08T08:57:54Z" finished-at="2019-02-08T08:58:00Z">
    <groups>
    </groups>
    <test name="Gradle test" duration-ms="5461" started-at="2019-02-08T08:57:54Z" finished-at="2019-02-08T08:58:00Z">
      <class name="com.amazon.androidframework.test.android.DummyTest">
        <test-method status="PASS" signature="testA()[pri:0, instance:com.amazon.androidframework.test.android.DummyTest@da9df44]" name="testA" duration-ms="0" started-at="2019-02-08T08:57:59Z" finished-at="2019-02-08T08:57:59Z">
          <reporter-output>
          </reporter-output>
        </test-method> <!-- testA -->
        <test-method status="PASS" signature="testB()[pri:0, instance:com.amazon.androidframework.test.android.DummyTest@da9df44]" name="testB" duration-ms="0" started-at="2019-02-08T08:57:59Z" finished-at="2019-02-08T08:57:59Z">
          <reporter-output>
          </reporter-output>
        </test-method> <!-- testB -->
        <test-method status="PASS" signature="testC()[pri:0, instance:com.amazon.androidframework.test.android.DummyTest@da9df44]" name="testC" duration-ms="0" started-at="2019-02-08T08:57:59Z" finished-at="2019-02-08T08:57:59Z">
          <reporter-output>
          </reporter-output>
        </test-method> <!-- testC -->
        <test-method status="PASS" signature="testD()[pri:0, instance:com.amazon.androidframework.test.android.DummyTest@da9df44]" name="testD" duration-ms="1" started-at="2019-02-08T08:57:59Z" finished-at="2019-02-08T08:57:59Z">
          <reporter-output>
          </reporter-output>
        </test-method> <!-- testD -->
        <test-method status="PASS" signature="testE()[pri:0, instance:com.amazon.androidframework.test.android.DummyTest@da9df44]" name="testE" duration-ms="0" started-at="2019-02-08T08:57:59Z" finished-at="2019-02-08T08:57:59Z">
          <reporter-output>
          </reporter-output>
        </test-method> <!-- testE -->
        <test-method status="PASS" signature="testG()[pri:0, instance:com.amazon.androidframework.test.android.DummyTest@da9df44]" name="testG" duration-ms="0" started-at="2019-02-08T08:57:59Z" finished-at="2019-02-08T08:57:59Z">
          <reporter-output>
          </reporter-output>
        </test-method> <!-- testG -->
        <test-method status="PASS" signature="testF()[pri:0, instance:com.amazon.androidframework.test.android.DummyTest@da9df44]" name="testF" duration-ms="0" started-at="2019-02-08T08:57:59Z" finished-at="2019-02-08T08:57:59Z">
          <reporter-output>
          </reporter-output>
        </test-method> <!-- testF -->
        <test-method status="PASS" signature="testH()[pri:0, instance:com.amazon.androidframework.test.android.DummyTest@da9df44]" name="testH" duration-ms="0" started-at="2019-02-08T08:57:59Z" finished-at="2019-02-08T08:57:59Z">
          <reporter-output>
          </reporter-output>
        </test-method> <!-- testH -->
        <test-method status="PASS" signature="testI()[pri:0, instance:com.amazon.androidframework.test.android.DummyTest@da9df44]" name="testI" duration-ms="1" started-at="2019-02-08T08:57:59Z" finished-at="2019-02-08T08:57:59Z">
          <reporter-output>
          </reporter-output>
        </test-method> <!-- testI -->
        <test-method status="PASS" signature="testJ()[pri:0, instance:com.amazon.androidframework.test.android.DummyTest@da9df44]" name="testJ" duration-ms="0" started-at="2019-02-08T08:57:59Z" finished-at="2019-02-08T08:57:59Z">
          <reporter-output>
          </reporter-output>
        </test-method> <!-- testJ -->
        <test-method status="PASS" signature="testK()[pri:0, instance:com.amazon.androidframework.test.android.DummyTest@da9df44]" name="testK" duration-ms="0" started-at="2019-02-08T08:57:59Z" finished-at="2019-02-08T08:57:59Z">
          <reporter-output>
          </reporter-output>
        </test-method> <!-- testK -->
        <test-method status="PASS" signature="testL()[pri:0, instance:com.amazon.androidframework.test.android.DummyTest@da9df44]" name="testL" duration-ms="0" started-at="2019-02-08T08:57:59Z" finished-at="2019-02-08T08:57:59Z">
          <reporter-output>
          </reporter-output>
        </test-method> <!-- testL -->
        <test-method status="PASS" signature="testM()[pri:0, instance:com.amazon.androidframework.test.android.DummyTest@da9df44]" name="testM" duration-ms="0" started-at="2019-02-08T08:57:59Z" finished-at="2019-02-08T08:57:59Z">
          <reporter-output>
          </reporter-output>
        </test-method> <!-- testM -->
      </class> <!-- com.amazon.androidframework.test.android.DummyTest -->
      <class name="com.amazon.androidframework.test.base.BaseTest">
        <test-method status="PASS" signature="startAppiumServer()[pri:0, instance:com.amazon.androidframework.test.base.BaseTest@84d59f0]" name="startAppiumServer" is-config="true" duration-ms="5372" started-at="2019-02-08T08:57:54Z" finished-at="2019-02-08T08:57:59Z">
          <reporter-output>
          </reporter-output>
        </test-method> <!-- startAppiumServer -->
        <test-method status="PASS" signature="tearDown()[pri:0, instance:com.amazon.androidframework.test.base.BaseTest@84d59f0]" name="tearDown" is-config="true" duration-ms="55" started-at="2019-02-08T08:57:59Z" finished-at="2019-02-08T08:58:00Z">
          <reporter-output>
          </reporter-output>
        </test-method> <!-- tearDown -->
      </class> <!-- com.amazon.androidframework.test.base.BaseTest -->
    </test> <!-- Gradle test -->
  </suite> <!-- Gradle suite -->
</testng-results>
